[nid005311:2247613] mca_base_component_repository_open: unable to open mca_btl_openib: /usr/lib64/libnl-3.so.200: version `libnl_3_5' not found (required by /global/homes/b/billert/.conda/envs/gpu_orm_minimal/lib/openmpi/.././libnl-route-3.so.200) (ignored)
[nid005311:2247678] mca_base_component_repository_open: unable to open mca_btl_openib: /usr/lib64/libnl-3.so.200: version `libnl_3_5' not found (required by /global/homes/b/billert/.conda/envs/gpu_orm_minimal/lib/openmpi/.././libnl-route-3.so.200) (ignored)
[nid005311:2247689] mca_base_component_repository_open: unable to open mca_btl_openib: /usr/lib64/libnl-3.so.200: version `libnl_3_5' not found (required by /global/homes/b/billert/.conda/envs/gpu_orm_minimal/lib/openmpi/.././libnl-route-3.so.200) (ignored)
[nid005311:2247739] mca_base_component_repository_open: unable to open mca_btl_openib: /usr/lib64/libnl-3.so.200: version `libnl_3_5' not found (required by /global/homes/b/billert/.conda/envs/gpu_orm_minimal/lib/openmpi/.././libnl-route-3.so.200) (ignored)
[nid005311:2247802] mca_base_component_repository_open: unable to open mca_btl_openib: /usr/lib64/libnl-3.so.200: version `libnl_3_5' not found (required by /global/homes/b/billert/.conda/envs/gpu_orm_minimal/lib/openmpi/.././libnl-route-3.so.200) (ignored)
[nid005311:2247676] mca_base_component_repository_open: unable to open mca_btl_openib: /usr/lib64/libnl-3.so.200: version `libnl_3_5' not found (required by /global/homes/b/billert/.conda/envs/gpu_orm_minimal/lib/openmpi/.././libnl-route-3.so.200) (ignored)
[nid005311:2247752] mca_base_component_repository_open: unable to open mca_btl_openib: /usr/lib64/libnl-3.so.200: version `libnl_3_5' not found (required by /global/homes/b/billert/.conda/envs/gpu_orm_minimal/lib/openmpi/.././libnl-route-3.so.200) (ignored)
[nid005311:2247806] mca_base_component_repository_open: unable to open mca_btl_openib: /usr/lib64/libnl-3.so.200: version `libnl_3_5' not found (required by /global/homes/b/billert/.conda/envs/gpu_orm_minimal/lib/openmpi/.././libnl-route-3.so.200) (ignored)
[nid005311:2247582] mca_base_component_repository_open: unable to open mca_btl_openib: /usr/lib64/libnl-3.so.200: version `libnl_3_5' not found (required by /global/homes/b/billert/.conda/envs/gpu_orm_minimal/lib/openmpi/.././libnl-route-3.so.200) (ignored)
[nid005311:2247775] mca_base_component_repository_open: unable to open mca_btl_openib: /usr/lib64/libnl-3.so.200: version `libnl_3_5' not found (required by /global/homes/b/billert/.conda/envs/gpu_orm_minimal/lib/openmpi/.././libnl-route-3.so.200) (ignored)
[nid005311:2247712] mca_base_component_repository_open: unable to open mca_btl_openib: /usr/lib64/libnl-3.so.200: version `libnl_3_5' not found (required by /global/homes/b/billert/.conda/envs/gpu_orm_minimal/lib/openmpi/.././libnl-route-3.so.200) (ignored)
[nid005311:2247777] mca_base_component_repository_open: unable to open mca_btl_openib: /usr/lib64/libnl-3.so.200: version `libnl_3_5' not found (required by /global/homes/b/billert/.conda/envs/gpu_orm_minimal/lib/openmpi/.././libnl-route-3.so.200) (ignored)
[nid005311:2247816] mca_base_component_repository_open: unable to open mca_btl_openib: /usr/lib64/libnl-3.so.200: version `libnl_3_5' not found (required by /global/homes/b/billert/.conda/envs/gpu_orm_minimal/lib/openmpi/.././libnl-route-3.so.200) (ignored)
[nid005311:2247750] mca_base_component_repository_open: unable to open mca_btl_openib: /usr/lib64/libnl-3.so.200: version `libnl_3_5' not found (required by /global/homes/b/billert/.conda/envs/gpu_orm_minimal/lib/openmpi/.././libnl-route-3.so.200) (ignored)
[nid005311:2247615] mca_base_component_repository_open: unable to open mca_btl_openib: /usr/lib64/libnl-3.so.200: version `libnl_3_5' not found (required by /global/homes/b/billert/.conda/envs/gpu_orm_minimal/lib/openmpi/.././libnl-route-3.so.200) (ignored)
[nid005311:2247687] mca_base_component_repository_open: unable to open mca_btl_openib: /usr/lib64/libnl-3.so.200: version `libnl_3_5' not found (required by /global/homes/b/billert/.conda/envs/gpu_orm_minimal/lib/openmpi/.././libnl-route-3.so.200) (ignored)
[nid005311:2247772] mca_base_component_repository_open: unable to open mca_btl_openib: /usr/lib64/libnl-3.so.200: version `libnl_3_5' not found (required by /global/homes/b/billert/.conda/envs/gpu_orm_minimal/lib/openmpi/.././libnl-route-3.so.200) (ignored)
[nid005311:2247740] mca_base_component_repository_open: unable to open mca_btl_openib: /usr/lib64/libnl-3.so.200: version `libnl_3_5' not found (required by /global/homes/b/billert/.conda/envs/gpu_orm_minimal/lib/openmpi/.././libnl-route-3.so.200) (ignored)
[nid005311:2247771] mca_base_component_repository_open: unable to open mca_btl_openib: /usr/lib64/libnl-3.so.200: version `libnl_3_5' not found (required by /global/homes/b/billert/.conda/envs/gpu_orm_minimal/lib/openmpi/.././libnl-route-3.so.200) (ignored)
[nid005311:2247744] mca_base_component_repository_open: unable to open mca_btl_openib: /usr/lib64/libnl-3.so.200: version `libnl_3_5' not found (required by /global/homes/b/billert/.conda/envs/gpu_orm_minimal/lib/openmpi/.././libnl-route-3.so.200) (ignored)
[nid005311:2247617] mca_base_component_repository_open: unable to open mca_btl_openib: /usr/lib64/libnl-3.so.200: version `libnl_3_5' not found (required by /global/homes/b/billert/.conda/envs/gpu_orm_minimal/lib/openmpi/.././libnl-route-3.so.200) (ignored)
[nid005311:2247805] mca_base_component_repository_open: unable to open mca_btl_openib: /usr/lib64/libnl-3.so.200: version `libnl_3_5' not found (required by /global/homes/b/billert/.conda/envs/gpu_orm_minimal/lib/openmpi/.././libnl-route-3.so.200) (ignored)
[nid005311:2247747] mca_base_component_repository_open: unable to open mca_btl_openib: /usr/lib64/libnl-3.so.200: version `libnl_3_5' not found (required by /global/homes/b/billert/.conda/envs/gpu_orm_minimal/lib/openmpi/.././libnl-route-3.so.200) (ignored)
[nid005311:2247783] mca_base_component_repository_open: unable to open mca_btl_openib: /usr/lib64/libnl-3.so.200: version `libnl_3_5' not found (required by /global/homes/b/billert/.conda/envs/gpu_orm_minimal/lib/openmpi/.././libnl-route-3.so.200) (ignored)
[nid005311:2247743] mca_base_component_repository_open: unable to open mca_btl_openib: /usr/lib64/libnl-3.so.200: version `libnl_3_5' not found (required by /global/homes/b/billert/.conda/envs/gpu_orm_minimal/lib/openmpi/.././libnl-route-3.so.200) (ignored)
[nid005311:2247643] mca_base_component_repository_open: unable to open mca_btl_openib: /usr/lib64/libnl-3.so.200: version `libnl_3_5' not found (required by /global/homes/b/billert/.conda/envs/gpu_orm_minimal/lib/openmpi/.././libnl-route-3.so.200) (ignored)
[nid005311:2247680] mca_base_component_repository_open: unable to open mca_btl_openib: /usr/lib64/libnl-3.so.200: version `libnl_3_5' not found (required by /global/homes/b/billert/.conda/envs/gpu_orm_minimal/lib/openmpi/.././libnl-route-3.so.200) (ignored)
[nid005311:2247808] mca_base_component_repository_open: unable to open mca_btl_openib: /usr/lib64/libnl-3.so.200: version `libnl_3_5' not found (required by /global/homes/b/billert/.conda/envs/gpu_orm_minimal/lib/openmpi/.././libnl-route-3.so.200) (ignored)
[nid005311:2247675] mca_base_component_repository_open: unable to open mca_btl_openib: /usr/lib64/libnl-3.so.200: version `libnl_3_5' not found (required by /global/homes/b/billert/.conda/envs/gpu_orm_minimal/lib/openmpi/.././libnl-route-3.so.200) (ignored)
[nid005311:2247648] mca_base_component_repository_open: unable to open mca_btl_openib: /usr/lib64/libnl-3.so.200: version `libnl_3_5' not found (required by /global/homes/b/billert/.conda/envs/gpu_orm_minimal/lib/openmpi/.././libnl-route-3.so.200) (ignored)
[nid005311:2247707] mca_base_component_repository_open: unable to open mca_btl_openib: /usr/lib64/libnl-3.so.200: version `libnl_3_5' not found (required by /global/homes/b/billert/.conda/envs/gpu_orm_minimal/lib/openmpi/.././libnl-route-3.so.200) (ignored)
[nid005311:2247718] mca_base_component_repository_open: unable to open mca_btl_openib: /usr/lib64/libnl-3.so.200: version `libnl_3_5' not found (required by /global/homes/b/billert/.conda/envs/gpu_orm_minimal/lib/openmpi/.././libnl-route-3.so.200) (ignored)
[nid005311:2247710] mca_base_component_repository_open: unable to open mca_btl_openib: /usr/lib64/libnl-3.so.200: version `libnl_3_5' not found (required by /global/homes/b/billert/.conda/envs/gpu_orm_minimal/lib/openmpi/.././libnl-route-3.so.200) (ignored)
[nid005311:2247708] mca_base_component_repository_open: unable to open mca_btl_openib: /usr/lib64/libnl-3.so.200: version `libnl_3_5' not found (required by /global/homes/b/billert/.conda/envs/gpu_orm_minimal/lib/openmpi/.././libnl-route-3.so.200) (ignored)
[nid005311:2247592] mca_base_component_repository_open: unable to open mca_btl_openib: /usr/lib64/libnl-3.so.200: version `libnl_3_5' not found (required by /global/homes/b/billert/.conda/envs/gpu_orm_minimal/lib/openmpi/.././libnl-route-3.so.200) (ignored)
[nid005311:2247625] mca_base_component_repository_open: unable to open mca_btl_openib: /usr/lib64/libnl-3.so.200: version `libnl_3_5' not found (required by /global/homes/b/billert/.conda/envs/gpu_orm_minimal/lib/openmpi/.././libnl-route-3.so.200) (ignored)
[nid005311:2247623] mca_base_component_repository_open: unable to open mca_btl_openib: /usr/lib64/libnl-3.so.200: version `libnl_3_5' not found (required by /global/homes/b/billert/.conda/envs/gpu_orm_minimal/lib/openmpi/.././libnl-route-3.so.200) (ignored)
[nid005311:2247813] mca_base_component_repository_open: unable to open mca_btl_openib: /usr/lib64/libnl-3.so.200: version `libnl_3_5' not found (required by /global/homes/b/billert/.conda/envs/gpu_orm_minimal/lib/openmpi/.././libnl-route-3.so.200) (ignored)
[nid005311:2247591] mca_base_component_repository_open: unable to open mca_btl_openib: /usr/lib64/libnl-3.so.200: version `libnl_3_5' not found (required by /global/homes/b/billert/.conda/envs/gpu_orm_minimal/lib/openmpi/.././libnl-route-3.so.200) (ignored)
[nid005311:2247580] mca_base_component_repository_open: unable to open mca_btl_openib: /usr/lib64/libnl-3.so.200: version `libnl_3_5' not found (required by /global/homes/b/billert/.conda/envs/gpu_orm_minimal/lib/openmpi/.././libnl-route-3.so.200) (ignored)
[nid005311:2247644] mca_base_component_repository_open: unable to open mca_btl_openib: /usr/lib64/libnl-3.so.200: version `libnl_3_5' not found (required by /global/homes/b/billert/.conda/envs/gpu_orm_minimal/lib/openmpi/.././libnl-route-3.so.200) (ignored)
[nid005311:2247684] mca_base_component_repository_open: unable to open mca_btl_openib: /usr/lib64/libnl-3.so.200: version `libnl_3_5' not found (required by /global/homes/b/billert/.conda/envs/gpu_orm_minimal/lib/openmpi/.././libnl-route-3.so.200) (ignored)
[nid005311:2247780] mca_base_component_repository_open: unable to open mca_btl_openib: /usr/lib64/libnl-3.so.200: version `libnl_3_5' not found (required by /global/homes/b/billert/.conda/envs/gpu_orm_minimal/lib/openmpi/.././libnl-route-3.so.200) (ignored)
[nid005311:2247647] mca_base_component_repository_open: unable to open mca_btl_openib: /usr/lib64/libnl-3.so.200: version `libnl_3_5' not found (required by /global/homes/b/billert/.conda/envs/gpu_orm_minimal/lib/openmpi/.././libnl-route-3.so.200) (ignored)
[nid005311:2247720] mca_base_component_repository_open: unable to open mca_btl_openib: /usr/lib64/libnl-3.so.200: version `libnl_3_5' not found (required by /global/homes/b/billert/.conda/envs/gpu_orm_minimal/lib/openmpi/.././libnl-route-3.so.200) (ignored)
[nid005311:2247585] mca_base_component_repository_open: unable to open mca_btl_openib: /usr/lib64/libnl-3.so.200: version `libnl_3_5' not found (required by /global/homes/b/billert/.conda/envs/gpu_orm_minimal/lib/openmpi/.././libnl-route-3.so.200) (ignored)
[nid005311:2247611] mca_base_component_repository_open: unable to open mca_btl_openib: /usr/lib64/libnl-3.so.200: version `libnl_3_5' not found (required by /global/homes/b/billert/.conda/envs/gpu_orm_minimal/lib/openmpi/.././libnl-route-3.so.200) (ignored)
[nid005311:2247815] mca_base_component_repository_open: unable to open mca_btl_openib: /usr/lib64/libnl-3.so.200: version `libnl_3_5' not found (required by /global/homes/b/billert/.conda/envs/gpu_orm_minimal/lib/openmpi/.././libnl-route-3.so.200) (ignored)
[nid005311:2247657] mca_base_component_repository_open: unable to open mca_btl_openib: /usr/lib64/libnl-3.so.200: version `libnl_3_5' not found (required by /global/homes/b/billert/.conda/envs/gpu_orm_minimal/lib/openmpi/.././libnl-route-3.so.200) (ignored)
[nid005311:2247682] mca_base_component_repository_open: unable to open mca_btl_openib: /usr/lib64/libnl-3.so.200: version `libnl_3_5' not found (required by /global/homes/b/billert/.conda/envs/gpu_orm_minimal/lib/openmpi/.././libnl-route-3.so.200) (ignored)
[nid005311:2247784] mca_base_component_repository_open: unable to open mca_btl_openib: /usr/lib64/libnl-3.so.200: version `libnl_3_5' not found (required by /global/homes/b/billert/.conda/envs/gpu_orm_minimal/lib/openmpi/.././libnl-route-3.so.200) (ignored)
[nid005311:2247655] mca_base_component_repository_open: unable to open mca_btl_openib: /usr/lib64/libnl-3.so.200: version `libnl_3_5' not found (required by /global/homes/b/billert/.conda/envs/gpu_orm_minimal/lib/openmpi/.././libnl-route-3.so.200) (ignored)
[nid005311:2247810] mca_base_component_repository_open: unable to open mca_btl_openib: /usr/lib64/libnl-3.so.200: version `libnl_3_5' not found (required by /global/homes/b/billert/.conda/envs/gpu_orm_minimal/lib/openmpi/.././libnl-route-3.so.200) (ignored)
[nid005311:2247588] mca_base_component_repository_open: unable to open mca_btl_openib: /usr/lib64/libnl-3.so.200: version `libnl_3_5' not found (required by /global/homes/b/billert/.conda/envs/gpu_orm_minimal/lib/openmpi/.././libnl-route-3.so.200) (ignored)
[nid005311:2247619] mca_base_component_repository_open: unable to open mca_btl_openib: /usr/lib64/libnl-3.so.200: version `libnl_3_5' not found (required by /global/homes/b/billert/.conda/envs/gpu_orm_minimal/lib/openmpi/.././libnl-route-3.so.200) (ignored)
[nid005311:2247778] mca_base_component_repository_open: unable to open mca_btl_openib: /usr/lib64/libnl-3.so.200: version `libnl_3_5' not found (required by /global/homes/b/billert/.conda/envs/gpu_orm_minimal/lib/openmpi/.././libnl-route-3.so.200) (ignored)
[nid005311:2247749] mca_base_component_repository_open: unable to open mca_btl_openib: /usr/lib64/libnl-3.so.200: version `libnl_3_5' not found (required by /global/homes/b/billert/.conda/envs/gpu_orm_minimal/lib/openmpi/.././libnl-route-3.so.200) (ignored)
[nid005311:2247579] mca_base_component_repository_open: unable to open mca_btl_openib: /usr/lib64/libnl-3.so.200: version `libnl_3_5' not found (required by /global/homes/b/billert/.conda/envs/gpu_orm_minimal/lib/openmpi/.././libnl-route-3.so.200) (ignored)
[nid005311:2247714] mca_base_component_repository_open: unable to open mca_btl_openib: /usr/lib64/libnl-3.so.200: version `libnl_3_5' not found (required by /global/homes/b/billert/.conda/envs/gpu_orm_minimal/lib/openmpi/.././libnl-route-3.so.200) (ignored)
[nid005311:2247621] mca_base_component_repository_open: unable to open mca_btl_openib: /usr/lib64/libnl-3.so.200: version `libnl_3_5' not found (required by /global/homes/b/billert/.conda/envs/gpu_orm_minimal/lib/openmpi/.././libnl-route-3.so.200) (ignored)
[nid005311:2247586] mca_base_component_repository_open: unable to open mca_btl_openib: /usr/lib64/libnl-3.so.200: version `libnl_3_5' not found (required by /global/homes/b/billert/.conda/envs/gpu_orm_minimal/lib/openmpi/.././libnl-route-3.so.200) (ignored)
[nid005311:2247652] mca_base_component_repository_open: unable to open mca_btl_openib: /usr/lib64/libnl-3.so.200: version `libnl_3_5' not found (required by /global/homes/b/billert/.conda/envs/gpu_orm_minimal/lib/openmpi/.././libnl-route-3.so.200) (ignored)
[nid005311:2247717] mca_base_component_repository_open: unable to open mca_btl_openib: /usr/lib64/libnl-3.so.200: version `libnl_3_5' not found (required by /global/homes/b/billert/.conda/envs/gpu_orm_minimal/lib/openmpi/.././libnl-route-3.so.200) (ignored)
[nid005311:2247764] mca_base_component_repository_open: unable to open mca_btl_openib: /usr/lib64/libnl-3.so.200: version `libnl_3_5' not found (required by /global/homes/b/billert/.conda/envs/gpu_orm_minimal/lib/openmpi/.././libnl-route-3.so.200) (ignored)
[nid005311:2247762] mca_base_component_repository_open: unable to open mca_btl_openib: /usr/lib64/libnl-3.so.200: version `libnl_3_5' not found (required by /global/homes/b/billert/.conda/envs/gpu_orm_minimal/lib/openmpi/.././libnl-route-3.so.200) (ignored)
[nid005311:2247651] mca_base_component_repository_open: unable to open mca_btl_openib: /usr/lib64/libnl-3.so.200: version `libnl_3_5' not found (required by /global/homes/b/billert/.conda/envs/gpu_orm_minimal/lib/openmpi/.././libnl-route-3.so.200) (ignored)
[nid005311:2247829] mca_base_component_repository_open: unable to open mca_btl_openib: /usr/lib64/libnl-3.so.200: version `libnl_3_5' not found (required by /global/homes/b/billert/.conda/envs/gpu_orm_minimal/lib/openmpi/.././libnl-route-3.so.200) (ignored)
[nid005311:2247827] mca_base_component_repository_open: unable to open mca_btl_openib: /usr/lib64/libnl-3.so.200: version `libnl_3_5' not found (required by /global/homes/b/billert/.conda/envs/gpu_orm_minimal/lib/openmpi/.././libnl-route-3.so.200) (ignored)
[nid005311:2247796] mca_base_component_repository_open: unable to open mca_btl_openib: /usr/lib64/libnl-3.so.200: version `libnl_3_5' not found (required by /global/homes/b/billert/.conda/envs/gpu_orm_minimal/lib/openmpi/.././libnl-route-3.so.200) (ignored)
[nid005311:2247701] mca_base_component_repository_open: unable to open mca_btl_openib: /usr/lib64/libnl-3.so.200: version `libnl_3_5' not found (required by /global/homes/b/billert/.conda/envs/gpu_orm_minimal/lib/openmpi/.././libnl-route-3.so.200) (ignored)
[nid005311:2247641] mca_base_component_repository_open: unable to open mca_btl_openib: /usr/lib64/libnl-3.so.200: version `libnl_3_5' not found (required by /global/homes/b/billert/.conda/envs/gpu_orm_minimal/lib/openmpi/.././libnl-route-3.so.200) (ignored)
[nid005311:2247754] mca_base_component_repository_open: unable to open mca_btl_openib: /usr/lib64/libnl-3.so.200: version `libnl_3_5' not found (required by /global/homes/b/billert/.conda/envs/gpu_orm_minimal/lib/openmpi/.././libnl-route-3.so.200) (ignored)
[nid005311:2247635] mca_base_component_repository_open: unable to open mca_btl_openib: /usr/lib64/libnl-3.so.200: version `libnl_3_5' not found (required by /global/homes/b/billert/.conda/envs/gpu_orm_minimal/lib/openmpi/.././libnl-route-3.so.200) (ignored)
[nid005311:2247631] mca_base_component_repository_open: unable to open mca_btl_openib: /usr/lib64/libnl-3.so.200: version `libnl_3_5' not found (required by /global/homes/b/billert/.conda/envs/gpu_orm_minimal/lib/openmpi/.././libnl-route-3.so.200) (ignored)
[nid005311:2247725] mca_base_component_repository_open: unable to open mca_btl_openib: /usr/lib64/libnl-3.so.200: version `libnl_3_5' not found (required by /global/homes/b/billert/.conda/envs/gpu_orm_minimal/lib/openmpi/.././libnl-route-3.so.200) (ignored)
[nid005311:2247673] mca_base_component_repository_open: unable to open mca_btl_openib: /usr/lib64/libnl-3.so.200: version `libnl_3_5' not found (required by /global/homes/b/billert/.conda/envs/gpu_orm_minimal/lib/openmpi/.././libnl-route-3.so.200) (ignored)
[nid005311:2247695] mca_base_component_repository_open: unable to open mca_btl_openib: /usr/lib64/libnl-3.so.200: version `libnl_3_5' not found (required by /global/homes/b/billert/.conda/envs/gpu_orm_minimal/lib/openmpi/.././libnl-route-3.so.200) (ignored)
[nid005311:2247830] mca_base_component_repository_open: unable to open mca_btl_openib: /usr/lib64/libnl-3.so.200: version `libnl_3_5' not found (required by /global/homes/b/billert/.conda/envs/gpu_orm_minimal/lib/openmpi/.././libnl-route-3.so.200) (ignored)
[nid005311:2247833] mca_base_component_repository_open: unable to open mca_btl_openib: /usr/lib64/libnl-3.so.200: version `libnl_3_5' not found (required by /global/homes/b/billert/.conda/envs/gpu_orm_minimal/lib/openmpi/.././libnl-route-3.so.200) (ignored)
[nid005311:2247791] mca_base_component_repository_open: unable to open mca_btl_openib: /usr/lib64/libnl-3.so.200: version `libnl_3_5' not found (required by /global/homes/b/billert/.conda/envs/gpu_orm_minimal/lib/openmpi/.././libnl-route-3.so.200) (ignored)
[nid005311:2247788] mca_base_component_repository_open: unable to open mca_btl_openib: /usr/lib64/libnl-3.so.200: version `libnl_3_5' not found (required by /global/homes/b/billert/.conda/envs/gpu_orm_minimal/lib/openmpi/.././libnl-route-3.so.200) (ignored)
[nid005311:2247705] mca_base_component_repository_open: unable to open mca_btl_openib: /usr/lib64/libnl-3.so.200: version `libnl_3_5' not found (required by /global/homes/b/billert/.conda/envs/gpu_orm_minimal/lib/openmpi/.././libnl-route-3.so.200) (ignored)
[nid005311:2247668] mca_base_component_repository_open: unable to open mca_btl_openib: /usr/lib64/libnl-3.so.200: version `libnl_3_5' not found (required by /global/homes/b/billert/.conda/envs/gpu_orm_minimal/lib/openmpi/.././libnl-route-3.so.200) (ignored)
[nid005311:2247732] mca_base_component_repository_open: unable to open mca_btl_openib: /usr/lib64/libnl-3.so.200: version `libnl_3_5' not found (required by /global/homes/b/billert/.conda/envs/gpu_orm_minimal/lib/openmpi/.././libnl-route-3.so.200) (ignored)
[nid005311:2247639] mca_base_component_repository_open: unable to open mca_btl_openib: /usr/lib64/libnl-3.so.200: version `libnl_3_5' not found (required by /global/homes/b/billert/.conda/envs/gpu_orm_minimal/lib/openmpi/.././libnl-route-3.so.200) (ignored)
[nid005311:2247660] mca_base_component_repository_open: unable to open mca_btl_openib: /usr/lib64/libnl-3.so.200: version `libnl_3_5' not found (required by /global/homes/b/billert/.conda/envs/gpu_orm_minimal/lib/openmpi/.././libnl-route-3.so.200) (ignored)
[nid005311:2247766] mca_base_component_repository_open: unable to open mca_btl_openib: /usr/lib64/libnl-3.so.200: version `libnl_3_5' not found (required by /global/homes/b/billert/.conda/envs/gpu_orm_minimal/lib/openmpi/.././libnl-route-3.so.200) (ignored)
[nid005311:2247637] mca_base_component_repository_open: unable to open mca_btl_openib: /usr/lib64/libnl-3.so.200: version `libnl_3_5' not found (required by /global/homes/b/billert/.conda/envs/gpu_orm_minimal/lib/openmpi/.././libnl-route-3.so.200) (ignored)
[nid005311:2247730] mca_base_component_repository_open: unable to open mca_btl_openib: /usr/lib64/libnl-3.so.200: version `libnl_3_5' not found (required by /global/homes/b/billert/.conda/envs/gpu_orm_minimal/lib/openmpi/.././libnl-route-3.so.200) (ignored)
[nid005311:2247800] mca_base_component_repository_open: unable to open mca_btl_openib: /usr/lib64/libnl-3.so.200: version `libnl_3_5' not found (required by /global/homes/b/billert/.conda/envs/gpu_orm_minimal/lib/openmpi/.././libnl-route-3.so.200) (ignored)
[nid005311:2247670] mca_base_component_repository_open: unable to open mca_btl_openib: /usr/lib64/libnl-3.so.200: version `libnl_3_5' not found (required by /global/homes/b/billert/.conda/envs/gpu_orm_minimal/lib/openmpi/.././libnl-route-3.so.200) (ignored)
[nid005311:2247603] mca_base_component_repository_open: unable to open mca_btl_openib: /usr/lib64/libnl-3.so.200: version `libnl_3_5' not found (required by /global/homes/b/billert/.conda/envs/gpu_orm_minimal/lib/openmpi/.././libnl-route-3.so.200) (ignored)
[nid005311:2247596] mca_base_component_repository_open: unable to open mca_btl_openib: /usr/lib64/libnl-3.so.200: version `libnl_3_5' not found (required by /global/homes/b/billert/.conda/envs/gpu_orm_minimal/lib/openmpi/.././libnl-route-3.so.200) (ignored)
[nid005311:2247698] mca_base_component_repository_open: unable to open mca_btl_openib: /usr/lib64/libnl-3.so.200: version `libnl_3_5' not found (required by /global/homes/b/billert/.conda/envs/gpu_orm_minimal/lib/openmpi/.././libnl-route-3.so.200) (ignored)
[nid005311:2247726] mca_base_component_repository_open: unable to open mca_btl_openib: /usr/lib64/libnl-3.so.200: version `libnl_3_5' not found (required by /global/homes/b/billert/.conda/envs/gpu_orm_minimal/lib/openmpi/.././libnl-route-3.so.200) (ignored)
[nid005311:2247769] mca_base_component_repository_open: unable to open mca_btl_openib: /usr/lib64/libnl-3.so.200: version `libnl_3_5' not found (required by /global/homes/b/billert/.conda/envs/gpu_orm_minimal/lib/openmpi/.././libnl-route-3.so.200) (ignored)
[nid005311:2247629] mca_base_component_repository_open: unable to open mca_btl_openib: /usr/lib64/libnl-3.so.200: version `libnl_3_5' not found (required by /global/homes/b/billert/.conda/envs/gpu_orm_minimal/lib/openmpi/.././libnl-route-3.so.200) (ignored)
[nid005311:2247703] mca_base_component_repository_open: unable to open mca_btl_openib: /usr/lib64/libnl-3.so.200: version `libnl_3_5' not found (required by /global/homes/b/billert/.conda/envs/gpu_orm_minimal/lib/openmpi/.././libnl-route-3.so.200) (ignored)
[nid005311:2247736] mca_base_component_repository_open: unable to open mca_btl_openib: /usr/lib64/libnl-3.so.200: version `libnl_3_5' not found (required by /global/homes/b/billert/.conda/envs/gpu_orm_minimal/lib/openmpi/.././libnl-route-3.so.200) (ignored)
[nid005311:2247756] mca_base_component_repository_open: unable to open mca_btl_openib: /usr/lib64/libnl-3.so.200: version `libnl_3_5' not found (required by /global/homes/b/billert/.conda/envs/gpu_orm_minimal/lib/openmpi/.././libnl-route-3.so.200) (ignored)
[nid005311:2247627] mca_base_component_repository_open: unable to open mca_btl_openib: /usr/lib64/libnl-3.so.200: version `libnl_3_5' not found (required by /global/homes/b/billert/.conda/envs/gpu_orm_minimal/lib/openmpi/.././libnl-route-3.so.200) (ignored)
[nid005311:2247594] mca_base_component_repository_open: unable to open mca_btl_openib: /usr/lib64/libnl-3.so.200: version `libnl_3_5' not found (required by /global/homes/b/billert/.conda/envs/gpu_orm_minimal/lib/openmpi/.././libnl-route-3.so.200) (ignored)
[nid005311:2247604] mca_base_component_repository_open: unable to open mca_btl_openib: /usr/lib64/libnl-3.so.200: version `libnl_3_5' not found (required by /global/homes/b/billert/.conda/envs/gpu_orm_minimal/lib/openmpi/.././libnl-route-3.so.200) (ignored)
[nid005311:2247663] mca_base_component_repository_open: unable to open mca_btl_openib: /usr/lib64/libnl-3.so.200: version `libnl_3_5' not found (required by /global/homes/b/billert/.conda/envs/gpu_orm_minimal/lib/openmpi/.././libnl-route-3.so.200) (ignored)
[nid005311:2247693] mca_base_component_repository_open: unable to open mca_btl_openib: /usr/lib64/libnl-3.so.200: version `libnl_3_5' not found (required by /global/homes/b/billert/.conda/envs/gpu_orm_minimal/lib/openmpi/.././libnl-route-3.so.200) (ignored)
[nid005311:2247659] mca_base_component_repository_open: unable to open mca_btl_openib: /usr/lib64/libnl-3.so.200: version `libnl_3_5' not found (required by /global/homes/b/billert/.conda/envs/gpu_orm_minimal/lib/openmpi/.././libnl-route-3.so.200) (ignored)
[nid005311:2247722] mca_base_component_repository_open: unable to open mca_btl_openib: /usr/lib64/libnl-3.so.200: version `libnl_3_5' not found (required by /global/homes/b/billert/.conda/envs/gpu_orm_minimal/lib/openmpi/.././libnl-route-3.so.200) (ignored)
[nid005311:2247822] mca_base_component_repository_open: unable to open mca_btl_openib: /usr/lib64/libnl-3.so.200: version `libnl_3_5' not found (required by /global/homes/b/billert/.conda/envs/gpu_orm_minimal/lib/openmpi/.././libnl-route-3.so.200) (ignored)
[nid005311:2247795] mca_base_component_repository_open: unable to open mca_btl_openib: /usr/lib64/libnl-3.so.200: version `libnl_3_5' not found (required by /global/homes/b/billert/.conda/envs/gpu_orm_minimal/lib/openmpi/.././libnl-route-3.so.200) (ignored)
[nid005311:2247758] mca_base_component_repository_open: unable to open mca_btl_openib: /usr/lib64/libnl-3.so.200: version `libnl_3_5' not found (required by /global/homes/b/billert/.conda/envs/gpu_orm_minimal/lib/openmpi/.././libnl-route-3.so.200) (ignored)
[nid005311:2247667] mca_base_component_repository_open: unable to open mca_btl_openib: /usr/lib64/libnl-3.so.200: version `libnl_3_5' not found (required by /global/homes/b/billert/.conda/envs/gpu_orm_minimal/lib/openmpi/.././libnl-route-3.so.200) (ignored)
[nid005311:2247632] mca_base_component_repository_open: unable to open mca_btl_openib: /usr/lib64/libnl-3.so.200: version `libnl_3_5' not found (required by /global/homes/b/billert/.conda/envs/gpu_orm_minimal/lib/openmpi/.././libnl-route-3.so.200) (ignored)
[nid005311:2247798] mca_base_component_repository_open: unable to open mca_btl_openib: /usr/lib64/libnl-3.so.200: version `libnl_3_5' not found (required by /global/homes/b/billert/.conda/envs/gpu_orm_minimal/lib/openmpi/.././libnl-route-3.so.200) (ignored)
[nid005311:2247607] mca_base_component_repository_open: unable to open mca_btl_openib: /usr/lib64/libnl-3.so.200: version `libnl_3_5' not found (required by /global/homes/b/billert/.conda/envs/gpu_orm_minimal/lib/openmpi/.././libnl-route-3.so.200) (ignored)
[nid005311:2247608] mca_base_component_repository_open: unable to open mca_btl_openib: /usr/lib64/libnl-3.so.200: version `libnl_3_5' not found (required by /global/homes/b/billert/.conda/envs/gpu_orm_minimal/lib/openmpi/.././libnl-route-3.so.200) (ignored)
[nid005311:2247734] mca_base_component_repository_open: unable to open mca_btl_openib: /usr/lib64/libnl-3.so.200: version `libnl_3_5' not found (required by /global/homes/b/billert/.conda/envs/gpu_orm_minimal/lib/openmpi/.././libnl-route-3.so.200) (ignored)
[nid005311:2247786] mca_base_component_repository_open: unable to open mca_btl_openib: /usr/lib64/libnl-3.so.200: version `libnl_3_5' not found (required by /global/homes/b/billert/.conda/envs/gpu_orm_minimal/lib/openmpi/.././libnl-route-3.so.200) (ignored)
[nid005311:2247691] mca_base_component_repository_open: unable to open mca_btl_openib: /usr/lib64/libnl-3.so.200: version `libnl_3_5' not found (required by /global/homes/b/billert/.conda/envs/gpu_orm_minimal/lib/openmpi/.././libnl-route-3.so.200) (ignored)
[nid005311:2247819] mca_base_component_repository_open: unable to open mca_btl_openib: /usr/lib64/libnl-3.so.200: version `libnl_3_5' not found (required by /global/homes/b/billert/.conda/envs/gpu_orm_minimal/lib/openmpi/.././libnl-route-3.so.200) (ignored)
[nid005311:2247599] mca_base_component_repository_open: unable to open mca_btl_openib: /usr/lib64/libnl-3.so.200: version `libnl_3_5' not found (required by /global/homes/b/billert/.conda/envs/gpu_orm_minimal/lib/openmpi/.././libnl-route-3.so.200) (ignored)
[nid005311:2247665] mca_base_component_repository_open: unable to open mca_btl_openib: /usr/lib64/libnl-3.so.200: version `libnl_3_5' not found (required by /global/homes/b/billert/.conda/envs/gpu_orm_minimal/lib/openmpi/.././libnl-route-3.so.200) (ignored)
[nid005311:2247793] mca_base_component_repository_open: unable to open mca_btl_openib: /usr/lib64/libnl-3.so.200: version `libnl_3_5' not found (required by /global/homes/b/billert/.conda/envs/gpu_orm_minimal/lib/openmpi/.././libnl-route-3.so.200) (ignored)
[nid005311:2247600] mca_base_component_repository_open: unable to open mca_btl_openib: /usr/lib64/libnl-3.so.200: version `libnl_3_5' not found (required by /global/homes/b/billert/.conda/envs/gpu_orm_minimal/lib/openmpi/.././libnl-route-3.so.200) (ignored)
[nid005311:2247824] mca_base_component_repository_open: unable to open mca_btl_openib: /usr/lib64/libnl-3.so.200: version `libnl_3_5' not found (required by /global/homes/b/billert/.conda/envs/gpu_orm_minimal/lib/openmpi/.././libnl-route-3.so.200) (ignored)
[nid005311:2247696] mca_base_component_repository_open: unable to open mca_btl_openib: /usr/lib64/libnl-3.so.200: version `libnl_3_5' not found (required by /global/homes/b/billert/.conda/envs/gpu_orm_minimal/lib/openmpi/.././libnl-route-3.so.200) (ignored)
[nid005311:2247729] mca_base_component_repository_open: unable to open mca_btl_openib: /usr/lib64/libnl-3.so.200: version `libnl_3_5' not found (required by /global/homes/b/billert/.conda/envs/gpu_orm_minimal/lib/openmpi/.././libnl-route-3.so.200) (ignored)
[nid005311:2247821] mca_base_component_repository_open: unable to open mca_btl_openib: /usr/lib64/libnl-3.so.200: version `libnl_3_5' not found (required by /global/homes/b/billert/.conda/envs/gpu_orm_minimal/lib/openmpi/.././libnl-route-3.so.200) (ignored)
[nid005311:2247761] mca_base_component_repository_open: unable to open mca_btl_openib: /usr/lib64/libnl-3.so.200: version `libnl_3_5' not found (required by /global/homes/b/billert/.conda/envs/gpu_orm_minimal/lib/openmpi/.././libnl-route-3.so.200) (ignored)
mode multiplier:  0.0
mode multiplier:  0.0
mode multiplier:  0.0
mode multiplier:  0.0
mode multiplier:  0.0
mode multiplier:  0.0
mode multiplier:  0.0
mode multiplier:  0.0
mode multiplier:  0.0
mode multiplier:  0.0
mode multiplier:  0.0
mode multiplier:  0.0
mode multiplier:  0.0
mode multiplier:  0.0
mode multiplier:  0.0
mode multiplier:  0.0
mode multiplier:  0.0
mode multiplier:  0.0
mode multiplier:  0.0
mode multiplier:  0.0
mode multiplier:  0.0
mode multiplier:  0.0
mode multiplier:  0.0
mode multiplier:  0.0
mode multiplier:  0.0
mode multiplier:  0.0
mode multiplier:  0.0
mode multiplier:  0.0
mode multiplier:  0.0
mode multiplier:  0.0
mode multiplier:  0.0
mode multiplier:  0.0
mode multiplier:  0.0
mode multiplier:  0.0
mode multiplier:  0.0
mode multiplier:  0.0
mode multiplier:  0.0
mode multiplier:  0.0
mode multiplier:  0.0
mode multiplier:  0.0
mode multiplier:  0.0
mode multiplier:  0.0
mode multiplier:  0.0
mode multiplier:  0.0
mode multiplier:  0.0
mode multiplier:  0.0
mode multiplier:  0.0
mode multiplier:  0.0
mode multiplier:  0.0
mode multiplier:  0.0
mode multiplier:  0.0
mode multiplier:  0.0
mode multiplier:  0.0
mode multiplier:  0.0
mode multiplier:  0.0
mode multiplier:  0.0
mode multiplier:  0.0
mode multiplier:  0.0
mode multiplier:  0.0
mode multiplier:  0.0
mode multiplier:  0.0
mode multiplier:  0.0
mode multiplier:  0.0
mode multiplier:  0.0
mode multiplier:  0.0
mode multiplier:  0.0
mode multiplier:  0.0
mode multiplier:  0.0
mode multiplier:  0.0
Interpolating fields...
mode multiplier:  0.0
mode multiplier:  0.0
mode multiplier:  0.0
mode multiplier:  0.0
mode multiplier:  0.0
mode multiplier:  0.0
mode multiplier:  0.0
mode multiplier:  0.0
mode multiplier:  0.0
mode multiplier:  0.0
mode multiplier:  0.0
mode multiplier:  0.0
mode multiplier:  0.0
mode multiplier:  0.0
mode multiplier:  0.0
mode multiplier:  0.0
mode multiplier:  0.0
mode multiplier:  0.0
mode multiplier:  0.0
mode multiplier:  0.0
mode multiplier:  0.0
mode multiplier:  0.0
mode multiplier:  0.0
mode multiplier:  0.0
mode multiplier:  0.0
mode multiplier:  0.0
mode multiplier:  0.0
mode multiplier:  0.0
mode multiplier:  0.0
mode multiplier:  0.0
mode multiplier:  0.0
mode multiplier:  0.0
mode multiplier:  0.0
mode multiplier:  0.0
mode multiplier:  0.0
mode multiplier:  0.0
mode multiplier:  0.0
mode multiplier:  0.0
mode multiplier:  0.0
mode multiplier:  0.0
mode multiplier:  0.0
mode multiplier:  0.0
mode multiplier:  0.0
mode multiplier:  0.0
mode multiplier:  0.0
mode multiplier:  0.0
mode multiplier:  0.0
mode multiplier:  0.0
mode multiplier:  0.0
mode multiplier:  0.0
mode multiplier:  0.0
mode multiplier:  0.0
mode multiplier:  0.0
mode multiplier:  0.0
mode multiplier:  0.0
mode multiplier:  0.0
mode multiplier:  0.0
mode multiplier:  0.0
mode multiplier:  0.0
slurmstepd: error: Detected 1 oom_kill event in StepId=39050967.0. Some of the step tasks have been OOM Killed.
srun: error: nid005311: task 93: Out Of Memory
srun: Terminating StepId=39050967.0
slurmstepd: error:  mpi/pmix_v4: _errhandler: nid005311 [0]: pmixp_client_v2.c:212: Error handler invoked: status = -61, source = [slurm.pmix.39050967.0:93]
srun: Job step aborted: Waiting up to 32 seconds for job step to finish.
slurmstepd: error: *** STEP 39050967.0 ON nid005311 CANCELLED AT 2025-05-27T22:43:29 ***
