[nid004889:1221303] mca_base_component_repository_open: unable to open mca_btl_openib: /usr/lib64/libnl-3.so.200: version `libnl_3_5' not found (required by /global/homes/b/billert/.conda/envs/gpu_orm_minimal/lib/openmpi/.././libnl-route-3.so.200) (ignored)
[nid004889:1221109] mca_base_component_repository_open: unable to open mca_btl_openib: /usr/lib64/libnl-3.so.200: version `libnl_3_5' not found (required by /global/homes/b/billert/.conda/envs/gpu_orm_minimal/lib/openmpi/.././libnl-route-3.so.200) (ignored)
[nid004889:1221141] mca_base_component_repository_open: unable to open mca_btl_openib: /usr/lib64/libnl-3.so.200: version `libnl_3_5' not found (required by /global/homes/b/billert/.conda/envs/gpu_orm_minimal/lib/openmpi/.././libnl-route-3.so.200) (ignored)
[nid004889:1221341] mca_base_component_repository_open: unable to open mca_btl_openib: /usr/lib64/libnl-3.so.200: version `libnl_3_5' not found (required by /global/homes/b/billert/.conda/envs/gpu_orm_minimal/lib/openmpi/.././libnl-route-3.so.200) (ignored)
[nid004889:1221111] mca_base_component_repository_open: unable to open mca_btl_openib: /usr/lib64/libnl-3.so.200: version `libnl_3_5' not found (required by /global/homes/b/billert/.conda/envs/gpu_orm_minimal/lib/openmpi/.././libnl-route-3.so.200) (ignored)
[nid004889:1221246] mca_base_component_repository_open: unable to open mca_btl_openib: /usr/lib64/libnl-3.so.200: version `libnl_3_5' not found (required by /global/homes/b/billert/.conda/envs/gpu_orm_minimal/lib/openmpi/.././libnl-route-3.so.200) (ignored)
[nid004889:1221239] mca_base_component_repository_open: unable to open mca_btl_openib: /usr/lib64/libnl-3.so.200: version `libnl_3_5' not found (required by /global/homes/b/billert/.conda/envs/gpu_orm_minimal/lib/openmpi/.././libnl-route-3.so.200) (ignored)
[nid004889:1221241] mca_base_component_repository_open: unable to open mca_btl_openib: /usr/lib64/libnl-3.so.200: version `libnl_3_5' not found (required by /global/homes/b/billert/.conda/envs/gpu_orm_minimal/lib/openmpi/.././libnl-route-3.so.200) (ignored)
[nid004889:1221271] mca_base_component_repository_open: unable to open mca_btl_openib: /usr/lib64/libnl-3.so.200: version `libnl_3_5' not found (required by /global/homes/b/billert/.conda/envs/gpu_orm_minimal/lib/openmpi/.././libnl-route-3.so.200) (ignored)
[nid004889:1221238] mca_base_component_repository_open: unable to open mca_btl_openib: /usr/lib64/libnl-3.so.200: version `libnl_3_5' not found (required by /global/homes/b/billert/.conda/envs/gpu_orm_minimal/lib/openmpi/.././libnl-route-3.so.200) (ignored)
[nid004889:1221299] mca_base_component_repository_open: unable to open mca_btl_openib: /usr/lib64/libnl-3.so.200: version `libnl_3_5' not found (required by /global/homes/b/billert/.conda/envs/gpu_orm_minimal/lib/openmpi/.././libnl-route-3.so.200) (ignored)
[nid004889:1221309] mca_base_component_repository_open: unable to open mca_btl_openib: /usr/lib64/libnl-3.so.200: version `libnl_3_5' not found (required by /global/homes/b/billert/.conda/envs/gpu_orm_minimal/lib/openmpi/.././libnl-route-3.so.200) (ignored)
[nid004889:1221335] mca_base_component_repository_open: unable to open mca_btl_openib: /usr/lib64/libnl-3.so.200: version `libnl_3_5' not found (required by /global/homes/b/billert/.conda/envs/gpu_orm_minimal/lib/openmpi/.././libnl-route-3.so.200) (ignored)
[nid004889:1221235] mca_base_component_repository_open: unable to open mca_btl_openib: /usr/lib64/libnl-3.so.200: version `libnl_3_5' not found (required by /global/homes/b/billert/.conda/envs/gpu_orm_minimal/lib/openmpi/.././libnl-route-3.so.200) (ignored)
[nid004889:1221297] mca_base_component_repository_open: unable to open mca_btl_openib: /usr/lib64/libnl-3.so.200: version `libnl_3_5' not found (required by /global/homes/b/billert/.conda/envs/gpu_orm_minimal/lib/openmpi/.././libnl-route-3.so.200) (ignored)
[nid004889:1221301] mca_base_component_repository_open: unable to open mca_btl_openib: /usr/lib64/libnl-3.so.200: version `libnl_3_5' not found (required by /global/homes/b/billert/.conda/envs/gpu_orm_minimal/lib/openmpi/.././libnl-route-3.so.200) (ignored)
[nid004889:1221169] mca_base_component_repository_open: unable to open mca_btl_openib: /usr/lib64/libnl-3.so.200: version `libnl_3_5' not found (required by /global/homes/b/billert/.conda/envs/gpu_orm_minimal/lib/openmpi/.././libnl-route-3.so.200) (ignored)
[nid004889:1221233] mca_base_component_repository_open: unable to open mca_btl_openib: /usr/lib64/libnl-3.so.200: version `libnl_3_5' not found (required by /global/homes/b/billert/.conda/envs/gpu_orm_minimal/lib/openmpi/.././libnl-route-3.so.200) (ignored)
[nid004889:1221174] mca_base_component_repository_open: unable to open mca_btl_openib: /usr/lib64/libnl-3.so.200: version `libnl_3_5' not found (required by /global/homes/b/billert/.conda/envs/gpu_orm_minimal/lib/openmpi/.././libnl-route-3.so.200) (ignored)
[nid004889:1221334] mca_base_component_repository_open: unable to open mca_btl_openib: /usr/lib64/libnl-3.so.200: version `libnl_3_5' not found (required by /global/homes/b/billert/.conda/envs/gpu_orm_minimal/lib/openmpi/.././libnl-route-3.so.200) (ignored)
[nid004889:1221205] mca_base_component_repository_open: unable to open mca_btl_openib: /usr/lib64/libnl-3.so.200: version `libnl_3_5' not found (required by /global/homes/b/billert/.conda/envs/gpu_orm_minimal/lib/openmpi/.././libnl-route-3.so.200) (ignored)
[nid004889:1221107] mca_base_component_repository_open: unable to open mca_btl_openib: /usr/lib64/libnl-3.so.200: version `libnl_3_5' not found (required by /global/homes/b/billert/.conda/envs/gpu_orm_minimal/lib/openmpi/.././libnl-route-3.so.200) (ignored)
[nid004889:1221331] mca_base_component_repository_open: unable to open mca_btl_openib: /usr/lib64/libnl-3.so.200: version `libnl_3_5' not found (required by /global/homes/b/billert/.conda/envs/gpu_orm_minimal/lib/openmpi/.././libnl-route-3.so.200) (ignored)
[nid004889:1221277] mca_base_component_repository_open: unable to open mca_btl_openib: /usr/lib64/libnl-3.so.200: version `libnl_3_5' not found (required by /global/homes/b/billert/.conda/envs/gpu_orm_minimal/lib/openmpi/.././libnl-route-3.so.200) (ignored)
[nid004889:1221201] mca_base_component_repository_open: unable to open mca_btl_openib: /usr/lib64/libnl-3.so.200: version `libnl_3_5' not found (required by /global/homes/b/billert/.conda/envs/gpu_orm_minimal/lib/openmpi/.././libnl-route-3.so.200) (ignored)
[nid004889:1221215] mca_base_component_repository_open: unable to open mca_btl_openib: /usr/lib64/libnl-3.so.200: version `libnl_3_5' not found (required by /global/homes/b/billert/.conda/envs/gpu_orm_minimal/lib/openmpi/.././libnl-route-3.so.200) (ignored)
[nid004889:1221139] mca_base_component_repository_open: unable to open mca_btl_openib: /usr/lib64/libnl-3.so.200: version `libnl_3_5' not found (required by /global/homes/b/billert/.conda/envs/gpu_orm_minimal/lib/openmpi/.././libnl-route-3.so.200) (ignored)
[nid004889:1221176] mca_base_component_repository_open: unable to open mca_btl_openib: /usr/lib64/libnl-3.so.200: version `libnl_3_5' not found (required by /global/homes/b/billert/.conda/envs/gpu_orm_minimal/lib/openmpi/.././libnl-route-3.so.200) (ignored)
[nid004889:1221305] mca_base_component_repository_open: unable to open mca_btl_openib: /usr/lib64/libnl-3.so.200: version `libnl_3_5' not found (required by /global/homes/b/billert/.conda/envs/gpu_orm_minimal/lib/openmpi/.././libnl-route-3.so.200) (ignored)
[nid004889:1221329] mca_base_component_repository_open: unable to open mca_btl_openib: /usr/lib64/libnl-3.so.200: version `libnl_3_5' not found (required by /global/homes/b/billert/.conda/envs/gpu_orm_minimal/lib/openmpi/.././libnl-route-3.so.200) (ignored)
[nid004889:1221267] mca_base_component_repository_open: unable to open mca_btl_openib: /usr/lib64/libnl-3.so.200: version `libnl_3_5' not found (required by /global/homes/b/billert/.conda/envs/gpu_orm_minimal/lib/openmpi/.././libnl-route-3.so.200) (ignored)
[nid004889:1221171] mca_base_component_repository_open: unable to open mca_btl_openib: /usr/lib64/libnl-3.so.200: version `libnl_3_5' not found (required by /global/homes/b/billert/.conda/envs/gpu_orm_minimal/lib/openmpi/.././libnl-route-3.so.200) (ignored)
[nid004889:1221265] mca_base_component_repository_open: unable to open mca_btl_openib: /usr/lib64/libnl-3.so.200: version `libnl_3_5' not found (required by /global/homes/b/billert/.conda/envs/gpu_orm_minimal/lib/openmpi/.././libnl-route-3.so.200) (ignored)
[nid004889:1221269] mca_base_component_repository_open: unable to open mca_btl_openib: /usr/lib64/libnl-3.so.200: version `libnl_3_5' not found (required by /global/homes/b/billert/.conda/envs/gpu_orm_minimal/lib/openmpi/.././libnl-route-3.so.200) (ignored)
[nid004889:1221247] mca_base_component_repository_open: unable to open mca_btl_openib: /usr/lib64/libnl-3.so.200: version `libnl_3_5' not found (required by /global/homes/b/billert/.conda/envs/gpu_orm_minimal/lib/openmpi/.././libnl-route-3.so.200) (ignored)
[nid004889:1221243] mca_base_component_repository_open: unable to open mca_btl_openib: /usr/lib64/libnl-3.so.200: version `libnl_3_5' not found (required by /global/homes/b/billert/.conda/envs/gpu_orm_minimal/lib/openmpi/.././libnl-route-3.so.200) (ignored)
[nid004889:1221279] mca_base_component_repository_open: unable to open mca_btl_openib: /usr/lib64/libnl-3.so.200: version `libnl_3_5' not found (required by /global/homes/b/billert/.conda/envs/gpu_orm_minimal/lib/openmpi/.././libnl-route-3.so.200) (ignored)
[nid004889:1221143] mca_base_component_repository_open: unable to open mca_btl_openib: /usr/lib64/libnl-3.so.200: version `libnl_3_5' not found (required by /global/homes/b/billert/.conda/envs/gpu_orm_minimal/lib/openmpi/.././libnl-route-3.so.200) (ignored)
[nid004889:1221214] mca_base_component_repository_open: unable to open mca_btl_openib: /usr/lib64/libnl-3.so.200: version `libnl_3_5' not found (required by /global/homes/b/billert/.conda/envs/gpu_orm_minimal/lib/openmpi/.././libnl-route-3.so.200) (ignored)
[nid004889:1221274] mca_base_component_repository_open: unable to open mca_btl_openib: /usr/lib64/libnl-3.so.200: version `libnl_3_5' not found (required by /global/homes/b/billert/.conda/envs/gpu_orm_minimal/lib/openmpi/.././libnl-route-3.so.200) (ignored)
[nid004889:1221343] mca_base_component_repository_open: unable to open mca_btl_openib: /usr/lib64/libnl-3.so.200: version `libnl_3_5' not found (required by /global/homes/b/billert/.conda/envs/gpu_orm_minimal/lib/openmpi/.././libnl-route-3.so.200) (ignored)
[nid004889:1221115] mca_base_component_repository_open: unable to open mca_btl_openib: /usr/lib64/libnl-3.so.200: version `libnl_3_5' not found (required by /global/homes/b/billert/.conda/envs/gpu_orm_minimal/lib/openmpi/.././libnl-route-3.so.200) (ignored)
[nid004889:1221203] mca_base_component_repository_open: unable to open mca_btl_openib: /usr/lib64/libnl-3.so.200: version `libnl_3_5' not found (required by /global/homes/b/billert/.conda/envs/gpu_orm_minimal/lib/openmpi/.././libnl-route-3.so.200) (ignored)
[nid004889:1221307] mca_base_component_repository_open: unable to open mca_btl_openib: /usr/lib64/libnl-3.so.200: version `libnl_3_5' not found (required by /global/homes/b/billert/.conda/envs/gpu_orm_minimal/lib/openmpi/.././libnl-route-3.so.200) (ignored)
[nid004889:1221312] mca_base_component_repository_open: unable to open mca_btl_openib: /usr/lib64/libnl-3.so.200: version `libnl_3_5' not found (required by /global/homes/b/billert/.conda/envs/gpu_orm_minimal/lib/openmpi/.././libnl-route-3.so.200) (ignored)
[nid004889:1221207] mca_base_component_repository_open: unable to open mca_btl_openib: /usr/lib64/libnl-3.so.200: version `libnl_3_5' not found (required by /global/homes/b/billert/.conda/envs/gpu_orm_minimal/lib/openmpi/.././libnl-route-3.so.200) (ignored)
[nid004889:1221259] mca_base_component_repository_open: unable to open mca_btl_openib: /usr/lib64/libnl-3.so.200: version `libnl_3_5' not found (required by /global/homes/b/billert/.conda/envs/gpu_orm_minimal/lib/openmpi/.././libnl-route-3.so.200) (ignored)
[nid004889:1221340] mca_base_component_repository_open: unable to open mca_btl_openib: /usr/lib64/libnl-3.so.200: version `libnl_3_5' not found (required by /global/homes/b/billert/.conda/envs/gpu_orm_minimal/lib/openmpi/.././libnl-route-3.so.200) (ignored)
[nid004889:1221181] mca_base_component_repository_open: unable to open mca_btl_openib: /usr/lib64/libnl-3.so.200: version `libnl_3_5' not found (required by /global/homes/b/billert/.conda/envs/gpu_orm_minimal/lib/openmpi/.././libnl-route-3.so.200) (ignored)
[nid004889:1221183] mca_base_component_repository_open: unable to open mca_btl_openib: /usr/lib64/libnl-3.so.200: version `libnl_3_5' not found (required by /global/homes/b/billert/.conda/envs/gpu_orm_minimal/lib/openmpi/.././libnl-route-3.so.200) (ignored)
[nid004889:1221319] mca_base_component_repository_open: unable to open mca_btl_openib: /usr/lib64/libnl-3.so.200: version `libnl_3_5' not found (required by /global/homes/b/billert/.conda/envs/gpu_orm_minimal/lib/openmpi/.././libnl-route-3.so.200) (ignored)
[nid004889:1221120] mca_base_component_repository_open: unable to open mca_btl_openib: /usr/lib64/libnl-3.so.200: version `libnl_3_5' not found (required by /global/homes/b/billert/.conda/envs/gpu_orm_minimal/lib/openmpi/.././libnl-route-3.so.200) (ignored)
[nid004889:1221261] mca_base_component_repository_open: unable to open mca_btl_openib: /usr/lib64/libnl-3.so.200: version `libnl_3_5' not found (required by /global/homes/b/billert/.conda/envs/gpu_orm_minimal/lib/openmpi/.././libnl-route-3.so.200) (ignored)
[nid004889:1221130] mca_base_component_repository_open: unable to open mca_btl_openib: /usr/lib64/libnl-3.so.200: version `libnl_3_5' not found (required by /global/homes/b/billert/.conda/envs/gpu_orm_minimal/lib/openmpi/.././libnl-route-3.so.200) (ignored)
[nid004889:1221211] mca_base_component_repository_open: unable to open mca_btl_openib: /usr/lib64/libnl-3.so.200: version `libnl_3_5' not found (required by /global/homes/b/billert/.conda/envs/gpu_orm_minimal/lib/openmpi/.././libnl-route-3.so.200) (ignored)
[nid004889:1221138] mca_base_component_repository_open: unable to open mca_btl_openib: /usr/lib64/libnl-3.so.200: version `libnl_3_5' not found (required by /global/homes/b/billert/.conda/envs/gpu_orm_minimal/lib/openmpi/.././libnl-route-3.so.200) (ignored)
[nid004889:1221254] mca_base_component_repository_open: unable to open mca_btl_openib: /usr/lib64/libnl-3.so.200: version `libnl_3_5' not found (required by /global/homes/b/billert/.conda/envs/gpu_orm_minimal/lib/openmpi/.././libnl-route-3.so.200) (ignored)
[nid004889:1221293] mca_base_component_repository_open: unable to open mca_btl_openib: /usr/lib64/libnl-3.so.200: version `libnl_3_5' not found (required by /global/homes/b/billert/.conda/envs/gpu_orm_minimal/lib/openmpi/.././libnl-route-3.so.200) (ignored)
[nid004889:1221323] mca_base_component_repository_open: unable to open mca_btl_openib: /usr/lib64/libnl-3.so.200: version `libnl_3_5' not found (required by /global/homes/b/billert/.conda/envs/gpu_orm_minimal/lib/openmpi/.././libnl-route-3.so.200) (ignored)
[nid004889:1221166] mca_base_component_repository_open: unable to open mca_btl_openib: /usr/lib64/libnl-3.so.200: version `libnl_3_5' not found (required by /global/homes/b/billert/.conda/envs/gpu_orm_minimal/lib/openmpi/.././libnl-route-3.so.200) (ignored)
[nid004889:1221180] mca_base_component_repository_open: unable to open mca_btl_openib: /usr/lib64/libnl-3.so.200: version `libnl_3_5' not found (required by /global/homes/b/billert/.conda/envs/gpu_orm_minimal/lib/openmpi/.././libnl-route-3.so.200) (ignored)
[nid004889:1221113] mca_base_component_repository_open: unable to open mca_btl_openib: /usr/lib64/libnl-3.so.200: version `libnl_3_5' not found (required by /global/homes/b/billert/.conda/envs/gpu_orm_minimal/lib/openmpi/.././libnl-route-3.so.200) (ignored)
[nid004889:1221327] mca_base_component_repository_open: unable to open mca_btl_openib: /usr/lib64/libnl-3.so.200: version `libnl_3_5' not found (required by /global/homes/b/billert/.conda/envs/gpu_orm_minimal/lib/openmpi/.././libnl-route-3.so.200) (ignored)
[nid004889:1221275] mca_base_component_repository_open: unable to open mca_btl_openib: /usr/lib64/libnl-3.so.200: version `libnl_3_5' not found (required by /global/homes/b/billert/.conda/envs/gpu_orm_minimal/lib/openmpi/.././libnl-route-3.so.200) (ignored)
[nid004889:1221126] mca_base_component_repository_open: unable to open mca_btl_openib: /usr/lib64/libnl-3.so.200: version `libnl_3_5' not found (required by /global/homes/b/billert/.conda/envs/gpu_orm_minimal/lib/openmpi/.././libnl-route-3.so.200) (ignored)
[nid004889:1221290] mca_base_component_repository_open: unable to open mca_btl_openib: /usr/lib64/libnl-3.so.200: version `libnl_3_5' not found (required by /global/homes/b/billert/.conda/envs/gpu_orm_minimal/lib/openmpi/.././libnl-route-3.so.200) (ignored)
[nid004889:1221148] mca_base_component_repository_open: unable to open mca_btl_openib: /usr/lib64/libnl-3.so.200: version `libnl_3_5' not found (required by /global/homes/b/billert/.conda/envs/gpu_orm_minimal/lib/openmpi/.././libnl-route-3.so.200) (ignored)
[nid004889:1221227] mca_base_component_repository_open: unable to open mca_btl_openib: /usr/lib64/libnl-3.so.200: version `libnl_3_5' not found (required by /global/homes/b/billert/.conda/envs/gpu_orm_minimal/lib/openmpi/.././libnl-route-3.so.200) (ignored)
[nid004889:1221231] mca_base_component_repository_open: unable to open mca_btl_openib: /usr/lib64/libnl-3.so.200: version `libnl_3_5' not found (required by /global/homes/b/billert/.conda/envs/gpu_orm_minimal/lib/openmpi/.././libnl-route-3.so.200) (ignored)
[nid004889:1221291] mca_base_component_repository_open: unable to open mca_btl_openib: /usr/lib64/libnl-3.so.200: version `libnl_3_5' not found (required by /global/homes/b/billert/.conda/envs/gpu_orm_minimal/lib/openmpi/.././libnl-route-3.so.200) (ignored)
[nid004889:1221315] mca_base_component_repository_open: unable to open mca_btl_openib: /usr/lib64/libnl-3.so.200: version `libnl_3_5' not found (required by /global/homes/b/billert/.conda/envs/gpu_orm_minimal/lib/openmpi/.././libnl-route-3.so.200) (ignored)
[nid004889:1221194] mca_base_component_repository_open: unable to open mca_btl_openib: /usr/lib64/libnl-3.so.200: version `libnl_3_5' not found (required by /global/homes/b/billert/.conda/envs/gpu_orm_minimal/lib/openmpi/.././libnl-route-3.so.200) (ignored)
[nid004889:1221152] mca_base_component_repository_open: unable to open mca_btl_openib: /usr/lib64/libnl-3.so.200: version `libnl_3_5' not found (required by /global/homes/b/billert/.conda/envs/gpu_orm_minimal/lib/openmpi/.././libnl-route-3.so.200) (ignored)
[nid004889:1221106] mca_base_component_repository_open: unable to open mca_btl_openib: /usr/lib64/libnl-3.so.200: version `libnl_3_5' not found (required by /global/homes/b/billert/.conda/envs/gpu_orm_minimal/lib/openmpi/.././libnl-route-3.so.200) (ignored)
[nid004889:1221188] mca_base_component_repository_open: unable to open mca_btl_openib: /usr/lib64/libnl-3.so.200: version `libnl_3_5' not found (required by /global/homes/b/billert/.conda/envs/gpu_orm_minimal/lib/openmpi/.././libnl-route-3.so.200) (ignored)
[nid004889:1221149] mca_base_component_repository_open: unable to open mca_btl_openib: /usr/lib64/libnl-3.so.200: version `libnl_3_5' not found (required by /global/homes/b/billert/.conda/envs/gpu_orm_minimal/lib/openmpi/.././libnl-route-3.so.200) (ignored)
[nid004889:1221251] mca_base_component_repository_open: unable to open mca_btl_openib: /usr/lib64/libnl-3.so.200: version `libnl_3_5' not found (required by /global/homes/b/billert/.conda/envs/gpu_orm_minimal/lib/openmpi/.././libnl-route-3.so.200) (ignored)
[nid004889:1221134] mca_base_component_repository_open: unable to open mca_btl_openib: /usr/lib64/libnl-3.so.200: version `libnl_3_5' not found (required by /global/homes/b/billert/.conda/envs/gpu_orm_minimal/lib/openmpi/.././libnl-route-3.so.200) (ignored)
[nid004889:1221195] mca_base_component_repository_open: unable to open mca_btl_openib: /usr/lib64/libnl-3.so.200: version `libnl_3_5' not found (required by /global/homes/b/billert/.conda/envs/gpu_orm_minimal/lib/openmpi/.././libnl-route-3.so.200) (ignored)
[nid004889:1221356] mca_base_component_repository_open: unable to open mca_btl_openib: /usr/lib64/libnl-3.so.200: version `libnl_3_5' not found (required by /global/homes/b/billert/.conda/envs/gpu_orm_minimal/lib/openmpi/.././libnl-route-3.so.200) (ignored)
[nid004889:1221257] mca_base_component_repository_open: unable to open mca_btl_openib: /usr/lib64/libnl-3.so.200: version `libnl_3_5' not found (required by /global/homes/b/billert/.conda/envs/gpu_orm_minimal/lib/openmpi/.././libnl-route-3.so.200) (ignored)
[nid004889:1221219] mca_base_component_repository_open: unable to open mca_btl_openib: /usr/lib64/libnl-3.so.200: version `libnl_3_5' not found (required by /global/homes/b/billert/.conda/envs/gpu_orm_minimal/lib/openmpi/.././libnl-route-3.so.200) (ignored)
[nid004889:1221156] mca_base_component_repository_open: unable to open mca_btl_openib: /usr/lib64/libnl-3.so.200: version `libnl_3_5' not found (required by /global/homes/b/billert/.conda/envs/gpu_orm_minimal/lib/openmpi/.././libnl-route-3.so.200) (ignored)
[nid004889:1221359] mca_base_component_repository_open: unable to open mca_btl_openib: /usr/lib64/libnl-3.so.200: version `libnl_3_5' not found (required by /global/homes/b/billert/.conda/envs/gpu_orm_minimal/lib/openmpi/.././libnl-route-3.so.200) (ignored)
[nid004889:1221295] mca_base_component_repository_open: unable to open mca_btl_openib: /usr/lib64/libnl-3.so.200: version `libnl_3_5' not found (required by /global/homes/b/billert/.conda/envs/gpu_orm_minimal/lib/openmpi/.././libnl-route-3.so.200) (ignored)
[nid004889:1221135] mca_base_component_repository_open: unable to open mca_btl_openib: /usr/lib64/libnl-3.so.200: version `libnl_3_5' not found (required by /global/homes/b/billert/.conda/envs/gpu_orm_minimal/lib/openmpi/.././libnl-route-3.so.200) (ignored)
[nid004889:1221198] mca_base_component_repository_open: unable to open mca_btl_openib: /usr/lib64/libnl-3.so.200: version `libnl_3_5' not found (required by /global/homes/b/billert/.conda/envs/gpu_orm_minimal/lib/openmpi/.././libnl-route-3.so.200) (ignored)
[nid004889:1221326] mca_base_component_repository_open: unable to open mca_btl_openib: /usr/lib64/libnl-3.so.200: version `libnl_3_5' not found (required by /global/homes/b/billert/.conda/envs/gpu_orm_minimal/lib/openmpi/.././libnl-route-3.so.200) (ignored)
[nid004889:1221282] mca_base_component_repository_open: unable to open mca_btl_openib: /usr/lib64/libnl-3.so.200: version `libnl_3_5' not found (required by /global/homes/b/billert/.conda/envs/gpu_orm_minimal/lib/openmpi/.././libnl-route-3.so.200) (ignored)
[nid004889:1221321] mca_base_component_repository_open: unable to open mca_btl_openib: /usr/lib64/libnl-3.so.200: version `libnl_3_5' not found (required by /global/homes/b/billert/.conda/envs/gpu_orm_minimal/lib/openmpi/.././libnl-route-3.so.200) (ignored)
[nid004889:1221210] mca_base_component_repository_open: unable to open mca_btl_openib: /usr/lib64/libnl-3.so.200: version `libnl_3_5' not found (required by /global/homes/b/billert/.conda/envs/gpu_orm_minimal/lib/openmpi/.././libnl-route-3.so.200) (ignored)
[nid004889:1221313] mca_base_component_repository_open: unable to open mca_btl_openib: /usr/lib64/libnl-3.so.200: version `libnl_3_5' not found (required by /global/homes/b/billert/.conda/envs/gpu_orm_minimal/lib/openmpi/.././libnl-route-3.so.200) (ignored)
[nid004889:1221357] mca_base_component_repository_open: unable to open mca_btl_openib: /usr/lib64/libnl-3.so.200: version `libnl_3_5' not found (required by /global/homes/b/billert/.conda/envs/gpu_orm_minimal/lib/openmpi/.././libnl-route-3.so.200) (ignored)
[nid004889:1221225] mca_base_component_repository_open: unable to open mca_btl_openib: /usr/lib64/libnl-3.so.200: version `libnl_3_5' not found (required by /global/homes/b/billert/.conda/envs/gpu_orm_minimal/lib/openmpi/.././libnl-route-3.so.200) (ignored)
[nid004889:1221353] mca_base_component_repository_open: unable to open mca_btl_openib: /usr/lib64/libnl-3.so.200: version `libnl_3_5' not found (required by /global/homes/b/billert/.conda/envs/gpu_orm_minimal/lib/openmpi/.././libnl-route-3.so.200) (ignored)
[nid004889:1221118] mca_base_component_repository_open: unable to open mca_btl_openib: /usr/lib64/libnl-3.so.200: version `libnl_3_5' not found (required by /global/homes/b/billert/.conda/envs/gpu_orm_minimal/lib/openmpi/.././libnl-route-3.so.200) (ignored)
[nid004889:1221191] mca_base_component_repository_open: unable to open mca_btl_openib: /usr/lib64/libnl-3.so.200: version `libnl_3_5' not found (required by /global/homes/b/billert/.conda/envs/gpu_orm_minimal/lib/openmpi/.././libnl-route-3.so.200) (ignored)
[nid004889:1221128] mca_base_component_repository_open: unable to open mca_btl_openib: /usr/lib64/libnl-3.so.200: version `libnl_3_5' not found (required by /global/homes/b/billert/.conda/envs/gpu_orm_minimal/lib/openmpi/.././libnl-route-3.so.200) (ignored)
[nid004889:1221154] mca_base_component_repository_open: unable to open mca_btl_openib: /usr/lib64/libnl-3.so.200: version `libnl_3_5' not found (required by /global/homes/b/billert/.conda/envs/gpu_orm_minimal/lib/openmpi/.././libnl-route-3.so.200) (ignored)
[nid004889:1221162] mca_base_component_repository_open: unable to open mca_btl_openib: /usr/lib64/libnl-3.so.200: version `libnl_3_5' not found (required by /global/homes/b/billert/.conda/envs/gpu_orm_minimal/lib/openmpi/.././libnl-route-3.so.200) (ignored)
[nid004889:1221346] mca_base_component_repository_open: unable to open mca_btl_openib: /usr/lib64/libnl-3.so.200: version `libnl_3_5' not found (required by /global/homes/b/billert/.conda/envs/gpu_orm_minimal/lib/openmpi/.././libnl-route-3.so.200) (ignored)
[nid004889:1221160] mca_base_component_repository_open: unable to open mca_btl_openib: /usr/lib64/libnl-3.so.200: version `libnl_3_5' not found (required by /global/homes/b/billert/.conda/envs/gpu_orm_minimal/lib/openmpi/.././libnl-route-3.so.200) (ignored)
[nid004889:1221124] mca_base_component_repository_open: unable to open mca_btl_openib: /usr/lib64/libnl-3.so.200: version `libnl_3_5' not found (required by /global/homes/b/billert/.conda/envs/gpu_orm_minimal/lib/openmpi/.././libnl-route-3.so.200) (ignored)
[nid004889:1221347] mca_base_component_repository_open: unable to open mca_btl_openib: /usr/lib64/libnl-3.so.200: version `libnl_3_5' not found (required by /global/homes/b/billert/.conda/envs/gpu_orm_minimal/lib/openmpi/.././libnl-route-3.so.200) (ignored)
[nid004889:1221285] mca_base_component_repository_open: unable to open mca_btl_openib: /usr/lib64/libnl-3.so.200: version `libnl_3_5' not found (required by /global/homes/b/billert/.conda/envs/gpu_orm_minimal/lib/openmpi/.././libnl-route-3.so.200) (ignored)
[nid004889:1221185] mca_base_component_repository_open: unable to open mca_btl_openib: /usr/lib64/libnl-3.so.200: version `libnl_3_5' not found (required by /global/homes/b/billert/.conda/envs/gpu_orm_minimal/lib/openmpi/.././libnl-route-3.so.200) (ignored)
[nid004889:1221146] mca_base_component_repository_open: unable to open mca_btl_openib: /usr/lib64/libnl-3.so.200: version `libnl_3_5' not found (required by /global/homes/b/billert/.conda/envs/gpu_orm_minimal/lib/openmpi/.././libnl-route-3.so.200) (ignored)
[nid004889:1221121] mca_base_component_repository_open: unable to open mca_btl_openib: /usr/lib64/libnl-3.so.200: version `libnl_3_5' not found (required by /global/homes/b/billert/.conda/envs/gpu_orm_minimal/lib/openmpi/.././libnl-route-3.so.200) (ignored)
[nid004889:1221177] mca_base_component_repository_open: unable to open mca_btl_openib: /usr/lib64/libnl-3.so.200: version `libnl_3_5' not found (required by /global/homes/b/billert/.conda/envs/gpu_orm_minimal/lib/openmpi/.././libnl-route-3.so.200) (ignored)
[nid004889:1221351] mca_base_component_repository_open: unable to open mca_btl_openib: /usr/lib64/libnl-3.so.200: version `libnl_3_5' not found (required by /global/homes/b/billert/.conda/envs/gpu_orm_minimal/lib/openmpi/.././libnl-route-3.so.200) (ignored)
[nid004889:1221337] mca_base_component_repository_open: unable to open mca_btl_openib: /usr/lib64/libnl-3.so.200: version `libnl_3_5' not found (required by /global/homes/b/billert/.conda/envs/gpu_orm_minimal/lib/openmpi/.././libnl-route-3.so.200) (ignored)
[nid004889:1221189] mca_base_component_repository_open: unable to open mca_btl_openib: /usr/lib64/libnl-3.so.200: version `libnl_3_5' not found (required by /global/homes/b/billert/.conda/envs/gpu_orm_minimal/lib/openmpi/.././libnl-route-3.so.200) (ignored)
[nid004889:1221221] mca_base_component_repository_open: unable to open mca_btl_openib: /usr/lib64/libnl-3.so.200: version `libnl_3_5' not found (required by /global/homes/b/billert/.conda/envs/gpu_orm_minimal/lib/openmpi/.././libnl-route-3.so.200) (ignored)
[nid004889:1221250] mca_base_component_repository_open: unable to open mca_btl_openib: /usr/lib64/libnl-3.so.200: version `libnl_3_5' not found (required by /global/homes/b/billert/.conda/envs/gpu_orm_minimal/lib/openmpi/.././libnl-route-3.so.200) (ignored)
[nid004889:1221131] mca_base_component_repository_open: unable to open mca_btl_openib: /usr/lib64/libnl-3.so.200: version `libnl_3_5' not found (required by /global/homes/b/billert/.conda/envs/gpu_orm_minimal/lib/openmpi/.././libnl-route-3.so.200) (ignored)
[nid004889:1221217] mca_base_component_repository_open: unable to open mca_btl_openib: /usr/lib64/libnl-3.so.200: version `libnl_3_5' not found (required by /global/homes/b/billert/.conda/envs/gpu_orm_minimal/lib/openmpi/.././libnl-route-3.so.200) (ignored)
[nid004889:1221318] mca_base_component_repository_open: unable to open mca_btl_openib: /usr/lib64/libnl-3.so.200: version `libnl_3_5' not found (required by /global/homes/b/billert/.conda/envs/gpu_orm_minimal/lib/openmpi/.././libnl-route-3.so.200) (ignored)
[nid004889:1221263] mca_base_component_repository_open: unable to open mca_btl_openib: /usr/lib64/libnl-3.so.200: version `libnl_3_5' not found (required by /global/homes/b/billert/.conda/envs/gpu_orm_minimal/lib/openmpi/.././libnl-route-3.so.200) (ignored)
[nid004889:1221283] mca_base_component_repository_open: unable to open mca_btl_openib: /usr/lib64/libnl-3.so.200: version `libnl_3_5' not found (required by /global/homes/b/billert/.conda/envs/gpu_orm_minimal/lib/openmpi/.././libnl-route-3.so.200) (ignored)
[nid004889:1221199] mca_base_component_repository_open: unable to open mca_btl_openib: /usr/lib64/libnl-3.so.200: version `libnl_3_5' not found (required by /global/homes/b/billert/.conda/envs/gpu_orm_minimal/lib/openmpi/.././libnl-route-3.so.200) (ignored)
[nid004889:1221157] mca_base_component_repository_open: unable to open mca_btl_openib: /usr/lib64/libnl-3.so.200: version `libnl_3_5' not found (required by /global/homes/b/billert/.conda/envs/gpu_orm_minimal/lib/openmpi/.././libnl-route-3.so.200) (ignored)
[nid004889:1221350] mca_base_component_repository_open: unable to open mca_btl_openib: /usr/lib64/libnl-3.so.200: version `libnl_3_5' not found (required by /global/homes/b/billert/.conda/envs/gpu_orm_minimal/lib/openmpi/.././libnl-route-3.so.200) (ignored)
[nid004889:1221163] mca_base_component_repository_open: unable to open mca_btl_openib: /usr/lib64/libnl-3.so.200: version `libnl_3_5' not found (required by /global/homes/b/billert/.conda/envs/gpu_orm_minimal/lib/openmpi/.././libnl-route-3.so.200) (ignored)
[nid004889:1221287] mca_base_component_repository_open: unable to open mca_btl_openib: /usr/lib64/libnl-3.so.200: version `libnl_3_5' not found (required by /global/homes/b/billert/.conda/envs/gpu_orm_minimal/lib/openmpi/.././libnl-route-3.so.200) (ignored)
[nid004889:1221255] mca_base_component_repository_open: unable to open mca_btl_openib: /usr/lib64/libnl-3.so.200: version `libnl_3_5' not found (required by /global/homes/b/billert/.conda/envs/gpu_orm_minimal/lib/openmpi/.././libnl-route-3.so.200) (ignored)
[nid004889:1221168] mca_base_component_repository_open: unable to open mca_btl_openib: /usr/lib64/libnl-3.so.200: version `libnl_3_5' not found (required by /global/homes/b/billert/.conda/envs/gpu_orm_minimal/lib/openmpi/.././libnl-route-3.so.200) (ignored)
[nid004889:1221224] mca_base_component_repository_open: unable to open mca_btl_openib: /usr/lib64/libnl-3.so.200: version `libnl_3_5' not found (required by /global/homes/b/billert/.conda/envs/gpu_orm_minimal/lib/openmpi/.././libnl-route-3.so.200) (ignored)
[nid004889:1221230] mca_base_component_repository_open: unable to open mca_btl_openib: /usr/lib64/libnl-3.so.200: version `libnl_3_5' not found (required by /global/homes/b/billert/.conda/envs/gpu_orm_minimal/lib/openmpi/.././libnl-route-3.so.200) (ignored)
mode multiplier:  0.0
mode multiplier:  0.0
mode multiplier:  0.0
mode multiplier:  0.0
mode multiplier:  0.0
mode multiplier:  0.0
mode multiplier:  0.0
mode multiplier:  0.0
mode multiplier:  0.0
mode multiplier:  0.0
mode multiplier:  0.0
mode multiplier:  0.0
mode multiplier:  0.0
mode multiplier:  0.0
mode multiplier:  0.0
mode multiplier:  0.0
mode multiplier:  0.0
mode multiplier:  0.0
mode multiplier:  0.0
mode multiplier:  0.0
mode multiplier:  0.0
mode multiplier:  0.0
mode multiplier:  0.0
mode multiplier:  0.0
mode multiplier:  0.0
mode multiplier:  0.0
mode multiplier:  0.0
mode multiplier:  0.0
mode multiplier:  0.0
mode multiplier:  0.0
mode multiplier:  0.0
mode multiplier:  0.0
mode multiplier:  0.0
mode multiplier:  0.0
mode multiplier:  0.0
mode multiplier:  0.0
mode multiplier:  0.0
mode multiplier:  0.0
mode multiplier:  0.0
mode multiplier:  0.0
mode multiplier:  0.0
mode multiplier:  0.0
mode multiplier:  0.0
mode multiplier:  0.0
mode multiplier:  0.0
mode multiplier:  0.0
mode multiplier:  0.0
mode multiplier:  0.0
mode multiplier:  0.0
mode multiplier:  0.0
mode multiplier:  0.0
mode multiplier:  0.0
mode multiplier:  0.0
mode multiplier:  0.0
mode multiplier:  0.0
mode multiplier:  0.0
mode multiplier:  0.0
mode multiplier:  0.0
mode multiplier:  0.0
mode multiplier:  0.0
mode multiplier:  0.0
mode multiplier:  0.0
mode multiplier:  0.0
mode multiplier:  0.0
mode multiplier:  0.0
mode multiplier:  0.0
mode multiplier:  0.0
mode multiplier:  0.0
mode multiplier:  0.0
mode multiplier:  0.0
mode multiplier:  0.0
mode multiplier:  0.0
mode multiplier:  0.0
mode multiplier:  0.0
mode multiplier:  0.0
mode multiplier:  0.0
mode multiplier:  0.0
mode multiplier:  0.0
mode multiplier:  0.0
mode multiplier:  0.0
mode multiplier:  0.0
mode multiplier:  0.0
mode multiplier:  0.0
mode multiplier:  0.0
mode multiplier:  0.0
mode multiplier:  0.0
mode multiplier:  0.0
mode multiplier:  0.0
mode multiplier:  0.0
mode multiplier:  0.0
mode multiplier:  0.0
mode multiplier:  0.0
mode multiplier:  0.0
mode multiplier:  0.0
mode multiplier:  0.0
mode multiplier:  0.0
mode multiplier:  0.0
mode multiplier:  0.0
mode multiplier:  0.0
mode multiplier:  0.0
mode multiplier:  0.0
mode multiplier:  0.0
mode multiplier:  0.0
mode multiplier:  0.0
mode multiplier:  0.0
mode multiplier:  0.0
mode multiplier:  0.0
mode multiplier:  0.0
mode multiplier:  0.0
mode multiplier:  0.0
mode multiplier:  0.0
mode multiplier:  0.0
mode multiplier:  0.0
mode multiplier:  0.0
mode multiplier:  0.0
Interpolating fields...
mode multiplier:  0.0
mode multiplier:  0.0
mode multiplier:  0.0
mode multiplier:  0.0
mode multiplier:  0.0
mode multiplier:  0.0
mode multiplier:  0.0
mode multiplier:  0.0
mode multiplier:  0.0
mode multiplier:  0.0
mode multiplier:  0.0
mode multiplier:  0.0
mode multiplier:  0.0
slurmstepd: error: Detected 1 oom_kill event in StepId=39051374.0. Some of the step tasks have been OOM Killed.
srun: error: nid004889: task 54: Out Of Memory
srun: Terminating StepId=39051374.0
slurmstepd: error: *** STEP 39051374.0 ON nid004889 CANCELLED AT 2025-05-27T23:01:03 ***
