[nid006069:1111740] mca_base_component_repository_open: unable to open mca_btl_openib: /usr/lib64/libnl-3.so.200: version `libnl_3_5' not found (required by /global/homes/b/billert/.conda/envs/gpu_orm_minimal/lib/openmpi/.././libnl-route-3.so.200) (ignored)
[nid006069:1111835] mca_base_component_repository_open: unable to open mca_btl_openib: /usr/lib64/libnl-3.so.200: version `libnl_3_5' not found (required by /global/homes/b/billert/.conda/envs/gpu_orm_minimal/lib/openmpi/.././libnl-route-3.so.200) (ignored)
[nid006069:1111670] mca_base_component_repository_open: unable to open mca_btl_openib: /usr/lib64/libnl-3.so.200: version `libnl_3_5' not found (required by /global/homes/b/billert/.conda/envs/gpu_orm_minimal/lib/openmpi/.././libnl-route-3.so.200) (ignored)
[nid006069:1111869] mca_base_component_repository_open: unable to open mca_btl_openib: /usr/lib64/libnl-3.so.200: version `libnl_3_5' not found (required by /global/homes/b/billert/.conda/envs/gpu_orm_minimal/lib/openmpi/.././libnl-route-3.so.200) (ignored)
[nid006069:1111798] mca_base_component_repository_open: unable to open mca_btl_openib: /usr/lib64/libnl-3.so.200: version `libnl_3_5' not found (required by /global/homes/b/billert/.conda/envs/gpu_orm_minimal/lib/openmpi/.././libnl-route-3.so.200) (ignored)
[nid006069:1111677] mca_base_component_repository_open: unable to open mca_btl_openib: /usr/lib64/libnl-3.so.200: version `libnl_3_5' not found (required by /global/homes/b/billert/.conda/envs/gpu_orm_minimal/lib/openmpi/.././libnl-route-3.so.200) (ignored)
[nid006069:1111644] mca_base_component_repository_open: unable to open mca_btl_openib: /usr/lib64/libnl-3.so.200: version `libnl_3_5' not found (required by /global/homes/b/billert/.conda/envs/gpu_orm_minimal/lib/openmpi/.././libnl-route-3.so.200) (ignored)
[nid006069:1111769] mca_base_component_repository_open: unable to open mca_btl_openib: /usr/lib64/libnl-3.so.200: version `libnl_3_5' not found (required by /global/homes/b/billert/.conda/envs/gpu_orm_minimal/lib/openmpi/.././libnl-route-3.so.200) (ignored)
[nid006069:1111708] mca_base_component_repository_open: unable to open mca_btl_openib: /usr/lib64/libnl-3.so.200: version `libnl_3_5' not found (required by /global/homes/b/billert/.conda/envs/gpu_orm_minimal/lib/openmpi/.././libnl-route-3.so.200) (ignored)
[nid006069:1111672] mca_base_component_repository_open: unable to open mca_btl_openib: /usr/lib64/libnl-3.so.200: version `libnl_3_5' not found (required by /global/homes/b/billert/.conda/envs/gpu_orm_minimal/lib/openmpi/.././libnl-route-3.so.200) (ignored)
[nid006069:1111710] mca_base_component_repository_open: unable to open mca_btl_openib: /usr/lib64/libnl-3.so.200: version `libnl_3_5' not found (required by /global/homes/b/billert/.conda/envs/gpu_orm_minimal/lib/openmpi/.././libnl-route-3.so.200) (ignored)
[nid006069:1111870] mca_base_component_repository_open: unable to open mca_btl_openib: /usr/lib64/libnl-3.so.200: version `libnl_3_5' not found (required by /global/homes/b/billert/.conda/envs/gpu_orm_minimal/lib/openmpi/.././libnl-route-3.so.200) (ignored)
[nid006069:1111838] mca_base_component_repository_open: unable to open mca_btl_openib: /usr/lib64/libnl-3.so.200: version `libnl_3_5' not found (required by /global/homes/b/billert/.conda/envs/gpu_orm_minimal/lib/openmpi/.././libnl-route-3.so.200) (ignored)
[nid006069:1111866] mca_base_component_repository_open: unable to open mca_btl_openib: /usr/lib64/libnl-3.so.200: version `libnl_3_5' not found (required by /global/homes/b/billert/.conda/envs/gpu_orm_minimal/lib/openmpi/.././libnl-route-3.so.200) (ignored)
[nid006069:1111830] mca_base_component_repository_open: unable to open mca_btl_openib: /usr/lib64/libnl-3.so.200: version `libnl_3_5' not found (required by /global/homes/b/billert/.conda/envs/gpu_orm_minimal/lib/openmpi/.././libnl-route-3.so.200) (ignored)
[nid006069:1111702] mca_base_component_repository_open: unable to open mca_btl_openib: /usr/lib64/libnl-3.so.200: version `libnl_3_5' not found (required by /global/homes/b/billert/.conda/envs/gpu_orm_minimal/lib/openmpi/.././libnl-route-3.so.200) (ignored)
[nid006069:1111738] mca_base_component_repository_open: unable to open mca_btl_openib: /usr/lib64/libnl-3.so.200: version `libnl_3_5' not found (required by /global/homes/b/billert/.conda/envs/gpu_orm_minimal/lib/openmpi/.././libnl-route-3.so.200) (ignored)
[nid006069:1111832] mca_base_component_repository_open: unable to open mca_btl_openib: /usr/lib64/libnl-3.so.200: version `libnl_3_5' not found (required by /global/homes/b/billert/.conda/envs/gpu_orm_minimal/lib/openmpi/.././libnl-route-3.so.200) (ignored)
[nid006069:1111746] mca_base_component_repository_open: unable to open mca_btl_openib: /usr/lib64/libnl-3.so.200: version `libnl_3_5' not found (required by /global/homes/b/billert/.conda/envs/gpu_orm_minimal/lib/openmpi/.././libnl-route-3.so.200) (ignored)
[nid006069:1111837] mca_base_component_repository_open: unable to open mca_btl_openib: /usr/lib64/libnl-3.so.200: version `libnl_3_5' not found (required by /global/homes/b/billert/.conda/envs/gpu_orm_minimal/lib/openmpi/.././libnl-route-3.so.200) (ignored)
[nid006069:1111638] mca_base_component_repository_open: unable to open mca_btl_openib: /usr/lib64/libnl-3.so.200: version `libnl_3_5' not found (required by /global/homes/b/billert/.conda/envs/gpu_orm_minimal/lib/openmpi/.././libnl-route-3.so.200) (ignored)
[nid006069:1111772] mca_base_component_repository_open: unable to open mca_btl_openib: /usr/lib64/libnl-3.so.200: version `libnl_3_5' not found (required by /global/homes/b/billert/.conda/envs/gpu_orm_minimal/lib/openmpi/.././libnl-route-3.so.200) (ignored)
[nid006069:1111640] mca_base_component_repository_open: unable to open mca_btl_openib: /usr/lib64/libnl-3.so.200: version `libnl_3_5' not found (required by /global/homes/b/billert/.conda/envs/gpu_orm_minimal/lib/openmpi/.././libnl-route-3.so.200) (ignored)
[nid006069:1111778] mca_base_component_repository_open: unable to open mca_btl_openib: /usr/lib64/libnl-3.so.200: version `libnl_3_5' not found (required by /global/homes/b/billert/.conda/envs/gpu_orm_minimal/lib/openmpi/.././libnl-route-3.so.200) (ignored)
[nid006069:1111700] mca_base_component_repository_open: unable to open mca_btl_openib: /usr/lib64/libnl-3.so.200: version `libnl_3_5' not found (required by /global/homes/b/billert/.conda/envs/gpu_orm_minimal/lib/openmpi/.././libnl-route-3.so.200) (ignored)
[nid006069:1111840] mca_base_component_repository_open: unable to open mca_btl_openib: /usr/lib64/libnl-3.so.200: version `libnl_3_5' not found (required by /global/homes/b/billert/.conda/envs/gpu_orm_minimal/lib/openmpi/.././libnl-route-3.so.200) (ignored)
[nid006069:1111804] mca_base_component_repository_open: unable to open mca_btl_openib: /usr/lib64/libnl-3.so.200: version `libnl_3_5' not found (required by /global/homes/b/billert/.conda/envs/gpu_orm_minimal/lib/openmpi/.././libnl-route-3.so.200) (ignored)
[nid006069:1111682] mca_base_component_repository_open: unable to open mca_btl_openib: /usr/lib64/libnl-3.so.200: version `libnl_3_5' not found (required by /global/homes/b/billert/.conda/envs/gpu_orm_minimal/lib/openmpi/.././libnl-route-3.so.200) (ignored)
[nid006069:1111657] mca_base_component_repository_open: unable to open mca_btl_openib: /usr/lib64/libnl-3.so.200: version `libnl_3_5' not found (required by /global/homes/b/billert/.conda/envs/gpu_orm_minimal/lib/openmpi/.././libnl-route-3.so.200) (ignored)
[nid006069:1111843] mca_base_component_repository_open: unable to open mca_btl_openib: /usr/lib64/libnl-3.so.200: version `libnl_3_5' not found (required by /global/homes/b/billert/.conda/envs/gpu_orm_minimal/lib/openmpi/.././libnl-route-3.so.200) (ignored)
[nid006069:1111743] mca_base_component_repository_open: unable to open mca_btl_openib: /usr/lib64/libnl-3.so.200: version `libnl_3_5' not found (required by /global/homes/b/billert/.conda/envs/gpu_orm_minimal/lib/openmpi/.././libnl-route-3.so.200) (ignored)
[nid006069:1111646] mca_base_component_repository_open: unable to open mca_btl_openib: /usr/lib64/libnl-3.so.200: version `libnl_3_5' not found (required by /global/homes/b/billert/.conda/envs/gpu_orm_minimal/lib/openmpi/.././libnl-route-3.so.200) (ignored)
[nid006069:1111806] mca_base_component_repository_open: unable to open mca_btl_openib: /usr/lib64/libnl-3.so.200: version `libnl_3_5' not found (required by /global/homes/b/billert/.conda/envs/gpu_orm_minimal/lib/openmpi/.././libnl-route-3.so.200) (ignored)
[nid006069:1111775] mca_base_component_repository_open: unable to open mca_btl_openib: /usr/lib64/libnl-3.so.200: version `libnl_3_5' not found (required by /global/homes/b/billert/.conda/envs/gpu_orm_minimal/lib/openmpi/.././libnl-route-3.so.200) (ignored)
[nid006069:1111860] mca_base_component_repository_open: unable to open mca_btl_openib: /usr/lib64/libnl-3.so.200: version `libnl_3_5' not found (required by /global/homes/b/billert/.conda/envs/gpu_orm_minimal/lib/openmpi/.././libnl-route-3.so.200) (ignored)
[nid006069:1111776] mca_base_component_repository_open: unable to open mca_btl_openib: /usr/lib64/libnl-3.so.200: version `libnl_3_5' not found (required by /global/homes/b/billert/.conda/envs/gpu_orm_minimal/lib/openmpi/.././libnl-route-3.so.200) (ignored)
[nid006069:1111713] mca_base_component_repository_open: unable to open mca_btl_openib: /usr/lib64/libnl-3.so.200: version `libnl_3_5' not found (required by /global/homes/b/billert/.conda/envs/gpu_orm_minimal/lib/openmpi/.././libnl-route-3.so.200) (ignored)
[nid006069:1111800] mca_base_component_repository_open: unable to open mca_btl_openib: /usr/lib64/libnl-3.so.200: version `libnl_3_5' not found (required by /global/homes/b/billert/.conda/envs/gpu_orm_minimal/lib/openmpi/.././libnl-route-3.so.200) (ignored)
[nid006069:1111707] mca_base_component_repository_open: unable to open mca_btl_openib: /usr/lib64/libnl-3.so.200: version `libnl_3_5' not found (required by /global/homes/b/billert/.conda/envs/gpu_orm_minimal/lib/openmpi/.././libnl-route-3.so.200) (ignored)
[nid006069:1111624] mca_base_component_repository_open: unable to open mca_btl_openib: /usr/lib64/libnl-3.so.200: version `libnl_3_5' not found (required by /global/homes/b/billert/.conda/envs/gpu_orm_minimal/lib/openmpi/.././libnl-route-3.so.200) (ignored)
[nid006069:1111808] mca_base_component_repository_open: unable to open mca_btl_openib: /usr/lib64/libnl-3.so.200: version `libnl_3_5' not found (required by /global/homes/b/billert/.conda/envs/gpu_orm_minimal/lib/openmpi/.././libnl-route-3.so.200) (ignored)
[nid006069:1111650] mca_base_component_repository_open: unable to open mca_btl_openib: /usr/lib64/libnl-3.so.200: version `libnl_3_5' not found (required by /global/homes/b/billert/.conda/envs/gpu_orm_minimal/lib/openmpi/.././libnl-route-3.so.200) (ignored)
[nid006069:1111864] mca_base_component_repository_open: unable to open mca_btl_openib: /usr/lib64/libnl-3.so.200: version `libnl_3_5' not found (required by /global/homes/b/billert/.conda/envs/gpu_orm_minimal/lib/openmpi/.././libnl-route-3.so.200) (ignored)
[nid006069:1111810] mca_base_component_repository_open: unable to open mca_btl_openib: /usr/lib64/libnl-3.so.200: version `libnl_3_5' not found (required by /global/homes/b/billert/.conda/envs/gpu_orm_minimal/lib/openmpi/.././libnl-route-3.so.200) (ignored)
[nid006069:1111796] mca_base_component_repository_open: unable to open mca_btl_openib: /usr/lib64/libnl-3.so.200: version `libnl_3_5' not found (required by /global/homes/b/billert/.conda/envs/gpu_orm_minimal/lib/openmpi/.././libnl-route-3.so.200) (ignored)
[nid006069:1111705] mca_base_component_repository_open: unable to open mca_btl_openib: /usr/lib64/libnl-3.so.200: version `libnl_3_5' not found (required by /global/homes/b/billert/.conda/envs/gpu_orm_minimal/lib/openmpi/.././libnl-route-3.so.200) (ignored)
[nid006069:1111770] mca_base_component_repository_open: unable to open mca_btl_openib: /usr/lib64/libnl-3.so.200: version `libnl_3_5' not found (required by /global/homes/b/billert/.conda/envs/gpu_orm_minimal/lib/openmpi/.././libnl-route-3.so.200) (ignored)
[nid006069:1111648] mca_base_component_repository_open: unable to open mca_btl_openib: /usr/lib64/libnl-3.so.200: version `libnl_3_5' not found (required by /global/homes/b/billert/.conda/envs/gpu_orm_minimal/lib/openmpi/.././libnl-route-3.so.200) (ignored)
[nid006069:1111681] mca_base_component_repository_open: unable to open mca_btl_openib: /usr/lib64/libnl-3.so.200: version `libnl_3_5' not found (required by /global/homes/b/billert/.conda/envs/gpu_orm_minimal/lib/openmpi/.././libnl-route-3.so.200) (ignored)
[nid006069:1111874] mca_base_component_repository_open: unable to open mca_btl_openib: /usr/lib64/libnl-3.so.200: version `libnl_3_5' not found (required by /global/homes/b/billert/.conda/envs/gpu_orm_minimal/lib/openmpi/.././libnl-route-3.so.200) (ignored)
[nid006069:1111735] mca_base_component_repository_open: unable to open mca_btl_openib: /usr/lib64/libnl-3.so.200: version `libnl_3_5' not found (required by /global/homes/b/billert/.conda/envs/gpu_orm_minimal/lib/openmpi/.././libnl-route-3.so.200) (ignored)
[nid006069:1111715] mca_base_component_repository_open: unable to open mca_btl_openib: /usr/lib64/libnl-3.so.200: version `libnl_3_5' not found (required by /global/homes/b/billert/.conda/envs/gpu_orm_minimal/lib/openmpi/.././libnl-route-3.so.200) (ignored)
[nid006069:1111736] mca_base_component_repository_open: unable to open mca_btl_openib: /usr/lib64/libnl-3.so.200: version `libnl_3_5' not found (required by /global/homes/b/billert/.conda/envs/gpu_orm_minimal/lib/openmpi/.././libnl-route-3.so.200) (ignored)
[nid006069:1111862] mca_base_component_repository_open: unable to open mca_btl_openib: /usr/lib64/libnl-3.so.200: version `libnl_3_5' not found (required by /global/homes/b/billert/.conda/envs/gpu_orm_minimal/lib/openmpi/.././libnl-route-3.so.200) (ignored)
[nid006069:1111872] mca_base_component_repository_open: unable to open mca_btl_openib: /usr/lib64/libnl-3.so.200: version `libnl_3_5' not found (required by /global/homes/b/billert/.conda/envs/gpu_orm_minimal/lib/openmpi/.././libnl-route-3.so.200) (ignored)
[nid006069:1111744] mca_base_component_repository_open: unable to open mca_btl_openib: /usr/lib64/libnl-3.so.200: version `libnl_3_5' not found (required by /global/homes/b/billert/.conda/envs/gpu_orm_minimal/lib/openmpi/.././libnl-route-3.so.200) (ignored)
[nid006069:1111732] mca_base_component_repository_open: unable to open mca_btl_openib: /usr/lib64/libnl-3.so.200: version `libnl_3_5' not found (required by /global/homes/b/billert/.conda/envs/gpu_orm_minimal/lib/openmpi/.././libnl-route-3.so.200) (ignored)
[nid006069:1111802] mca_base_component_repository_open: unable to open mca_btl_openib: /usr/lib64/libnl-3.so.200: version `libnl_3_5' not found (required by /global/homes/b/billert/.conda/envs/gpu_orm_minimal/lib/openmpi/.././libnl-route-3.so.200) (ignored)
[nid006069:1111766] mca_base_component_repository_open: unable to open mca_btl_openib: /usr/lib64/libnl-3.so.200: version `libnl_3_5' not found (required by /global/homes/b/billert/.conda/envs/gpu_orm_minimal/lib/openmpi/.././libnl-route-3.so.200) (ignored)
[nid006069:1111654] mca_base_component_repository_open: unable to open mca_btl_openib: /usr/lib64/libnl-3.so.200: version `libnl_3_5' not found (required by /global/homes/b/billert/.conda/envs/gpu_orm_minimal/lib/openmpi/.././libnl-route-3.so.200) (ignored)
[nid006069:1111675] mca_base_component_repository_open: unable to open mca_btl_openib: /usr/lib64/libnl-3.so.200: version `libnl_3_5' not found (required by /global/homes/b/billert/.conda/envs/gpu_orm_minimal/lib/openmpi/.././libnl-route-3.so.200) (ignored)
[nid006069:1111846] mca_base_component_repository_open: unable to open mca_btl_openib: /usr/lib64/libnl-3.so.200: version `libnl_3_5' not found (required by /global/homes/b/billert/.conda/envs/gpu_orm_minimal/lib/openmpi/.././libnl-route-3.so.200) (ignored)
[nid006069:1111787] mca_base_component_repository_open: unable to open mca_btl_openib: /usr/lib64/libnl-3.so.200: version `libnl_3_5' not found (required by /global/homes/b/billert/.conda/envs/gpu_orm_minimal/lib/openmpi/.././libnl-route-3.so.200) (ignored)
[nid006069:1111814] mca_base_component_repository_open: unable to open mca_btl_openib: /usr/lib64/libnl-3.so.200: version `libnl_3_5' not found (required by /global/homes/b/billert/.conda/envs/gpu_orm_minimal/lib/openmpi/.././libnl-route-3.so.200) (ignored)
[nid006069:1111850] mca_base_component_repository_open: unable to open mca_btl_openib: /usr/lib64/libnl-3.so.200: version `libnl_3_5' not found (required by /global/homes/b/billert/.conda/envs/gpu_orm_minimal/lib/openmpi/.././libnl-route-3.so.200) (ignored)
[nid006069:1111636] mca_base_component_repository_open: unable to open mca_btl_openib: /usr/lib64/libnl-3.so.200: version `libnl_3_5' not found (required by /global/homes/b/billert/.conda/envs/gpu_orm_minimal/lib/openmpi/.././libnl-route-3.so.200) (ignored)
[nid006069:1111679] mca_base_component_repository_open: unable to open mca_btl_openib: /usr/lib64/libnl-3.so.200: version `libnl_3_5' not found (required by /global/homes/b/billert/.conda/envs/gpu_orm_minimal/lib/openmpi/.././libnl-route-3.so.200) (ignored)
[nid006069:1111816] mca_base_component_repository_open: unable to open mca_btl_openib: /usr/lib64/libnl-3.so.200: version `libnl_3_5' not found (required by /global/homes/b/billert/.conda/envs/gpu_orm_minimal/lib/openmpi/.././libnl-route-3.so.200) (ignored)
[nid006069:1111829] mca_base_component_repository_open: unable to open mca_btl_openib: /usr/lib64/libnl-3.so.200: version `libnl_3_5' not found (required by /global/homes/b/billert/.conda/envs/gpu_orm_minimal/lib/openmpi/.././libnl-route-3.so.200) (ignored)
[nid006069:1111669] mca_base_component_repository_open: unable to open mca_btl_openib: /usr/lib64/libnl-3.so.200: version `libnl_3_5' not found (required by /global/homes/b/billert/.conda/envs/gpu_orm_minimal/lib/openmpi/.././libnl-route-3.so.200) (ignored)
[nid006069:1111642] mca_base_component_repository_open: unable to open mca_btl_openib: /usr/lib64/libnl-3.so.200: version `libnl_3_5' not found (required by /global/homes/b/billert/.conda/envs/gpu_orm_minimal/lib/openmpi/.././libnl-route-3.so.200) (ignored)
[nid006069:1111622] mca_base_component_repository_open: unable to open mca_btl_openib: /usr/lib64/libnl-3.so.200: version `libnl_3_5' not found (required by /global/homes/b/billert/.conda/envs/gpu_orm_minimal/lib/openmpi/.././libnl-route-3.so.200) (ignored)
[nid006069:1111764] mca_base_component_repository_open: unable to open mca_btl_openib: /usr/lib64/libnl-3.so.200: version `libnl_3_5' not found (required by /global/homes/b/billert/.conda/envs/gpu_orm_minimal/lib/openmpi/.././libnl-route-3.so.200) (ignored)
[nid006069:1111721] mca_base_component_repository_open: unable to open mca_btl_openib: /usr/lib64/libnl-3.so.200: version `libnl_3_5' not found (required by /global/homes/b/billert/.conda/envs/gpu_orm_minimal/lib/openmpi/.././libnl-route-3.so.200) (ignored)
[nid006069:1111754] mca_base_component_repository_open: unable to open mca_btl_openib: /usr/lib64/libnl-3.so.200: version `libnl_3_5' not found (required by /global/homes/b/billert/.conda/envs/gpu_orm_minimal/lib/openmpi/.././libnl-route-3.so.200) (ignored)
[nid006069:1111722] mca_base_component_repository_open: unable to open mca_btl_openib: /usr/lib64/libnl-3.so.200: version `libnl_3_5' not found (required by /global/homes/b/billert/.conda/envs/gpu_orm_minimal/lib/openmpi/.././libnl-route-3.so.200) (ignored)
[nid006069:1111818] mca_base_component_repository_open: unable to open mca_btl_openib: /usr/lib64/libnl-3.so.200: version `libnl_3_5' not found (required by /global/homes/b/billert/.conda/envs/gpu_orm_minimal/lib/openmpi/.././libnl-route-3.so.200) (ignored)
[nid006069:1111626] mca_base_component_repository_open: unable to open mca_btl_openib: /usr/lib64/libnl-3.so.200: version `libnl_3_5' not found (required by /global/homes/b/billert/.conda/envs/gpu_orm_minimal/lib/openmpi/.././libnl-route-3.so.200) (ignored)
[nid006069:1111752] mca_base_component_repository_open: unable to open mca_btl_openib: /usr/lib64/libnl-3.so.200: version `libnl_3_5' not found (required by /global/homes/b/billert/.conda/envs/gpu_orm_minimal/lib/openmpi/.././libnl-route-3.so.200) (ignored)
[nid006069:1111781] mca_base_component_repository_open: unable to open mca_btl_openib: /usr/lib64/libnl-3.so.200: version `libnl_3_5' not found (required by /global/homes/b/billert/.conda/envs/gpu_orm_minimal/lib/openmpi/.././libnl-route-3.so.200) (ignored)
[nid006069:1111689] mca_base_component_repository_open: unable to open mca_btl_openib: /usr/lib64/libnl-3.so.200: version `libnl_3_5' not found (required by /global/homes/b/billert/.conda/envs/gpu_orm_minimal/lib/openmpi/.././libnl-route-3.so.200) (ignored)
[nid006069:1111686] mca_base_component_repository_open: unable to open mca_btl_openib: /usr/lib64/libnl-3.so.200: version `libnl_3_5' not found (required by /global/homes/b/billert/.conda/envs/gpu_orm_minimal/lib/openmpi/.././libnl-route-3.so.200) (ignored)
[nid006069:1111748] mca_base_component_repository_open: unable to open mca_btl_openib: /usr/lib64/libnl-3.so.200: version `libnl_3_5' not found (required by /global/homes/b/billert/.conda/envs/gpu_orm_minimal/lib/openmpi/.././libnl-route-3.so.200) (ignored)
[nid006069:1111760] mca_base_component_repository_open: unable to open mca_btl_openib: /usr/lib64/libnl-3.so.200: version `libnl_3_5' not found (required by /global/homes/b/billert/.conda/envs/gpu_orm_minimal/lib/openmpi/.././libnl-route-3.so.200) (ignored)
[nid006069:1111684] mca_base_component_repository_open: unable to open mca_btl_openib: /usr/lib64/libnl-3.so.200: version `libnl_3_5' not found (required by /global/homes/b/billert/.conda/envs/gpu_orm_minimal/lib/openmpi/.././libnl-route-3.so.200) (ignored)
[nid006069:1111784] mca_base_component_repository_open: unable to open mca_btl_openib: /usr/lib64/libnl-3.so.200: version `libnl_3_5' not found (required by /global/homes/b/billert/.conda/envs/gpu_orm_minimal/lib/openmpi/.././libnl-route-3.so.200) (ignored)
[nid006069:1111718] mca_base_component_repository_open: unable to open mca_btl_openib: /usr/lib64/libnl-3.so.200: version `libnl_3_5' not found (required by /global/homes/b/billert/.conda/envs/gpu_orm_minimal/lib/openmpi/.././libnl-route-3.so.200) (ignored)
[nid006069:1111848] mca_base_component_repository_open: unable to open mca_btl_openib: /usr/lib64/libnl-3.so.200: version `libnl_3_5' not found (required by /global/homes/b/billert/.conda/envs/gpu_orm_minimal/lib/openmpi/.././libnl-route-3.so.200) (ignored)
[nid006069:1111750] mca_base_component_repository_open: unable to open mca_btl_openib: /usr/lib64/libnl-3.so.200: version `libnl_3_5' not found (required by /global/homes/b/billert/.conda/envs/gpu_orm_minimal/lib/openmpi/.././libnl-route-3.so.200) (ignored)
[nid006069:1111697] mca_base_component_repository_open: unable to open mca_btl_openib: /usr/lib64/libnl-3.so.200: version `libnl_3_5' not found (required by /global/homes/b/billert/.conda/envs/gpu_orm_minimal/lib/openmpi/.././libnl-route-3.so.200) (ignored)
[nid006069:1111716] mca_base_component_repository_open: unable to open mca_btl_openib: /usr/lib64/libnl-3.so.200: version `libnl_3_5' not found (required by /global/homes/b/billert/.conda/envs/gpu_orm_minimal/lib/openmpi/.././libnl-route-3.so.200) (ignored)
[nid006069:1111789] mca_base_component_repository_open: unable to open mca_btl_openib: /usr/lib64/libnl-3.so.200: version `libnl_3_5' not found (required by /global/homes/b/billert/.conda/envs/gpu_orm_minimal/lib/openmpi/.././libnl-route-3.so.200) (ignored)
[nid006069:1111845] mca_base_component_repository_open: unable to open mca_btl_openib: /usr/lib64/libnl-3.so.200: version `libnl_3_5' not found (required by /global/homes/b/billert/.conda/envs/gpu_orm_minimal/lib/openmpi/.././libnl-route-3.so.200) (ignored)
[nid006069:1111762] mca_base_component_repository_open: unable to open mca_btl_openib: /usr/lib64/libnl-3.so.200: version `libnl_3_5' not found (required by /global/homes/b/billert/.conda/envs/gpu_orm_minimal/lib/openmpi/.././libnl-route-3.so.200) (ignored)
[nid006069:1111783] mca_base_component_repository_open: unable to open mca_btl_openib: /usr/lib64/libnl-3.so.200: version `libnl_3_5' not found (required by /global/homes/b/billert/.conda/envs/gpu_orm_minimal/lib/openmpi/.././libnl-route-3.so.200) (ignored)
[nid006069:1111726] mca_base_component_repository_open: unable to open mca_btl_openib: /usr/lib64/libnl-3.so.200: version `libnl_3_5' not found (required by /global/homes/b/billert/.conda/envs/gpu_orm_minimal/lib/openmpi/.././libnl-route-3.so.200) (ignored)
[nid006069:1111758] mca_base_component_repository_open: unable to open mca_btl_openib: /usr/lib64/libnl-3.so.200: version `libnl_3_5' not found (required by /global/homes/b/billert/.conda/envs/gpu_orm_minimal/lib/openmpi/.././libnl-route-3.so.200) (ignored)
[nid006069:1111854] mca_base_component_repository_open: unable to open mca_btl_openib: /usr/lib64/libnl-3.so.200: version `libnl_3_5' not found (required by /global/homes/b/billert/.conda/envs/gpu_orm_minimal/lib/openmpi/.././libnl-route-3.so.200) (ignored)
[nid006069:1111790] mca_base_component_repository_open: unable to open mca_btl_openib: /usr/lib64/libnl-3.so.200: version `libnl_3_5' not found (required by /global/homes/b/billert/.conda/envs/gpu_orm_minimal/lib/openmpi/.././libnl-route-3.so.200) (ignored)
[nid006069:1111632] mca_base_component_repository_open: unable to open mca_btl_openib: /usr/lib64/libnl-3.so.200: version `libnl_3_5' not found (required by /global/homes/b/billert/.conda/envs/gpu_orm_minimal/lib/openmpi/.././libnl-route-3.so.200) (ignored)
[nid006069:1111693] mca_base_component_repository_open: unable to open mca_btl_openib: /usr/lib64/libnl-3.so.200: version `libnl_3_5' not found (required by /global/homes/b/billert/.conda/envs/gpu_orm_minimal/lib/openmpi/.././libnl-route-3.so.200) (ignored)
[nid006069:1111658] mca_base_component_repository_open: unable to open mca_btl_openib: /usr/lib64/libnl-3.so.200: version `libnl_3_5' not found (required by /global/homes/b/billert/.conda/envs/gpu_orm_minimal/lib/openmpi/.././libnl-route-3.so.200) (ignored)
[nid006069:1111621] mca_base_component_repository_open: unable to open mca_btl_openib: /usr/lib64/libnl-3.so.200: version `libnl_3_5' not found (required by /global/homes/b/billert/.conda/envs/gpu_orm_minimal/lib/openmpi/.././libnl-route-3.so.200) (ignored)
[nid006069:1111664] mca_base_component_repository_open: unable to open mca_btl_openib: /usr/lib64/libnl-3.so.200: version `libnl_3_5' not found (required by /global/homes/b/billert/.conda/envs/gpu_orm_minimal/lib/openmpi/.././libnl-route-3.so.200) (ignored)
[nid006069:1111730] mca_base_component_repository_open: unable to open mca_btl_openib: /usr/lib64/libnl-3.so.200: version `libnl_3_5' not found (required by /global/homes/b/billert/.conda/envs/gpu_orm_minimal/lib/openmpi/.././libnl-route-3.so.200) (ignored)
[nid006069:1111698] mca_base_component_repository_open: unable to open mca_btl_openib: /usr/lib64/libnl-3.so.200: version `libnl_3_5' not found (required by /global/homes/b/billert/.conda/envs/gpu_orm_minimal/lib/openmpi/.././libnl-route-3.so.200) (ignored)
[nid006069:1111628] mca_base_component_repository_open: unable to open mca_btl_openib: /usr/lib64/libnl-3.so.200: version `libnl_3_5' not found (required by /global/homes/b/billert/.conda/envs/gpu_orm_minimal/lib/openmpi/.././libnl-route-3.so.200) (ignored)
[nid006069:1111812] mca_base_component_repository_open: unable to open mca_btl_openib: /usr/lib64/libnl-3.so.200: version `libnl_3_5' not found (required by /global/homes/b/billert/.conda/envs/gpu_orm_minimal/lib/openmpi/.././libnl-route-3.so.200) (ignored)
[nid006069:1111728] mca_base_component_repository_open: unable to open mca_btl_openib: /usr/lib64/libnl-3.so.200: version `libnl_3_5' not found (required by /global/homes/b/billert/.conda/envs/gpu_orm_minimal/lib/openmpi/.././libnl-route-3.so.200) (ignored)
[nid006069:1111666] mca_base_component_repository_open: unable to open mca_btl_openib: /usr/lib64/libnl-3.so.200: version `libnl_3_5' not found (required by /global/homes/b/billert/.conda/envs/gpu_orm_minimal/lib/openmpi/.././libnl-route-3.so.200) (ignored)
[nid006069:1111823] mca_base_component_repository_open: unable to open mca_btl_openib: /usr/lib64/libnl-3.so.200: version `libnl_3_5' not found (required by /global/homes/b/billert/.conda/envs/gpu_orm_minimal/lib/openmpi/.././libnl-route-3.so.200) (ignored)
[nid006069:1111856] mca_base_component_repository_open: unable to open mca_btl_openib: /usr/lib64/libnl-3.so.200: version `libnl_3_5' not found (required by /global/homes/b/billert/.conda/envs/gpu_orm_minimal/lib/openmpi/.././libnl-route-3.so.200) (ignored)
[nid006069:1111690] mca_base_component_repository_open: unable to open mca_btl_openib: /usr/lib64/libnl-3.so.200: version `libnl_3_5' not found (required by /global/homes/b/billert/.conda/envs/gpu_orm_minimal/lib/openmpi/.././libnl-route-3.so.200) (ignored)
[nid006069:1111634] mca_base_component_repository_open: unable to open mca_btl_openib: /usr/lib64/libnl-3.so.200: version `libnl_3_5' not found (required by /global/homes/b/billert/.conda/envs/gpu_orm_minimal/lib/openmpi/.././libnl-route-3.so.200) (ignored)
[nid006069:1111824] mca_base_component_repository_open: unable to open mca_btl_openib: /usr/lib64/libnl-3.so.200: version `libnl_3_5' not found (required by /global/homes/b/billert/.conda/envs/gpu_orm_minimal/lib/openmpi/.././libnl-route-3.so.200) (ignored)
[nid006069:1111695] mca_base_component_repository_open: unable to open mca_btl_openib: /usr/lib64/libnl-3.so.200: version `libnl_3_5' not found (required by /global/homes/b/billert/.conda/envs/gpu_orm_minimal/lib/openmpi/.././libnl-route-3.so.200) (ignored)
[nid006069:1111826] mca_base_component_repository_open: unable to open mca_btl_openib: /usr/lib64/libnl-3.so.200: version `libnl_3_5' not found (required by /global/homes/b/billert/.conda/envs/gpu_orm_minimal/lib/openmpi/.././libnl-route-3.so.200) (ignored)
[nid006069:1111630] mca_base_component_repository_open: unable to open mca_btl_openib: /usr/lib64/libnl-3.so.200: version `libnl_3_5' not found (required by /global/homes/b/billert/.conda/envs/gpu_orm_minimal/lib/openmpi/.././libnl-route-3.so.200) (ignored)
[nid006069:1111663] mca_base_component_repository_open: unable to open mca_btl_openib: /usr/lib64/libnl-3.so.200: version `libnl_3_5' not found (required by /global/homes/b/billert/.conda/envs/gpu_orm_minimal/lib/openmpi/.././libnl-route-3.so.200) (ignored)
[nid006069:1111858] mca_base_component_repository_open: unable to open mca_btl_openib: /usr/lib64/libnl-3.so.200: version `libnl_3_5' not found (required by /global/homes/b/billert/.conda/envs/gpu_orm_minimal/lib/openmpi/.././libnl-route-3.so.200) (ignored)
[nid006069:1111756] mca_base_component_repository_open: unable to open mca_btl_openib: /usr/lib64/libnl-3.so.200: version `libnl_3_5' not found (required by /global/homes/b/billert/.conda/envs/gpu_orm_minimal/lib/openmpi/.././libnl-route-3.so.200) (ignored)
[nid006069:1111724] mca_base_component_repository_open: unable to open mca_btl_openib: /usr/lib64/libnl-3.so.200: version `libnl_3_5' not found (required by /global/homes/b/billert/.conda/envs/gpu_orm_minimal/lib/openmpi/.././libnl-route-3.so.200) (ignored)
[nid006069:1111653] mca_base_component_repository_open: unable to open mca_btl_openib: /usr/lib64/libnl-3.so.200: version `libnl_3_5' not found (required by /global/homes/b/billert/.conda/envs/gpu_orm_minimal/lib/openmpi/.././libnl-route-3.so.200) (ignored)
[nid006069:1111794] mca_base_component_repository_open: unable to open mca_btl_openib: /usr/lib64/libnl-3.so.200: version `libnl_3_5' not found (required by /global/homes/b/billert/.conda/envs/gpu_orm_minimal/lib/openmpi/.././libnl-route-3.so.200) (ignored)
[nid006069:1111820] mca_base_component_repository_open: unable to open mca_btl_openib: /usr/lib64/libnl-3.so.200: version `libnl_3_5' not found (required by /global/homes/b/billert/.conda/envs/gpu_orm_minimal/lib/openmpi/.././libnl-route-3.so.200) (ignored)
[nid006069:1111792] mca_base_component_repository_open: unable to open mca_btl_openib: /usr/lib64/libnl-3.so.200: version `libnl_3_5' not found (required by /global/homes/b/billert/.conda/envs/gpu_orm_minimal/lib/openmpi/.././libnl-route-3.so.200) (ignored)
[nid006069:1111852] mca_base_component_repository_open: unable to open mca_btl_openib: /usr/lib64/libnl-3.so.200: version `libnl_3_5' not found (required by /global/homes/b/billert/.conda/envs/gpu_orm_minimal/lib/openmpi/.././libnl-route-3.so.200) (ignored)
[nid006069:1111660] mca_base_component_repository_open: unable to open mca_btl_openib: /usr/lib64/libnl-3.so.200: version `libnl_3_5' not found (required by /global/homes/b/billert/.conda/envs/gpu_orm_minimal/lib/openmpi/.././libnl-route-3.so.200) (ignored)
Interpolating fields...
Prepare initial conditions
Begin particle tracking...
Save IDs of lost particles
Total particles tracked: 5
First particle data shape: (1002, 6)
First particle initial state: [ 0.00000000e+00  5.22276965e-01 -6.84657889e-01  4.87096066e-01
 -2.57231284e+06  0.00000000e+00]
First particle final state: [ 1.00000000e-06  4.92651934e-01 -4.47753838e-01  2.52703218e-01
 -4.24597495e+06  1.00000000e-06]
All done.
Processed 5 particles
Results saved to output
Runtime 55.76741075515747 seconds
