[nid005332:667608] mca_base_component_repository_open: unable to open mca_btl_openib: /usr/lib64/libnl-3.so.200: version `libnl_3_5' not found (required by /global/homes/b/billert/.conda/envs/gpu_orm_minimal/lib/openmpi/.././libnl-route-3.so.200) (ignored)
[nid005332:667579] mca_base_component_repository_open: unable to open mca_btl_openib: /usr/lib64/libnl-3.so.200: version `libnl_3_5' not found (required by /global/homes/b/billert/.conda/envs/gpu_orm_minimal/lib/openmpi/.././libnl-route-3.so.200) (ignored)
[nid005332:667740] mca_base_component_repository_open: unable to open mca_btl_openib: /usr/lib64/libnl-3.so.200: version `libnl_3_5' not found (required by /global/homes/b/billert/.conda/envs/gpu_orm_minimal/lib/openmpi/.././libnl-route-3.so.200) (ignored)
[nid005332:667610] mca_base_component_repository_open: unable to open mca_btl_openib: /usr/lib64/libnl-3.so.200: version `libnl_3_5' not found (required by /global/homes/b/billert/.conda/envs/gpu_orm_minimal/lib/openmpi/.././libnl-route-3.so.200) (ignored)
[nid005332:667772] mca_base_component_repository_open: unable to open mca_btl_openib: /usr/lib64/libnl-3.so.200: version `libnl_3_5' not found (required by /global/homes/b/billert/.conda/envs/gpu_orm_minimal/lib/openmpi/.././libnl-route-3.so.200) (ignored)
[nid005332:667548] mca_base_component_repository_open: unable to open mca_btl_openib: /usr/lib64/libnl-3.so.200: version `libnl_3_5' not found (required by /global/homes/b/billert/.conda/envs/gpu_orm_minimal/lib/openmpi/.././libnl-route-3.so.200) (ignored)
[nid005332:667739] mca_base_component_repository_open: unable to open mca_btl_openib: /usr/lib64/libnl-3.so.200: version `libnl_3_5' not found (required by /global/homes/b/billert/.conda/envs/gpu_orm_minimal/lib/openmpi/.././libnl-route-3.so.200) (ignored)
[nid005332:667642] mca_base_component_repository_open: unable to open mca_btl_openib: /usr/lib64/libnl-3.so.200: version `libnl_3_5' not found (required by /global/homes/b/billert/.conda/envs/gpu_orm_minimal/lib/openmpi/.././libnl-route-3.so.200) (ignored)
[nid005332:667641] mca_base_component_repository_open: unable to open mca_btl_openib: /usr/lib64/libnl-3.so.200: version `libnl_3_5' not found (required by /global/homes/b/billert/.conda/envs/gpu_orm_minimal/lib/openmpi/.././libnl-route-3.so.200) (ignored)
[nid005332:667737] mca_base_component_repository_open: unable to open mca_btl_openib: /usr/lib64/libnl-3.so.200: version `libnl_3_5' not found (required by /global/homes/b/billert/.conda/envs/gpu_orm_minimal/lib/openmpi/.././libnl-route-3.so.200) (ignored)
[nid005332:667613] mca_base_component_repository_open: unable to open mca_btl_openib: /usr/lib64/libnl-3.so.200: version `libnl_3_5' not found (required by /global/homes/b/billert/.conda/envs/gpu_orm_minimal/lib/openmpi/.././libnl-route-3.so.200) (ignored)
[nid005332:667545] mca_base_component_repository_open: unable to open mca_btl_openib: /usr/lib64/libnl-3.so.200: version `libnl_3_5' not found (required by /global/homes/b/billert/.conda/envs/gpu_orm_minimal/lib/openmpi/.././libnl-route-3.so.200) (ignored)
[nid005332:667768] mca_base_component_repository_open: unable to open mca_btl_openib: /usr/lib64/libnl-3.so.200: version `libnl_3_5' not found (required by /global/homes/b/billert/.conda/envs/gpu_orm_minimal/lib/openmpi/.././libnl-route-3.so.200) (ignored)
[nid005332:667783] mca_base_component_repository_open: unable to open mca_btl_openib: /usr/lib64/libnl-3.so.200: version `libnl_3_5' not found (required by /global/homes/b/billert/.conda/envs/gpu_orm_minimal/lib/openmpi/.././libnl-route-3.so.200) (ignored)
[nid005332:667711] mca_base_component_repository_open: unable to open mca_btl_openib: /usr/lib64/libnl-3.so.200: version `libnl_3_5' not found (required by /global/homes/b/billert/.conda/envs/gpu_orm_minimal/lib/openmpi/.././libnl-route-3.so.200) (ignored)
[nid005332:667550] mca_base_component_repository_open: unable to open mca_btl_openib: /usr/lib64/libnl-3.so.200: version `libnl_3_5' not found (required by /global/homes/b/billert/.conda/envs/gpu_orm_minimal/lib/openmpi/.././libnl-route-3.so.200) (ignored)
[nid005332:667743] mca_base_component_repository_open: unable to open mca_btl_openib: /usr/lib64/libnl-3.so.200: version `libnl_3_5' not found (required by /global/homes/b/billert/.conda/envs/gpu_orm_minimal/lib/openmpi/.././libnl-route-3.so.200) (ignored)
[nid005332:667546] mca_base_component_repository_open: unable to open mca_btl_openib: /usr/lib64/libnl-3.so.200: version `libnl_3_5' not found (required by /global/homes/b/billert/.conda/envs/gpu_orm_minimal/lib/openmpi/.././libnl-route-3.so.200) (ignored)
[nid005332:667708] mca_base_component_repository_open: unable to open mca_btl_openib: /usr/lib64/libnl-3.so.200: version `libnl_3_5' not found (required by /global/homes/b/billert/.conda/envs/gpu_orm_minimal/lib/openmpi/.././libnl-route-3.so.200) (ignored)
[nid005332:667615] mca_base_component_repository_open: unable to open mca_btl_openib: /usr/lib64/libnl-3.so.200: version `libnl_3_5' not found (required by /global/homes/b/billert/.conda/envs/gpu_orm_minimal/lib/openmpi/.././libnl-route-3.so.200) (ignored)
[nid005332:667677] mca_base_component_repository_open: unable to open mca_btl_openib: /usr/lib64/libnl-3.so.200: version `libnl_3_5' not found (required by /global/homes/b/billert/.conda/envs/gpu_orm_minimal/lib/openmpi/.././libnl-route-3.so.200) (ignored)
[nid005332:667581] mca_base_component_repository_open: unable to open mca_btl_openib: /usr/lib64/libnl-3.so.200: version `libnl_3_5' not found (required by /global/homes/b/billert/.conda/envs/gpu_orm_minimal/lib/openmpi/.././libnl-route-3.so.200) (ignored)
[nid005332:667559] mca_base_component_repository_open: unable to open mca_btl_openib: /usr/lib64/libnl-3.so.200: version `libnl_3_5' not found (required by /global/homes/b/billert/.conda/envs/gpu_orm_minimal/lib/openmpi/.././libnl-route-3.so.200) (ignored)
[nid005332:667674] mca_base_component_repository_open: unable to open mca_btl_openib: /usr/lib64/libnl-3.so.200: version `libnl_3_5' not found (required by /global/homes/b/billert/.conda/envs/gpu_orm_minimal/lib/openmpi/.././libnl-route-3.so.200) (ignored)
[nid005332:667645] mca_base_component_repository_open: unable to open mca_btl_openib: /usr/lib64/libnl-3.so.200: version `libnl_3_5' not found (required by /global/homes/b/billert/.conda/envs/gpu_orm_minimal/lib/openmpi/.././libnl-route-3.so.200) (ignored)
[nid005332:667679] mca_base_component_repository_open: unable to open mca_btl_openib: /usr/lib64/libnl-3.so.200: version `libnl_3_5' not found (required by /global/homes/b/billert/.conda/envs/gpu_orm_minimal/lib/openmpi/.././libnl-route-3.so.200) (ignored)
[nid005332:667649] mca_base_component_repository_open: unable to open mca_btl_openib: /usr/lib64/libnl-3.so.200: version `libnl_3_5' not found (required by /global/homes/b/billert/.conda/envs/gpu_orm_minimal/lib/openmpi/.././libnl-route-3.so.200) (ignored)
[nid005332:667781] mca_base_component_repository_open: unable to open mca_btl_openib: /usr/lib64/libnl-3.so.200: version `libnl_3_5' not found (required by /global/homes/b/billert/.conda/envs/gpu_orm_minimal/lib/openmpi/.././libnl-route-3.so.200) (ignored)
[nid005332:667748] mca_base_component_repository_open: unable to open mca_btl_openib: /usr/lib64/libnl-3.so.200: version `libnl_3_5' not found (required by /global/homes/b/billert/.conda/envs/gpu_orm_minimal/lib/openmpi/.././libnl-route-3.so.200) (ignored)
[nid005332:667681] mca_base_component_repository_open: unable to open mca_btl_openib: /usr/lib64/libnl-3.so.200: version `libnl_3_5' not found (required by /global/homes/b/billert/.conda/envs/gpu_orm_minimal/lib/openmpi/.././libnl-route-3.so.200) (ignored)
[nid005332:667684] mca_base_component_repository_open: unable to open mca_btl_openib: /usr/lib64/libnl-3.so.200: version `libnl_3_5' not found (required by /global/homes/b/billert/.conda/envs/gpu_orm_minimal/lib/openmpi/.././libnl-route-3.so.200) (ignored)
[nid005332:667672] mca_base_component_repository_open: unable to open mca_btl_openib: /usr/lib64/libnl-3.so.200: version `libnl_3_5' not found (required by /global/homes/b/billert/.conda/envs/gpu_orm_minimal/lib/openmpi/.././libnl-route-3.so.200) (ignored)
[nid005332:667745] mca_base_component_repository_open: unable to open mca_btl_openib: /usr/lib64/libnl-3.so.200: version `libnl_3_5' not found (required by /global/homes/b/billert/.conda/envs/gpu_orm_minimal/lib/openmpi/.././libnl-route-3.so.200) (ignored)
[nid005332:667646] mca_base_component_repository_open: unable to open mca_btl_openib: /usr/lib64/libnl-3.so.200: version `libnl_3_5' not found (required by /global/homes/b/billert/.conda/envs/gpu_orm_minimal/lib/openmpi/.././libnl-route-3.so.200) (ignored)
[nid005332:667705] mca_base_component_repository_open: unable to open mca_btl_openib: /usr/lib64/libnl-3.so.200: version `libnl_3_5' not found (required by /global/homes/b/billert/.conda/envs/gpu_orm_minimal/lib/openmpi/.././libnl-route-3.so.200) (ignored)
[nid005332:667774] mca_base_component_repository_open: unable to open mca_btl_openib: /usr/lib64/libnl-3.so.200: version `libnl_3_5' not found (required by /global/homes/b/billert/.conda/envs/gpu_orm_minimal/lib/openmpi/.././libnl-route-3.so.200) (ignored)
[nid005332:667706] mca_base_component_repository_open: unable to open mca_btl_openib: /usr/lib64/libnl-3.so.200: version `libnl_3_5' not found (required by /global/homes/b/billert/.conda/envs/gpu_orm_minimal/lib/openmpi/.././libnl-route-3.so.200) (ignored)
[nid005332:667750] mca_base_component_repository_open: unable to open mca_btl_openib: /usr/lib64/libnl-3.so.200: version `libnl_3_5' not found (required by /global/homes/b/billert/.conda/envs/gpu_orm_minimal/lib/openmpi/.././libnl-route-3.so.200) (ignored)
[nid005332:667623] mca_base_component_repository_open: unable to open mca_btl_openib: /usr/lib64/libnl-3.so.200: version `libnl_3_5' not found (required by /global/homes/b/billert/.conda/envs/gpu_orm_minimal/lib/openmpi/.././libnl-route-3.so.200) (ignored)
[nid005332:667683] mca_base_component_repository_open: unable to open mca_btl_openib: /usr/lib64/libnl-3.so.200: version `libnl_3_5' not found (required by /global/homes/b/billert/.conda/envs/gpu_orm_minimal/lib/openmpi/.././libnl-route-3.so.200) (ignored)
[nid005332:667556] mca_base_component_repository_open: unable to open mca_btl_openib: /usr/lib64/libnl-3.so.200: version `libnl_3_5' not found (required by /global/homes/b/billert/.conda/envs/gpu_orm_minimal/lib/openmpi/.././libnl-route-3.so.200) (ignored)
[nid005332:667616] mca_base_component_repository_open: unable to open mca_btl_openib: /usr/lib64/libnl-3.so.200: version `libnl_3_5' not found (required by /global/homes/b/billert/.conda/envs/gpu_orm_minimal/lib/openmpi/.././libnl-route-3.so.200) (ignored)
[nid005332:667553] mca_base_component_repository_open: unable to open mca_btl_openib: /usr/lib64/libnl-3.so.200: version `libnl_3_5' not found (required by /global/homes/b/billert/.conda/envs/gpu_orm_minimal/lib/openmpi/.././libnl-route-3.so.200) (ignored)
[nid005332:667651] mca_base_component_repository_open: unable to open mca_btl_openib: /usr/lib64/libnl-3.so.200: version `libnl_3_5' not found (required by /global/homes/b/billert/.conda/envs/gpu_orm_minimal/lib/openmpi/.././libnl-route-3.so.200) (ignored)
[nid005332:667717] mca_base_component_repository_open: unable to open mca_btl_openib: /usr/lib64/libnl-3.so.200: version `libnl_3_5' not found (required by /global/homes/b/billert/.conda/envs/gpu_orm_minimal/lib/openmpi/.././libnl-route-3.so.200) (ignored)
[nid005332:667715] mca_base_component_repository_open: unable to open mca_btl_openib: /usr/lib64/libnl-3.so.200: version `libnl_3_5' not found (required by /global/homes/b/billert/.conda/envs/gpu_orm_minimal/lib/openmpi/.././libnl-route-3.so.200) (ignored)
[nid005332:667587] mca_base_component_repository_open: unable to open mca_btl_openib: /usr/lib64/libnl-3.so.200: version `libnl_3_5' not found (required by /global/homes/b/billert/.conda/envs/gpu_orm_minimal/lib/openmpi/.././libnl-route-3.so.200) (ignored)
[nid005332:667776] mca_base_component_repository_open: unable to open mca_btl_openib: /usr/lib64/libnl-3.so.200: version `libnl_3_5' not found (required by /global/homes/b/billert/.conda/envs/gpu_orm_minimal/lib/openmpi/.././libnl-route-3.so.200) (ignored)
[nid005332:667654] mca_base_component_repository_open: unable to open mca_btl_openib: /usr/lib64/libnl-3.so.200: version `libnl_3_5' not found (required by /global/homes/b/billert/.conda/envs/gpu_orm_minimal/lib/openmpi/.././libnl-route-3.so.200) (ignored)
[nid005332:667554] mca_base_component_repository_open: unable to open mca_btl_openib: /usr/lib64/libnl-3.so.200: version `libnl_3_5' not found (required by /global/homes/b/billert/.conda/envs/gpu_orm_minimal/lib/openmpi/.././libnl-route-3.so.200) (ignored)
[nid005332:667770] mca_base_component_repository_open: unable to open mca_btl_openib: /usr/lib64/libnl-3.so.200: version `libnl_3_5' not found (required by /global/homes/b/billert/.conda/envs/gpu_orm_minimal/lib/openmpi/.././libnl-route-3.so.200) (ignored)
[nid005332:667747] mca_base_component_repository_open: unable to open mca_btl_openib: /usr/lib64/libnl-3.so.200: version `libnl_3_5' not found (required by /global/homes/b/billert/.conda/envs/gpu_orm_minimal/lib/openmpi/.././libnl-route-3.so.200) (ignored)
[nid005332:667687] mca_base_component_repository_open: unable to open mca_btl_openib: /usr/lib64/libnl-3.so.200: version `libnl_3_5' not found (required by /global/homes/b/billert/.conda/envs/gpu_orm_minimal/lib/openmpi/.././libnl-route-3.so.200) (ignored)
[nid005332:667576] mca_base_component_repository_open: unable to open mca_btl_openib: /usr/lib64/libnl-3.so.200: version `libnl_3_5' not found (required by /global/homes/b/billert/.conda/envs/gpu_orm_minimal/lib/openmpi/.././libnl-route-3.so.200) (ignored)
[nid005332:667778] mca_base_component_repository_open: unable to open mca_btl_openib: /usr/lib64/libnl-3.so.200: version `libnl_3_5' not found (required by /global/homes/b/billert/.conda/envs/gpu_orm_minimal/lib/openmpi/.././libnl-route-3.so.200) (ignored)
[nid005332:667590] mca_base_component_repository_open: unable to open mca_btl_openib: /usr/lib64/libnl-3.so.200: version `libnl_3_5' not found (required by /global/homes/b/billert/.conda/envs/gpu_orm_minimal/lib/openmpi/.././libnl-route-3.so.200) (ignored)
[nid005332:667588] mca_base_component_repository_open: unable to open mca_btl_openib: /usr/lib64/libnl-3.so.200: version `libnl_3_5' not found (required by /global/homes/b/billert/.conda/envs/gpu_orm_minimal/lib/openmpi/.././libnl-route-3.so.200) (ignored)
[nid005332:667621] mca_base_component_repository_open: unable to open mca_btl_openib: /usr/lib64/libnl-3.so.200: version `libnl_3_5' not found (required by /global/homes/b/billert/.conda/envs/gpu_orm_minimal/lib/openmpi/.././libnl-route-3.so.200) (ignored)
[nid005332:667619] mca_base_component_repository_open: unable to open mca_btl_openib: /usr/lib64/libnl-3.so.200: version `libnl_3_5' not found (required by /global/homes/b/billert/.conda/envs/gpu_orm_minimal/lib/openmpi/.././libnl-route-3.so.200) (ignored)
[nid005332:667583] mca_base_component_repository_open: unable to open mca_btl_openib: /usr/lib64/libnl-3.so.200: version `libnl_3_5' not found (required by /global/homes/b/billert/.conda/envs/gpu_orm_minimal/lib/openmpi/.././libnl-route-3.so.200) (ignored)
[nid005332:667719] mca_base_component_repository_open: unable to open mca_btl_openib: /usr/lib64/libnl-3.so.200: version `libnl_3_5' not found (required by /global/homes/b/billert/.conda/envs/gpu_orm_minimal/lib/openmpi/.././libnl-route-3.so.200) (ignored)
[nid005332:667653] mca_base_component_repository_open: unable to open mca_btl_openib: /usr/lib64/libnl-3.so.200: version `libnl_3_5' not found (required by /global/homes/b/billert/.conda/envs/gpu_orm_minimal/lib/openmpi/.././libnl-route-3.so.200) (ignored)
[nid005332:667633] mca_base_component_repository_open: unable to open mca_btl_openib: /usr/lib64/libnl-3.so.200: version `libnl_3_5' not found (required by /global/homes/b/billert/.conda/envs/gpu_orm_minimal/lib/openmpi/.././libnl-route-3.so.200) (ignored)
[nid005332:667699] mca_base_component_repository_open: unable to open mca_btl_openib: /usr/lib64/libnl-3.so.200: version `libnl_3_5' not found (required by /global/homes/b/billert/.conda/envs/gpu_orm_minimal/lib/openmpi/.././libnl-route-3.so.200) (ignored)
[nid005332:667664] mca_base_component_repository_open: unable to open mca_btl_openib: /usr/lib64/libnl-3.so.200: version `libnl_3_5' not found (required by /global/homes/b/billert/.conda/envs/gpu_orm_minimal/lib/openmpi/.././libnl-route-3.so.200) (ignored)
[nid005332:667573] mca_base_component_repository_open: unable to open mca_btl_openib: /usr/lib64/libnl-3.so.200: version `libnl_3_5' not found (required by /global/homes/b/billert/.conda/envs/gpu_orm_minimal/lib/openmpi/.././libnl-route-3.so.200) (ignored)
[nid005332:667793] mca_base_component_repository_open: unable to open mca_btl_openib: /usr/lib64/libnl-3.so.200: version `libnl_3_5' not found (required by /global/homes/b/billert/.conda/envs/gpu_orm_minimal/lib/openmpi/.././libnl-route-3.so.200) (ignored)
[nid005332:667752] mca_base_component_repository_open: unable to open mca_btl_openib: /usr/lib64/libnl-3.so.200: version `libnl_3_5' not found (required by /global/homes/b/billert/.conda/envs/gpu_orm_minimal/lib/openmpi/.././libnl-route-3.so.200) (ignored)
[nid005332:667585] mca_base_component_repository_open: unable to open mca_btl_openib: /usr/lib64/libnl-3.so.200: version `libnl_3_5' not found (required by /global/homes/b/billert/.conda/envs/gpu_orm_minimal/lib/openmpi/.././libnl-route-3.so.200) (ignored)
[nid005332:667631] mca_base_component_repository_open: unable to open mca_btl_openib: /usr/lib64/libnl-3.so.200: version `libnl_3_5' not found (required by /global/homes/b/billert/.conda/envs/gpu_orm_minimal/lib/openmpi/.././libnl-route-3.so.200) (ignored)
[nid005332:667638] mca_base_component_repository_open: unable to open mca_btl_openib: /usr/lib64/libnl-3.so.200: version `libnl_3_5' not found (required by /global/homes/b/billert/.conda/envs/gpu_orm_minimal/lib/openmpi/.././libnl-route-3.so.200) (ignored)
[nid005332:667766] mca_base_component_repository_open: unable to open mca_btl_openib: /usr/lib64/libnl-3.so.200: version `libnl_3_5' not found (required by /global/homes/b/billert/.conda/envs/gpu_orm_minimal/lib/openmpi/.././libnl-route-3.so.200) (ignored)
[nid005332:667696] mca_base_component_repository_open: unable to open mca_btl_openib: /usr/lib64/libnl-3.so.200: version `libnl_3_5' not found (required by /global/homes/b/billert/.conda/envs/gpu_orm_minimal/lib/openmpi/.././libnl-route-3.so.200) (ignored)
[nid005332:667575] mca_base_component_repository_open: unable to open mca_btl_openib: /usr/lib64/libnl-3.so.200: version `libnl_3_5' not found (required by /global/homes/b/billert/.conda/envs/gpu_orm_minimal/lib/openmpi/.././libnl-route-3.so.200) (ignored)
[nid005332:667799] mca_base_component_repository_open: unable to open mca_btl_openib: /usr/lib64/libnl-3.so.200: version `libnl_3_5' not found (required by /global/homes/b/billert/.conda/envs/gpu_orm_minimal/lib/openmpi/.././libnl-route-3.so.200) (ignored)
[nid005332:667755] mca_base_component_repository_open: unable to open mca_btl_openib: /usr/lib64/libnl-3.so.200: version `libnl_3_5' not found (required by /global/homes/b/billert/.conda/envs/gpu_orm_minimal/lib/openmpi/.././libnl-route-3.so.200) (ignored)
[nid005332:667760] mca_base_component_repository_open: unable to open mca_btl_openib: /usr/lib64/libnl-3.so.200: version `libnl_3_5' not found (required by /global/homes/b/billert/.conda/envs/gpu_orm_minimal/lib/openmpi/.././libnl-route-3.so.200) (ignored)
[nid005332:667703] mca_base_component_repository_open: unable to open mca_btl_openib: /usr/lib64/libnl-3.so.200: version `libnl_3_5' not found (required by /global/homes/b/billert/.conda/envs/gpu_orm_minimal/lib/openmpi/.././libnl-route-3.so.200) (ignored)
[nid005332:667563] mca_base_component_repository_open: unable to open mca_btl_openib: /usr/lib64/libnl-3.so.200: version `libnl_3_5' not found (required by /global/homes/b/billert/.conda/envs/gpu_orm_minimal/lib/openmpi/.././libnl-route-3.so.200) (ignored)
[nid005332:667732] mca_base_component_repository_open: unable to open mca_btl_openib: /usr/lib64/libnl-3.so.200: version `libnl_3_5' not found (required by /global/homes/b/billert/.conda/envs/gpu_orm_minimal/lib/openmpi/.././libnl-route-3.so.200) (ignored)
[nid005332:667690] mca_base_component_repository_open: unable to open mca_btl_openib: /usr/lib64/libnl-3.so.200: version `libnl_3_5' not found (required by /global/homes/b/billert/.conda/envs/gpu_orm_minimal/lib/openmpi/.././libnl-route-3.so.200) (ignored)
[nid005332:667700] mca_base_component_repository_open: unable to open mca_btl_openib: /usr/lib64/libnl-3.so.200: version `libnl_3_5' not found (required by /global/homes/b/billert/.conda/envs/gpu_orm_minimal/lib/openmpi/.././libnl-route-3.so.200) (ignored)
[nid005332:667635] mca_base_component_repository_open: unable to open mca_btl_openib: /usr/lib64/libnl-3.so.200: version `libnl_3_5' not found (required by /global/homes/b/billert/.conda/envs/gpu_orm_minimal/lib/openmpi/.././libnl-route-3.so.200) (ignored)
[nid005332:667593] mca_base_component_repository_open: unable to open mca_btl_openib: /usr/lib64/libnl-3.so.200: version `libnl_3_5' not found (required by /global/homes/b/billert/.conda/envs/gpu_orm_minimal/lib/openmpi/.././libnl-route-3.so.200) (ignored)
[nid005332:667629] mca_base_component_repository_open: unable to open mca_btl_openib: /usr/lib64/libnl-3.so.200: version `libnl_3_5' not found (required by /global/homes/b/billert/.conda/envs/gpu_orm_minimal/lib/openmpi/.././libnl-route-3.so.200) (ignored)
[nid005332:667724] mca_base_component_repository_open: unable to open mca_btl_openib: /usr/lib64/libnl-3.so.200: version `libnl_3_5' not found (required by /global/homes/b/billert/.conda/envs/gpu_orm_minimal/lib/openmpi/.././libnl-route-3.so.200) (ignored)
[nid005332:667713] mca_base_component_repository_open: unable to open mca_btl_openib: /usr/lib64/libnl-3.so.200: version `libnl_3_5' not found (required by /global/homes/b/billert/.conda/envs/gpu_orm_minimal/lib/openmpi/.././libnl-route-3.so.200) (ignored)
[nid005332:667607] mca_base_component_repository_open: unable to open mca_btl_openib: /usr/lib64/libnl-3.so.200: version `libnl_3_5' not found (required by /global/homes/b/billert/.conda/envs/gpu_orm_minimal/lib/openmpi/.././libnl-route-3.so.200) (ignored)
[nid005332:667567] mca_base_component_repository_open: unable to open mca_btl_openib: /usr/lib64/libnl-3.so.200: version `libnl_3_5' not found (required by /global/homes/b/billert/.conda/envs/gpu_orm_minimal/lib/openmpi/.././libnl-route-3.so.200) (ignored)
[nid005332:667668] mca_base_component_repository_open: unable to open mca_btl_openib: /usr/lib64/libnl-3.so.200: version `libnl_3_5' not found (required by /global/homes/b/billert/.conda/envs/gpu_orm_minimal/lib/openmpi/.././libnl-route-3.so.200) (ignored)
[nid005332:667627] mca_base_component_repository_open: unable to open mca_btl_openib: /usr/lib64/libnl-3.so.200: version `libnl_3_5' not found (required by /global/homes/b/billert/.conda/envs/gpu_orm_minimal/lib/openmpi/.././libnl-route-3.so.200) (ignored)
[nid005332:667758] mca_base_component_repository_open: unable to open mca_btl_openib: /usr/lib64/libnl-3.so.200: version `libnl_3_5' not found (required by /global/homes/b/billert/.conda/envs/gpu_orm_minimal/lib/openmpi/.././libnl-route-3.so.200) (ignored)
[nid005332:667727] mca_base_component_repository_open: unable to open mca_btl_openib: /usr/lib64/libnl-3.so.200: version `libnl_3_5' not found (required by /global/homes/b/billert/.conda/envs/gpu_orm_minimal/lib/openmpi/.././libnl-route-3.so.200) (ignored)
[nid005332:667599] mca_base_component_repository_open: unable to open mca_btl_openib: /usr/lib64/libnl-3.so.200: version `libnl_3_5' not found (required by /global/homes/b/billert/.conda/envs/gpu_orm_minimal/lib/openmpi/.././libnl-route-3.so.200) (ignored)
[nid005332:667561] mca_base_component_repository_open: unable to open mca_btl_openib: /usr/lib64/libnl-3.so.200: version `libnl_3_5' not found (required by /global/homes/b/billert/.conda/envs/gpu_orm_minimal/lib/openmpi/.././libnl-route-3.so.200) (ignored)
[nid005332:667720] mca_base_component_repository_open: unable to open mca_btl_openib: /usr/lib64/libnl-3.so.200: version `libnl_3_5' not found (required by /global/homes/b/billert/.conda/envs/gpu_orm_minimal/lib/openmpi/.././libnl-route-3.so.200) (ignored)
[nid005332:667569] mca_base_component_repository_open: unable to open mca_btl_openib: /usr/lib64/libnl-3.so.200: version `libnl_3_5' not found (required by /global/homes/b/billert/.conda/envs/gpu_orm_minimal/lib/openmpi/.././libnl-route-3.so.200) (ignored)
[nid005332:667597] mca_base_component_repository_open: unable to open mca_btl_openib: /usr/lib64/libnl-3.so.200: version `libnl_3_5' not found (required by /global/homes/b/billert/.conda/envs/gpu_orm_minimal/lib/openmpi/.././libnl-route-3.so.200) (ignored)
[nid005332:667671] mca_base_component_repository_open: unable to open mca_btl_openib: /usr/lib64/libnl-3.so.200: version `libnl_3_5' not found (required by /global/homes/b/billert/.conda/envs/gpu_orm_minimal/lib/openmpi/.././libnl-route-3.so.200) (ignored)
[nid005332:667796] mca_base_component_repository_open: unable to open mca_btl_openib: /usr/lib64/libnl-3.so.200: version `libnl_3_5' not found (required by /global/homes/b/billert/.conda/envs/gpu_orm_minimal/lib/openmpi/.././libnl-route-3.so.200) (ignored)
[nid005332:667565] mca_base_component_repository_open: unable to open mca_btl_openib: /usr/lib64/libnl-3.so.200: version `libnl_3_5' not found (required by /global/homes/b/billert/.conda/envs/gpu_orm_minimal/lib/openmpi/.././libnl-route-3.so.200) (ignored)
[nid005332:667735] mca_base_component_repository_open: unable to open mca_btl_openib: /usr/lib64/libnl-3.so.200: version `libnl_3_5' not found (required by /global/homes/b/billert/.conda/envs/gpu_orm_minimal/lib/openmpi/.././libnl-route-3.so.200) (ignored)
[nid005332:667765] mca_base_component_repository_open: unable to open mca_btl_openib: /usr/lib64/libnl-3.so.200: version `libnl_3_5' not found (required by /global/homes/b/billert/.conda/envs/gpu_orm_minimal/lib/openmpi/.././libnl-route-3.so.200) (ignored)
[nid005332:667601] mca_base_component_repository_open: unable to open mca_btl_openib: /usr/lib64/libnl-3.so.200: version `libnl_3_5' not found (required by /global/homes/b/billert/.conda/envs/gpu_orm_minimal/lib/openmpi/.././libnl-route-3.so.200) (ignored)
[nid005332:667692] mca_base_component_repository_open: unable to open mca_btl_openib: /usr/lib64/libnl-3.so.200: version `libnl_3_5' not found (required by /global/homes/b/billert/.conda/envs/gpu_orm_minimal/lib/openmpi/.././libnl-route-3.so.200) (ignored)
[nid005332:667757] mca_base_component_repository_open: unable to open mca_btl_openib: /usr/lib64/libnl-3.so.200: version `libnl_3_5' not found (required by /global/homes/b/billert/.conda/envs/gpu_orm_minimal/lib/openmpi/.././libnl-route-3.so.200) (ignored)
[nid005332:667605] mca_base_component_repository_open: unable to open mca_btl_openib: /usr/lib64/libnl-3.so.200: version `libnl_3_5' not found (required by /global/homes/b/billert/.conda/envs/gpu_orm_minimal/lib/openmpi/.././libnl-route-3.so.200) (ignored)
[nid005332:667603] mca_base_component_repository_open: unable to open mca_btl_openib: /usr/lib64/libnl-3.so.200: version `libnl_3_5' not found (required by /global/homes/b/billert/.conda/envs/gpu_orm_minimal/lib/openmpi/.././libnl-route-3.so.200) (ignored)
[nid005332:667722] mca_base_component_repository_open: unable to open mca_btl_openib: /usr/lib64/libnl-3.so.200: version `libnl_3_5' not found (required by /global/homes/b/billert/.conda/envs/gpu_orm_minimal/lib/openmpi/.././libnl-route-3.so.200) (ignored)
[nid005332:667784] mca_base_component_repository_open: unable to open mca_btl_openib: /usr/lib64/libnl-3.so.200: version `libnl_3_5' not found (required by /global/homes/b/billert/.conda/envs/gpu_orm_minimal/lib/openmpi/.././libnl-route-3.so.200) (ignored)
[nid005332:667787] mca_base_component_repository_open: unable to open mca_btl_openib: /usr/lib64/libnl-3.so.200: version `libnl_3_5' not found (required by /global/homes/b/billert/.conda/envs/gpu_orm_minimal/lib/openmpi/.././libnl-route-3.so.200) (ignored)
[nid005332:667661] mca_base_component_repository_open: unable to open mca_btl_openib: /usr/lib64/libnl-3.so.200: version `libnl_3_5' not found (required by /global/homes/b/billert/.conda/envs/gpu_orm_minimal/lib/openmpi/.././libnl-route-3.so.200) (ignored)
[nid005332:667729] mca_base_component_repository_open: unable to open mca_btl_openib: /usr/lib64/libnl-3.so.200: version `libnl_3_5' not found (required by /global/homes/b/billert/.conda/envs/gpu_orm_minimal/lib/openmpi/.././libnl-route-3.so.200) (ignored)
[nid005332:667571] mca_base_component_repository_open: unable to open mca_btl_openib: /usr/lib64/libnl-3.so.200: version `libnl_3_5' not found (required by /global/homes/b/billert/.conda/envs/gpu_orm_minimal/lib/openmpi/.././libnl-route-3.so.200) (ignored)
[nid005332:667656] mca_base_component_repository_open: unable to open mca_btl_openib: /usr/lib64/libnl-3.so.200: version `libnl_3_5' not found (required by /global/homes/b/billert/.conda/envs/gpu_orm_minimal/lib/openmpi/.././libnl-route-3.so.200) (ignored)
[nid005332:667763] mca_base_component_repository_open: unable to open mca_btl_openib: /usr/lib64/libnl-3.so.200: version `libnl_3_5' not found (required by /global/homes/b/billert/.conda/envs/gpu_orm_minimal/lib/openmpi/.././libnl-route-3.so.200) (ignored)
[nid005332:667667] mca_base_component_repository_open: unable to open mca_btl_openib: /usr/lib64/libnl-3.so.200: version `libnl_3_5' not found (required by /global/homes/b/billert/.conda/envs/gpu_orm_minimal/lib/openmpi/.././libnl-route-3.so.200) (ignored)
[nid005332:667688] mca_base_component_repository_open: unable to open mca_btl_openib: /usr/lib64/libnl-3.so.200: version `libnl_3_5' not found (required by /global/homes/b/billert/.conda/envs/gpu_orm_minimal/lib/openmpi/.././libnl-route-3.so.200) (ignored)
[nid005332:667788] mca_base_component_repository_open: unable to open mca_btl_openib: /usr/lib64/libnl-3.so.200: version `libnl_3_5' not found (required by /global/homes/b/billert/.conda/envs/gpu_orm_minimal/lib/openmpi/.././libnl-route-3.so.200) (ignored)
[nid005332:667595] mca_base_component_repository_open: unable to open mca_btl_openib: /usr/lib64/libnl-3.so.200: version `libnl_3_5' not found (required by /global/homes/b/billert/.conda/envs/gpu_orm_minimal/lib/openmpi/.././libnl-route-3.so.200) (ignored)
[nid005332:667791] mca_base_component_repository_open: unable to open mca_btl_openib: /usr/lib64/libnl-3.so.200: version `libnl_3_5' not found (required by /global/homes/b/billert/.conda/envs/gpu_orm_minimal/lib/openmpi/.././libnl-route-3.so.200) (ignored)
[nid005332:667731] mca_base_component_repository_open: unable to open mca_btl_openib: /usr/lib64/libnl-3.so.200: version `libnl_3_5' not found (required by /global/homes/b/billert/.conda/envs/gpu_orm_minimal/lib/openmpi/.././libnl-route-3.so.200) (ignored)
[nid005332:667663] mca_base_component_repository_open: unable to open mca_btl_openib: /usr/lib64/libnl-3.so.200: version `libnl_3_5' not found (required by /global/homes/b/billert/.conda/envs/gpu_orm_minimal/lib/openmpi/.././libnl-route-3.so.200) (ignored)
[nid005332:667624] mca_base_component_repository_open: unable to open mca_btl_openib: /usr/lib64/libnl-3.so.200: version `libnl_3_5' not found (required by /global/homes/b/billert/.conda/envs/gpu_orm_minimal/lib/openmpi/.././libnl-route-3.so.200) (ignored)
[nid005332:667658] mca_base_component_repository_open: unable to open mca_btl_openib: /usr/lib64/libnl-3.so.200: version `libnl_3_5' not found (required by /global/homes/b/billert/.conda/envs/gpu_orm_minimal/lib/openmpi/.././libnl-route-3.so.200) (ignored)
[nid005332:667695] mca_base_component_repository_open: unable to open mca_btl_openib: /usr/lib64/libnl-3.so.200: version `libnl_3_5' not found (required by /global/homes/b/billert/.conda/envs/gpu_orm_minimal/lib/openmpi/.././libnl-route-3.so.200) (ignored)
[nid005332:667637] mca_base_component_repository_open: unable to open mca_btl_openib: /usr/lib64/libnl-3.so.200: version `libnl_3_5' not found (required by /global/homes/b/billert/.conda/envs/gpu_orm_minimal/lib/openmpi/.././libnl-route-3.so.200) (ignored)
[nid005332:667795] mca_base_component_repository_open: unable to open mca_btl_openib: /usr/lib64/libnl-3.so.200: version `libnl_3_5' not found (required by /global/homes/b/billert/.conda/envs/gpu_orm_minimal/lib/openmpi/.././libnl-route-3.so.200) (ignored)
mode multiplier:  0.0
mode multiplier:  0.0
mode multiplier:  0.0
mode multiplier:  0.0
mode multiplier:  0.0
mode multiplier:  0.0
mode multiplier:  0.0
mode multiplier:  0.0
mode multiplier:  0.0
mode multiplier:  0.0
mode multiplier:  0.0
mode multiplier:  0.0
mode multiplier:  0.0
mode multiplier:  0.0
mode multiplier:  0.0
mode multiplier:  0.0
mode multiplier:  0.0
mode multiplier:  0.0
mode multiplier:  0.0
mode multiplier:  0.0
mode multiplier:  0.0
mode multiplier:  0.0
mode multiplier:  0.0
mode multiplier:  0.0
mode multiplier:  0.0
mode multiplier:  0.0
mode multiplier:  0.0
mode multiplier:  0.0
mode multiplier:  0.0
mode multiplier:  0.0
mode multiplier:  0.0
mode multiplier:  0.0
mode multiplier:  0.0
mode multiplier:  0.0
Interpolating fields...
mode multiplier:  0.0
mode multiplier:  0.0
mode multiplier:  0.0
mode multiplier:  0.0
mode multiplier:  0.0
mode multiplier:  0.0
mode multiplier:  0.0
mode multiplier:  0.0
mode multiplier:  0.0
mode multiplier:  0.0
mode multiplier:  0.0
mode multiplier:  0.0
mode multiplier:  0.0
mode multiplier:  0.0
mode multiplier:  0.0
mode multiplier:  0.0
mode multiplier:  0.0
mode multiplier:  0.0
mode multiplier:  0.0
mode multiplier:  0.0
mode multiplier:  0.0
mode multiplier:  0.0
mode multiplier:  0.0
mode multiplier:  0.0
mode multiplier:  0.0
mode multiplier:  0.0
mode multiplier:  0.0
mode multiplier:  0.0
mode multiplier:  0.0
mode multiplier:  0.0
mode multiplier:  0.0
mode multiplier:  0.0
mode multiplier:  0.0
mode multiplier:  0.0
mode multiplier:  0.0
mode multiplier:  0.0
mode multiplier:  0.0
mode multiplier:  0.0
mode multiplier:  0.0
mode multiplier:  0.0
mode multiplier:  0.0
mode multiplier:  0.0
mode multiplier:  0.0
mode multiplier:  0.0
mode multiplier:  0.0
mode multiplier:  0.0
mode multiplier:  0.0
mode multiplier:  0.0
mode multiplier:  0.0
mode multiplier:  0.0
mode multiplier:  0.0
mode multiplier:  0.0
mode multiplier:  0.0
mode multiplier:  0.0
mode multiplier:  0.0
mode multiplier:  0.0
mode multiplier:  0.0
mode multiplier:  0.0
mode multiplier:  0.0
mode multiplier:  0.0
mode multiplier:  0.0
mode multiplier:  0.0
mode multiplier:  0.0
mode multiplier:  0.0
mode multiplier:  0.0
mode multiplier:  0.0
mode multiplier:  0.0
mode multiplier:  0.0
mode multiplier:  0.0
mode multiplier:  0.0
mode multiplier:  0.0
mode multiplier:  0.0
mode multiplier:  0.0
mode multiplier:  0.0
mode multiplier:  0.0
mode multiplier:  0.0
mode multiplier:  0.0
mode multiplier:  0.0
mode multiplier:  0.0
mode multiplier:  0.0
mode multiplier:  0.0
mode multiplier:  0.0
mode multiplier:  0.0
mode multiplier:  0.0
mode multiplier:  0.0
mode multiplier:  0.0
mode multiplier:  0.0
mode multiplier:  0.0
mode multiplier:  0.0
mode multiplier:  0.0
mode multiplier:  0.0
mode multiplier:  0.0
mode multiplier:  0.0
mode multiplier:  0.0
slurmstepd: error: Detected 1 oom_kill event in StepId=39051581.0. Some of the step tasks have been OOM Killed.
srun: error: nid005332: task 90: Out Of Memory
srun: Terminating StepId=39051581.0
slurmstepd: error:  mpi/pmix_v4: _errhandler: nid005332 [0]: pmixp_client_v2.c:212: Error handler invoked: status = -61, source = [slurm.pmix.39051581.0:90]
slurmstepd: error: *** STEP 39051581.0 ON nid005332 CANCELLED AT 2025-05-27T22:57:10 ***
srun: Job step aborted: Waiting up to 32 seconds for job step to finish.
