[nid004549:2018328] mca_base_component_repository_open: unable to open mca_btl_openib: /usr/lib64/libnl-3.so.200: version `libnl_3_5' not found (required by /global/homes/b/billert/.conda/envs/gpu_orm_minimal/lib/openmpi/.././libnl-route-3.so.200) (ignored)
[nid004549:2018219] mca_base_component_repository_open: unable to open mca_btl_openib: /usr/lib64/libnl-3.so.200: version `libnl_3_5' not found (required by /global/homes/b/billert/.conda/envs/gpu_orm_minimal/lib/openmpi/.././libnl-route-3.so.200) (ignored)
[nid004549:2018262] mca_base_component_repository_open: unable to open mca_btl_openib: /usr/lib64/libnl-3.so.200: version `libnl_3_5' not found (required by /global/homes/b/billert/.conda/envs/gpu_orm_minimal/lib/openmpi/.././libnl-route-3.so.200) (ignored)
[nid004549:2018112] mca_base_component_repository_open: unable to open mca_btl_openib: /usr/lib64/libnl-3.so.200: version `libnl_3_5' not found (required by /global/homes/b/billert/.conda/envs/gpu_orm_minimal/lib/openmpi/.././libnl-route-3.so.200) (ignored)
[nid004549:2018107] mca_base_component_repository_open: unable to open mca_btl_openib: /usr/lib64/libnl-3.so.200: version `libnl_3_5' not found (required by /global/homes/b/billert/.conda/envs/gpu_orm_minimal/lib/openmpi/.././libnl-route-3.so.200) (ignored)
[nid004549:2018326] mca_base_component_repository_open: unable to open mca_btl_openib: /usr/lib64/libnl-3.so.200: version `libnl_3_5' not found (required by /global/homes/b/billert/.conda/envs/gpu_orm_minimal/lib/openmpi/.././libnl-route-3.so.200) (ignored)
[nid004549:2018228] mca_base_component_repository_open: unable to open mca_btl_openib: /usr/lib64/libnl-3.so.200: version `libnl_3_5' not found (required by /global/homes/b/billert/.conda/envs/gpu_orm_minimal/lib/openmpi/.././libnl-route-3.so.200) (ignored)
[nid004549:2018292] mca_base_component_repository_open: unable to open mca_btl_openib: /usr/lib64/libnl-3.so.200: version `libnl_3_5' not found (required by /global/homes/b/billert/.conda/envs/gpu_orm_minimal/lib/openmpi/.././libnl-route-3.so.200) (ignored)
[nid004549:2018142] mca_base_component_repository_open: unable to open mca_btl_openib: /usr/lib64/libnl-3.so.200: version `libnl_3_5' not found (required by /global/homes/b/billert/.conda/envs/gpu_orm_minimal/lib/openmpi/.././libnl-route-3.so.200) (ignored)
[nid004549:2018194] mca_base_component_repository_open: unable to open mca_btl_openib: /usr/lib64/libnl-3.so.200: version `libnl_3_5' not found (required by /global/homes/b/billert/.conda/envs/gpu_orm_minimal/lib/openmpi/.././libnl-route-3.so.200) (ignored)
[nid004549:2018140] mca_base_component_repository_open: unable to open mca_btl_openib: /usr/lib64/libnl-3.so.200: version `libnl_3_5' not found (required by /global/homes/b/billert/.conda/envs/gpu_orm_minimal/lib/openmpi/.././libnl-route-3.so.200) (ignored)
[nid004549:2018290] mca_base_component_repository_open: unable to open mca_btl_openib: /usr/lib64/libnl-3.so.200: version `libnl_3_5' not found (required by /global/homes/b/billert/.conda/envs/gpu_orm_minimal/lib/openmpi/.././libnl-route-3.so.200) (ignored)
[nid004549:2018360] mca_base_component_repository_open: unable to open mca_btl_openib: /usr/lib64/libnl-3.so.200: version `libnl_3_5' not found (required by /global/homes/b/billert/.conda/envs/gpu_orm_minimal/lib/openmpi/.././libnl-route-3.so.200) (ignored)
[nid004549:2018295] mca_base_component_repository_open: unable to open mca_btl_openib: /usr/lib64/libnl-3.so.200: version `libnl_3_5' not found (required by /global/homes/b/billert/.conda/envs/gpu_orm_minimal/lib/openmpi/.././libnl-route-3.so.200) (ignored)
[nid004549:2018325] mca_base_component_repository_open: unable to open mca_btl_openib: /usr/lib64/libnl-3.so.200: version `libnl_3_5' not found (required by /global/homes/b/billert/.conda/envs/gpu_orm_minimal/lib/openmpi/.././libnl-route-3.so.200) (ignored)
[nid004549:2018264] mca_base_component_repository_open: unable to open mca_btl_openib: /usr/lib64/libnl-3.so.200: version `libnl_3_5' not found (required by /global/homes/b/billert/.conda/envs/gpu_orm_minimal/lib/openmpi/.././libnl-route-3.so.200) (ignored)
[nid004549:2018144] mca_base_component_repository_open: unable to open mca_btl_openib: /usr/lib64/libnl-3.so.200: version `libnl_3_5' not found (required by /global/homes/b/billert/.conda/envs/gpu_orm_minimal/lib/openmpi/.././libnl-route-3.so.200) (ignored)
[nid004549:2018302] mca_base_component_repository_open: unable to open mca_btl_openib: /usr/lib64/libnl-3.so.200: version `libnl_3_5' not found (required by /global/homes/b/billert/.conda/envs/gpu_orm_minimal/lib/openmpi/.././libnl-route-3.so.200) (ignored)
[nid004549:2018296] mca_base_component_repository_open: unable to open mca_btl_openib: /usr/lib64/libnl-3.so.200: version `libnl_3_5' not found (required by /global/homes/b/billert/.conda/envs/gpu_orm_minimal/lib/openmpi/.././libnl-route-3.so.200) (ignored)
[nid004549:2018355] mca_base_component_repository_open: unable to open mca_btl_openib: /usr/lib64/libnl-3.so.200: version `libnl_3_5' not found (required by /global/homes/b/billert/.conda/envs/gpu_orm_minimal/lib/openmpi/.././libnl-route-3.so.200) (ignored)
[nid004549:2018184] mca_base_component_repository_open: unable to open mca_btl_openib: /usr/lib64/libnl-3.so.200: version `libnl_3_5' not found (required by /global/homes/b/billert/.conda/envs/gpu_orm_minimal/lib/openmpi/.././libnl-route-3.so.200) (ignored)
[nid004549:2018358] mca_base_component_repository_open: unable to open mca_btl_openib: /usr/lib64/libnl-3.so.200: version `libnl_3_5' not found (required by /global/homes/b/billert/.conda/envs/gpu_orm_minimal/lib/openmpi/.././libnl-route-3.so.200) (ignored)
[nid004549:2018234] mca_base_component_repository_open: unable to open mca_btl_openib: /usr/lib64/libnl-3.so.200: version `libnl_3_5' not found (required by /global/homes/b/billert/.conda/envs/gpu_orm_minimal/lib/openmpi/.././libnl-route-3.so.200) (ignored)
[nid004549:2018222] mca_base_component_repository_open: unable to open mca_btl_openib: /usr/lib64/libnl-3.so.200: version `libnl_3_5' not found (required by /global/homes/b/billert/.conda/envs/gpu_orm_minimal/lib/openmpi/.././libnl-route-3.so.200) (ignored)
[nid004549:2018334] mca_base_component_repository_open: unable to open mca_btl_openib: /usr/lib64/libnl-3.so.200: version `libnl_3_5' not found (required by /global/homes/b/billert/.conda/envs/gpu_orm_minimal/lib/openmpi/.././libnl-route-3.so.200) (ignored)
[nid004549:2018151] mca_base_component_repository_open: unable to open mca_btl_openib: /usr/lib64/libnl-3.so.200: version `libnl_3_5' not found (required by /global/homes/b/billert/.conda/envs/gpu_orm_minimal/lib/openmpi/.././libnl-route-3.so.200) (ignored)
[nid004549:2018236] mca_base_component_repository_open: unable to open mca_btl_openib: /usr/lib64/libnl-3.so.200: version `libnl_3_5' not found (required by /global/homes/b/billert/.conda/envs/gpu_orm_minimal/lib/openmpi/.././libnl-route-3.so.200) (ignored)
[nid004549:2018179] mca_base_component_repository_open: unable to open mca_btl_openib: /usr/lib64/libnl-3.so.200: version `libnl_3_5' not found (required by /global/homes/b/billert/.conda/envs/gpu_orm_minimal/lib/openmpi/.././libnl-route-3.so.200) (ignored)
[nid004549:2018356] mca_base_component_repository_open: unable to open mca_btl_openib: /usr/lib64/libnl-3.so.200: version `libnl_3_5' not found (required by /global/homes/b/billert/.conda/envs/gpu_orm_minimal/lib/openmpi/.././libnl-route-3.so.200) (ignored)
[nid004549:2018109] mca_base_component_repository_open: unable to open mca_btl_openib: /usr/lib64/libnl-3.so.200: version `libnl_3_5' not found (required by /global/homes/b/billert/.conda/envs/gpu_orm_minimal/lib/openmpi/.././libnl-route-3.so.200) (ignored)
[nid004549:2018300] mca_base_component_repository_open: unable to open mca_btl_openib: /usr/lib64/libnl-3.so.200: version `libnl_3_5' not found (required by /global/homes/b/billert/.conda/envs/gpu_orm_minimal/lib/openmpi/.././libnl-route-3.so.200) (ignored)
[nid004549:2018181] mca_base_component_repository_open: unable to open mca_btl_openib: /usr/lib64/libnl-3.so.200: version `libnl_3_5' not found (required by /global/homes/b/billert/.conda/envs/gpu_orm_minimal/lib/openmpi/.././libnl-route-3.so.200) (ignored)
[nid004549:2018332] mca_base_component_repository_open: unable to open mca_btl_openib: /usr/lib64/libnl-3.so.200: version `libnl_3_5' not found (required by /global/homes/b/billert/.conda/envs/gpu_orm_minimal/lib/openmpi/.././libnl-route-3.so.200) (ignored)
[nid004549:2018105] mca_base_component_repository_open: unable to open mca_btl_openib: /usr/lib64/libnl-3.so.200: version `libnl_3_5' not found (required by /global/homes/b/billert/.conda/envs/gpu_orm_minimal/lib/openmpi/.././libnl-route-3.so.200) (ignored)
[nid004549:2018178] mca_base_component_repository_open: unable to open mca_btl_openib: /usr/lib64/libnl-3.so.200: version `libnl_3_5' not found (required by /global/homes/b/billert/.conda/envs/gpu_orm_minimal/lib/openmpi/.././libnl-route-3.so.200) (ignored)
[nid004549:2018323] mca_base_component_repository_open: unable to open mca_btl_openib: /usr/lib64/libnl-3.so.200: version `libnl_3_5' not found (required by /global/homes/b/billert/.conda/envs/gpu_orm_minimal/lib/openmpi/.././libnl-route-3.so.200) (ignored)
[nid004549:2018304] mca_base_component_repository_open: unable to open mca_btl_openib: /usr/lib64/libnl-3.so.200: version `libnl_3_5' not found (required by /global/homes/b/billert/.conda/envs/gpu_orm_minimal/lib/openmpi/.././libnl-route-3.so.200) (ignored)
[nid004549:2018192] mca_base_component_repository_open: unable to open mca_btl_openib: /usr/lib64/libnl-3.so.200: version `libnl_3_5' not found (required by /global/homes/b/billert/.conda/envs/gpu_orm_minimal/lib/openmpi/.././libnl-route-3.so.200) (ignored)
[nid004549:2018366] mca_base_component_repository_open: unable to open mca_btl_openib: /usr/lib64/libnl-3.so.200: version `libnl_3_5' not found (required by /global/homes/b/billert/.conda/envs/gpu_orm_minimal/lib/openmpi/.././libnl-route-3.so.200) (ignored)
[nid004549:2018118] mca_base_component_repository_open: unable to open mca_btl_openib: /usr/lib64/libnl-3.so.200: version `libnl_3_5' not found (required by /global/homes/b/billert/.conda/envs/gpu_orm_minimal/lib/openmpi/.././libnl-route-3.so.200) (ignored)
[nid004549:2018362] mca_base_component_repository_open: unable to open mca_btl_openib: /usr/lib64/libnl-3.so.200: version `libnl_3_5' not found (required by /global/homes/b/billert/.conda/envs/gpu_orm_minimal/lib/openmpi/.././libnl-route-3.so.200) (ignored)
[nid004549:2018336] mca_base_component_repository_open: unable to open mca_btl_openib: /usr/lib64/libnl-3.so.200: version `libnl_3_5' not found (required by /global/homes/b/billert/.conda/envs/gpu_orm_minimal/lib/openmpi/.././libnl-route-3.so.200) (ignored)
[nid004549:2018364] mca_base_component_repository_open: unable to open mca_btl_openib: /usr/lib64/libnl-3.so.200: version `libnl_3_5' not found (required by /global/homes/b/billert/.conda/envs/gpu_orm_minimal/lib/openmpi/.././libnl-route-3.so.200) (ignored)
[nid004549:2018233] mca_base_component_repository_open: unable to open mca_btl_openib: /usr/lib64/libnl-3.so.200: version `libnl_3_5' not found (required by /global/homes/b/billert/.conda/envs/gpu_orm_minimal/lib/openmpi/.././libnl-route-3.so.200) (ignored)
[nid004549:2018259] mca_base_component_repository_open: unable to open mca_btl_openib: /usr/lib64/libnl-3.so.200: version `libnl_3_5' not found (required by /global/homes/b/billert/.conda/envs/gpu_orm_minimal/lib/openmpi/.././libnl-route-3.so.200) (ignored)
[nid004549:2018137] mca_base_component_repository_open: unable to open mca_btl_openib: /usr/lib64/libnl-3.so.200: version `libnl_3_5' not found (required by /global/homes/b/billert/.conda/envs/gpu_orm_minimal/lib/openmpi/.././libnl-route-3.so.200) (ignored)
[nid004549:2018196] mca_base_component_repository_open: unable to open mca_btl_openib: /usr/lib64/libnl-3.so.200: version `libnl_3_5' not found (required by /global/homes/b/billert/.conda/envs/gpu_orm_minimal/lib/openmpi/.././libnl-route-3.so.200) (ignored)
[nid004549:2018272] mca_base_component_repository_open: unable to open mca_btl_openib: /usr/lib64/libnl-3.so.200: version `libnl_3_5' not found (required by /global/homes/b/billert/.conda/envs/gpu_orm_minimal/lib/openmpi/.././libnl-route-3.so.200) (ignored)
[nid004549:2018217] mca_base_component_repository_open: unable to open mca_btl_openib: /usr/lib64/libnl-3.so.200: version `libnl_3_5' not found (required by /global/homes/b/billert/.conda/envs/gpu_orm_minimal/lib/openmpi/.././libnl-route-3.so.200) (ignored)
[nid004549:2018116] mca_base_component_repository_open: unable to open mca_btl_openib: /usr/lib64/libnl-3.so.200: version `libnl_3_5' not found (required by /global/homes/b/billert/.conda/envs/gpu_orm_minimal/lib/openmpi/.././libnl-route-3.so.200) (ignored)
[nid004549:2018265] mca_base_component_repository_open: unable to open mca_btl_openib: /usr/lib64/libnl-3.so.200: version `libnl_3_5' not found (required by /global/homes/b/billert/.conda/envs/gpu_orm_minimal/lib/openmpi/.././libnl-route-3.so.200) (ignored)
[nid004549:2018149] mca_base_component_repository_open: unable to open mca_btl_openib: /usr/lib64/libnl-3.so.200: version `libnl_3_5' not found (required by /global/homes/b/billert/.conda/envs/gpu_orm_minimal/lib/openmpi/.././libnl-route-3.so.200) (ignored)
[nid004549:2018190] mca_base_component_repository_open: unable to open mca_btl_openib: /usr/lib64/libnl-3.so.200: version `libnl_3_5' not found (required by /global/homes/b/billert/.conda/envs/gpu_orm_minimal/lib/openmpi/.././libnl-route-3.so.200) (ignored)
[nid004549:2018368] mca_base_component_repository_open: unable to open mca_btl_openib: /usr/lib64/libnl-3.so.200: version `libnl_3_5' not found (required by /global/homes/b/billert/.conda/envs/gpu_orm_minimal/lib/openmpi/.././libnl-route-3.so.200) (ignored)
[nid004549:2018298] mca_base_component_repository_open: unable to open mca_btl_openib: /usr/lib64/libnl-3.so.200: version `libnl_3_5' not found (required by /global/homes/b/billert/.conda/envs/gpu_orm_minimal/lib/openmpi/.././libnl-route-3.so.200) (ignored)
[nid004549:2018252] mca_base_component_repository_open: unable to open mca_btl_openib: /usr/lib64/libnl-3.so.200: version `libnl_3_5' not found (required by /global/homes/b/billert/.conda/envs/gpu_orm_minimal/lib/openmpi/.././libnl-route-3.so.200) (ignored)
[nid004549:2018119] mca_base_component_repository_open: unable to open mca_btl_openib: /usr/lib64/libnl-3.so.200: version `libnl_3_5' not found (required by /global/homes/b/billert/.conda/envs/gpu_orm_minimal/lib/openmpi/.././libnl-route-3.so.200) (ignored)
[nid004549:2018230] mca_base_component_repository_open: unable to open mca_btl_openib: /usr/lib64/libnl-3.so.200: version `libnl_3_5' not found (required by /global/homes/b/billert/.conda/envs/gpu_orm_minimal/lib/openmpi/.././libnl-route-3.so.200) (ignored)
[nid004549:2018271] mca_base_component_repository_open: unable to open mca_btl_openib: /usr/lib64/libnl-3.so.200: version `libnl_3_5' not found (required by /global/homes/b/billert/.conda/envs/gpu_orm_minimal/lib/openmpi/.././libnl-route-3.so.200) (ignored)
[nid004549:2018208] mca_base_component_repository_open: unable to open mca_btl_openib: /usr/lib64/libnl-3.so.200: version `libnl_3_5' not found (required by /global/homes/b/billert/.conda/envs/gpu_orm_minimal/lib/openmpi/.././libnl-route-3.so.200) (ignored)
[nid004549:2018342] mca_base_component_repository_open: unable to open mca_btl_openib: /usr/lib64/libnl-3.so.200: version `libnl_3_5' not found (required by /global/homes/b/billert/.conda/envs/gpu_orm_minimal/lib/openmpi/.././libnl-route-3.so.200) (ignored)
[nid004549:2018350] mca_base_component_repository_open: unable to open mca_btl_openib: /usr/lib64/libnl-3.so.200: version `libnl_3_5' not found (required by /global/homes/b/billert/.conda/envs/gpu_orm_minimal/lib/openmpi/.././libnl-route-3.so.200) (ignored)
[nid004549:2018257] mca_base_component_repository_open: unable to open mca_btl_openib: /usr/lib64/libnl-3.so.200: version `libnl_3_5' not found (required by /global/homes/b/billert/.conda/envs/gpu_orm_minimal/lib/openmpi/.././libnl-route-3.so.200) (ignored)
[nid004549:2018282] mca_base_component_repository_open: unable to open mca_btl_openib: /usr/lib64/libnl-3.so.200: version `libnl_3_5' not found (required by /global/homes/b/billert/.conda/envs/gpu_orm_minimal/lib/openmpi/.././libnl-route-3.so.200) (ignored)
[nid004549:2018307] mca_base_component_repository_open: unable to open mca_btl_openib: /usr/lib64/libnl-3.so.200: version `libnl_3_5' not found (required by /global/homes/b/billert/.conda/envs/gpu_orm_minimal/lib/openmpi/.././libnl-route-3.so.200) (ignored)
[nid004549:2018338] mca_base_component_repository_open: unable to open mca_btl_openib: /usr/lib64/libnl-3.so.200: version `libnl_3_5' not found (required by /global/homes/b/billert/.conda/envs/gpu_orm_minimal/lib/openmpi/.././libnl-route-3.so.200) (ignored)
[nid004549:2018268] mca_base_component_repository_open: unable to open mca_btl_openib: /usr/lib64/libnl-3.so.200: version `libnl_3_5' not found (required by /global/homes/b/billert/.conda/envs/gpu_orm_minimal/lib/openmpi/.././libnl-route-3.so.200) (ignored)
[nid004549:2018152] mca_base_component_repository_open: unable to open mca_btl_openib: /usr/lib64/libnl-3.so.200: version `libnl_3_5' not found (required by /global/homes/b/billert/.conda/envs/gpu_orm_minimal/lib/openmpi/.././libnl-route-3.so.200) (ignored)
[nid004549:2018146] mca_base_component_repository_open: unable to open mca_btl_openib: /usr/lib64/libnl-3.so.200: version `libnl_3_5' not found (required by /global/homes/b/billert/.conda/envs/gpu_orm_minimal/lib/openmpi/.././libnl-route-3.so.200) (ignored)
[nid004549:2018155] mca_base_component_repository_open: unable to open mca_btl_openib: /usr/lib64/libnl-3.so.200: version `libnl_3_5' not found (required by /global/homes/b/billert/.conda/envs/gpu_orm_minimal/lib/openmpi/.././libnl-route-3.so.200) (ignored)
[nid004549:2018347] mca_base_component_repository_open: unable to open mca_btl_openib: /usr/lib64/libnl-3.so.200: version `libnl_3_5' not found (required by /global/homes/b/billert/.conda/envs/gpu_orm_minimal/lib/openmpi/.././libnl-route-3.so.200) (ignored)
[nid004549:2018340] mca_base_component_repository_open: unable to open mca_btl_openib: /usr/lib64/libnl-3.so.200: version `libnl_3_5' not found (required by /global/homes/b/billert/.conda/envs/gpu_orm_minimal/lib/openmpi/.././libnl-route-3.so.200) (ignored)
[nid004549:2018318] mca_base_component_repository_open: unable to open mca_btl_openib: /usr/lib64/libnl-3.so.200: version `libnl_3_5' not found (required by /global/homes/b/billert/.conda/envs/gpu_orm_minimal/lib/openmpi/.././libnl-route-3.so.200) (ignored)
[nid004549:2018134] mca_base_component_repository_open: unable to open mca_btl_openib: /usr/lib64/libnl-3.so.200: version `libnl_3_5' not found (required by /global/homes/b/billert/.conda/envs/gpu_orm_minimal/lib/openmpi/.././libnl-route-3.so.200) (ignored)
[nid004549:2018206] mca_base_component_repository_open: unable to open mca_btl_openib: /usr/lib64/libnl-3.so.200: version `libnl_3_5' not found (required by /global/homes/b/billert/.conda/envs/gpu_orm_minimal/lib/openmpi/.././libnl-route-3.so.200) (ignored)
[nid004549:2018256] mca_base_component_repository_open: unable to open mca_btl_openib: /usr/lib64/libnl-3.so.200: version `libnl_3_5' not found (required by /global/homes/b/billert/.conda/envs/gpu_orm_minimal/lib/openmpi/.././libnl-route-3.so.200) (ignored)
[nid004549:2018288] mca_base_component_repository_open: unable to open mca_btl_openib: /usr/lib64/libnl-3.so.200: version `libnl_3_5' not found (required by /global/homes/b/billert/.conda/envs/gpu_orm_minimal/lib/openmpi/.././libnl-route-3.so.200) (ignored)
[nid004549:2018284] mca_base_component_repository_open: unable to open mca_btl_openib: /usr/lib64/libnl-3.so.200: version `libnl_3_5' not found (required by /global/homes/b/billert/.conda/envs/gpu_orm_minimal/lib/openmpi/.././libnl-route-3.so.200) (ignored)
[nid004549:2018097] mca_base_component_repository_open: unable to open mca_btl_openib: /usr/lib64/libnl-3.so.200: version `libnl_3_5' not found (required by /global/homes/b/billert/.conda/envs/gpu_orm_minimal/lib/openmpi/.././libnl-route-3.so.200) (ignored)
[nid004549:2018101] mca_base_component_repository_open: unable to open mca_btl_openib: /usr/lib64/libnl-3.so.200: version `libnl_3_5' not found (required by /global/homes/b/billert/.conda/envs/gpu_orm_minimal/lib/openmpi/.././libnl-route-3.so.200) (ignored)
[nid004549:2018114] mca_base_component_repository_open: unable to open mca_btl_openib: /usr/lib64/libnl-3.so.200: version `libnl_3_5' not found (required by /global/homes/b/billert/.conda/envs/gpu_orm_minimal/lib/openmpi/.././libnl-route-3.so.200) (ignored)
[nid004549:2018091] mca_base_component_repository_open: unable to open mca_btl_openib: /usr/lib64/libnl-3.so.200: version `libnl_3_5' not found (required by /global/homes/b/billert/.conda/envs/gpu_orm_minimal/lib/openmpi/.././libnl-route-3.so.200) (ignored)
[nid004549:2018276] mca_base_component_repository_open: unable to open mca_btl_openib: /usr/lib64/libnl-3.so.200: version `libnl_3_5' not found (required by /global/homes/b/billert/.conda/envs/gpu_orm_minimal/lib/openmpi/.././libnl-route-3.so.200) (ignored)
[nid004549:2018124] mca_base_component_repository_open: unable to open mca_btl_openib: /usr/lib64/libnl-3.so.200: version `libnl_3_5' not found (required by /global/homes/b/billert/.conda/envs/gpu_orm_minimal/lib/openmpi/.././libnl-route-3.so.200) (ignored)
[nid004549:2018200] mca_base_component_repository_open: unable to open mca_btl_openib: /usr/lib64/libnl-3.so.200: version `libnl_3_5' not found (required by /global/homes/b/billert/.conda/envs/gpu_orm_minimal/lib/openmpi/.././libnl-route-3.so.200) (ignored)
[nid004549:2018309] mca_base_component_repository_open: unable to open mca_btl_openib: /usr/lib64/libnl-3.so.200: version `libnl_3_5' not found (required by /global/homes/b/billert/.conda/envs/gpu_orm_minimal/lib/openmpi/.././libnl-route-3.so.200) (ignored)
[nid004549:2018136] mca_base_component_repository_open: unable to open mca_btl_openib: /usr/lib64/libnl-3.so.200: version `libnl_3_5' not found (required by /global/homes/b/billert/.conda/envs/gpu_orm_minimal/lib/openmpi/.././libnl-route-3.so.200) (ignored)
[nid004549:2018348] mca_base_component_repository_open: unable to open mca_btl_openib: /usr/lib64/libnl-3.so.200: version `libnl_3_5' not found (required by /global/homes/b/billert/.conda/envs/gpu_orm_minimal/lib/openmpi/.././libnl-route-3.so.200) (ignored)
[nid004549:2018094] mca_base_component_repository_open: unable to open mca_btl_openib: /usr/lib64/libnl-3.so.200: version `libnl_3_5' not found (required by /global/homes/b/billert/.conda/envs/gpu_orm_minimal/lib/openmpi/.././libnl-route-3.so.200) (ignored)
[nid004549:2018238] mca_base_component_repository_open: unable to open mca_btl_openib: /usr/lib64/libnl-3.so.200: version `libnl_3_5' not found (required by /global/homes/b/billert/.conda/envs/gpu_orm_minimal/lib/openmpi/.././libnl-route-3.so.200) (ignored)
[nid004549:2018287] mca_base_component_repository_open: unable to open mca_btl_openib: /usr/lib64/libnl-3.so.200: version `libnl_3_5' not found (required by /global/homes/b/billert/.conda/envs/gpu_orm_minimal/lib/openmpi/.././libnl-route-3.so.200) (ignored)
[nid004549:2018242] mca_base_component_repository_open: unable to open mca_btl_openib: /usr/lib64/libnl-3.so.200: version `libnl_3_5' not found (required by /global/homes/b/billert/.conda/envs/gpu_orm_minimal/lib/openmpi/.././libnl-route-3.so.200) (ignored)
[nid004549:2018317] mca_base_component_repository_open: unable to open mca_btl_openib: /usr/lib64/libnl-3.so.200: version `libnl_3_5' not found (required by /global/homes/b/billert/.conda/envs/gpu_orm_minimal/lib/openmpi/.././libnl-route-3.so.200) (ignored)
[nid004549:2018164] mca_base_component_repository_open: unable to open mca_btl_openib: /usr/lib64/libnl-3.so.200: version `libnl_3_5' not found (required by /global/homes/b/billert/.conda/envs/gpu_orm_minimal/lib/openmpi/.././libnl-route-3.so.200) (ignored)
[nid004549:2018215] mca_base_component_repository_open: unable to open mca_btl_openib: /usr/lib64/libnl-3.so.200: version `libnl_3_5' not found (required by /global/homes/b/billert/.conda/envs/gpu_orm_minimal/lib/openmpi/.././libnl-route-3.so.200) (ignored)
[nid004549:2018352] mca_base_component_repository_open: unable to open mca_btl_openib: /usr/lib64/libnl-3.so.200: version `libnl_3_5' not found (required by /global/homes/b/billert/.conda/envs/gpu_orm_minimal/lib/openmpi/.././libnl-route-3.so.200) (ignored)
[nid004549:2018344] mca_base_component_repository_open: unable to open mca_btl_openib: /usr/lib64/libnl-3.so.200: version `libnl_3_5' not found (required by /global/homes/b/billert/.conda/envs/gpu_orm_minimal/lib/openmpi/.././libnl-route-3.so.200) (ignored)
[nid004549:2018156] mca_base_component_repository_open: unable to open mca_btl_openib: /usr/lib64/libnl-3.so.200: version `libnl_3_5' not found (required by /global/homes/b/billert/.conda/envs/gpu_orm_minimal/lib/openmpi/.././libnl-route-3.so.200) (ignored)
[nid004549:2018280] mca_base_component_repository_open: unable to open mca_btl_openib: /usr/lib64/libnl-3.so.200: version `libnl_3_5' not found (required by /global/homes/b/billert/.conda/envs/gpu_orm_minimal/lib/openmpi/.././libnl-route-3.so.200) (ignored)
[nid004549:2018090] mca_base_component_repository_open: unable to open mca_btl_openib: /usr/lib64/libnl-3.so.200: version `libnl_3_5' not found (required by /global/homes/b/billert/.conda/envs/gpu_orm_minimal/lib/openmpi/.././libnl-route-3.so.200) (ignored)
[nid004549:2018159] mca_base_component_repository_open: unable to open mca_btl_openib: /usr/lib64/libnl-3.so.200: version `libnl_3_5' not found (required by /global/homes/b/billert/.conda/envs/gpu_orm_minimal/lib/openmpi/.././libnl-route-3.so.200) (ignored)
[nid004549:2018172] mca_base_component_repository_open: unable to open mca_btl_openib: /usr/lib64/libnl-3.so.200: version `libnl_3_5' not found (required by /global/homes/b/billert/.conda/envs/gpu_orm_minimal/lib/openmpi/.././libnl-route-3.so.200) (ignored)
[nid004549:2018198] mca_base_component_repository_open: unable to open mca_btl_openib: /usr/lib64/libnl-3.so.200: version `libnl_3_5' not found (required by /global/homes/b/billert/.conda/envs/gpu_orm_minimal/lib/openmpi/.././libnl-route-3.so.200) (ignored)
[nid004549:2018126] mca_base_component_repository_open: unable to open mca_btl_openib: /usr/lib64/libnl-3.so.200: version `libnl_3_5' not found (required by /global/homes/b/billert/.conda/envs/gpu_orm_minimal/lib/openmpi/.././libnl-route-3.so.200) (ignored)
[nid004549:2018244] mca_base_component_repository_open: unable to open mca_btl_openib: /usr/lib64/libnl-3.so.200: version `libnl_3_5' not found (required by /global/homes/b/billert/.conda/envs/gpu_orm_minimal/lib/openmpi/.././libnl-route-3.so.200) (ignored)
[nid004549:2018203] mca_base_component_repository_open: unable to open mca_btl_openib: /usr/lib64/libnl-3.so.200: version `libnl_3_5' not found (required by /global/homes/b/billert/.conda/envs/gpu_orm_minimal/lib/openmpi/.././libnl-route-3.so.200) (ignored)
[nid004549:2018132] mca_base_component_repository_open: unable to open mca_btl_openib: /usr/lib64/libnl-3.so.200: version `libnl_3_5' not found (required by /global/homes/b/billert/.conda/envs/gpu_orm_minimal/lib/openmpi/.././libnl-route-3.so.200) (ignored)
[nid004549:2018314] mca_base_component_repository_open: unable to open mca_btl_openib: /usr/lib64/libnl-3.so.200: version `libnl_3_5' not found (required by /global/homes/b/billert/.conda/envs/gpu_orm_minimal/lib/openmpi/.././libnl-route-3.so.200) (ignored)
[nid004549:2018214] mca_base_component_repository_open: unable to open mca_btl_openib: /usr/lib64/libnl-3.so.200: version `libnl_3_5' not found (required by /global/homes/b/billert/.conda/envs/gpu_orm_minimal/lib/openmpi/.././libnl-route-3.so.200) (ignored)
[nid004549:2018254] mca_base_component_repository_open: unable to open mca_btl_openib: /usr/lib64/libnl-3.so.200: version `libnl_3_5' not found (required by /global/homes/b/billert/.conda/envs/gpu_orm_minimal/lib/openmpi/.././libnl-route-3.so.200) (ignored)
[nid004549:2018121] mca_base_component_repository_open: unable to open mca_btl_openib: /usr/lib64/libnl-3.so.200: version `libnl_3_5' not found (required by /global/homes/b/billert/.conda/envs/gpu_orm_minimal/lib/openmpi/.././libnl-route-3.so.200) (ignored)
[nid004549:2018099] mca_base_component_repository_open: unable to open mca_btl_openib: /usr/lib64/libnl-3.so.200: version `libnl_3_5' not found (required by /global/homes/b/billert/.conda/envs/gpu_orm_minimal/lib/openmpi/.././libnl-route-3.so.200) (ignored)
[nid004549:2018205] mca_base_component_repository_open: unable to open mca_btl_openib: /usr/lib64/libnl-3.so.200: version `libnl_3_5' not found (required by /global/homes/b/billert/.conda/envs/gpu_orm_minimal/lib/openmpi/.././libnl-route-3.so.200) (ignored)
[nid004549:2018096] mca_base_component_repository_open: unable to open mca_btl_openib: /usr/lib64/libnl-3.so.200: version `libnl_3_5' not found (required by /global/homes/b/billert/.conda/envs/gpu_orm_minimal/lib/openmpi/.././libnl-route-3.so.200) (ignored)
[nid004549:2018278] mca_base_component_repository_open: unable to open mca_btl_openib: /usr/lib64/libnl-3.so.200: version `libnl_3_5' not found (required by /global/homes/b/billert/.conda/envs/gpu_orm_minimal/lib/openmpi/.././libnl-route-3.so.200) (ignored)
[nid004549:2018175] mca_base_component_repository_open: unable to open mca_btl_openib: /usr/lib64/libnl-3.so.200: version `libnl_3_5' not found (required by /global/homes/b/billert/.conda/envs/gpu_orm_minimal/lib/openmpi/.././libnl-route-3.so.200) (ignored)
[nid004549:2018274] mca_base_component_repository_open: unable to open mca_btl_openib: /usr/lib64/libnl-3.so.200: version `libnl_3_5' not found (required by /global/homes/b/billert/.conda/envs/gpu_orm_minimal/lib/openmpi/.././libnl-route-3.so.200) (ignored)
[nid004549:2018330] mca_base_component_repository_open: unable to open mca_btl_openib: /usr/lib64/libnl-3.so.200: version `libnl_3_5' not found (required by /global/homes/b/billert/.conda/envs/gpu_orm_minimal/lib/openmpi/.././libnl-route-3.so.200) (ignored)
[nid004549:2018320] mca_base_component_repository_open: unable to open mca_btl_openib: /usr/lib64/libnl-3.so.200: version `libnl_3_5' not found (required by /global/homes/b/billert/.conda/envs/gpu_orm_minimal/lib/openmpi/.././libnl-route-3.so.200) (ignored)
[nid004549:2018161] mca_base_component_repository_open: unable to open mca_btl_openib: /usr/lib64/libnl-3.so.200: version `libnl_3_5' not found (required by /global/homes/b/billert/.conda/envs/gpu_orm_minimal/lib/openmpi/.././libnl-route-3.so.200) (ignored)
[nid004549:2018310] mca_base_component_repository_open: unable to open mca_btl_openib: /usr/lib64/libnl-3.so.200: version `libnl_3_5' not found (required by /global/homes/b/billert/.conda/envs/gpu_orm_minimal/lib/openmpi/.././libnl-route-3.so.200) (ignored)
[nid004549:2018248] mca_base_component_repository_open: unable to open mca_btl_openib: /usr/lib64/libnl-3.so.200: version `libnl_3_5' not found (required by /global/homes/b/billert/.conda/envs/gpu_orm_minimal/lib/openmpi/.././libnl-route-3.so.200) (ignored)
[nid004549:2018129] mca_base_component_repository_open: unable to open mca_btl_openib: /usr/lib64/libnl-3.so.200: version `libnl_3_5' not found (required by /global/homes/b/billert/.conda/envs/gpu_orm_minimal/lib/openmpi/.././libnl-route-3.so.200) (ignored)
[nid004549:2018127] mca_base_component_repository_open: unable to open mca_btl_openib: /usr/lib64/libnl-3.so.200: version `libnl_3_5' not found (required by /global/homes/b/billert/.conda/envs/gpu_orm_minimal/lib/openmpi/.././libnl-route-3.so.200) (ignored)
[nid004549:2018246] mca_base_component_repository_open: unable to open mca_btl_openib: /usr/lib64/libnl-3.so.200: version `libnl_3_5' not found (required by /global/homes/b/billert/.conda/envs/gpu_orm_minimal/lib/openmpi/.././libnl-route-3.so.200) (ignored)
[nid004549:2018169] mca_base_component_repository_open: unable to open mca_btl_openib: /usr/lib64/libnl-3.so.200: version `libnl_3_5' not found (required by /global/homes/b/billert/.conda/envs/gpu_orm_minimal/lib/openmpi/.././libnl-route-3.so.200) (ignored)
[nid004549:2018312] mca_base_component_repository_open: unable to open mca_btl_openib: /usr/lib64/libnl-3.so.200: version `libnl_3_5' not found (required by /global/homes/b/billert/.conda/envs/gpu_orm_minimal/lib/openmpi/.././libnl-route-3.so.200) (ignored)
[nid004549:2018104] mca_base_component_repository_open: unable to open mca_btl_openib: /usr/lib64/libnl-3.so.200: version `libnl_3_5' not found (required by /global/homes/b/billert/.conda/envs/gpu_orm_minimal/lib/openmpi/.././libnl-route-3.so.200) (ignored)
Interpolating fields...
Prepare initial conditions
Begin particle tracking...
slurmstepd: error: *** STEP 39047744.0 ON nid004549 CANCELLED AT 2025-05-27T20:51:03 ***
srun: Job step aborted: Waiting up to 32 seconds for job step to finish.
slurmstepd: error: *** JOB 39047744 ON nid004549 CANCELLED AT 2025-05-27T20:51:03 ***
